[0.019s] Invoking command in '/home/om/navros_ws/src/build/navros_description': CMAKE_PREFIX_PATH=${CMAKE_PREFIX_PATH}:/home/om/navros_ws/install/serial_motor_demo:/home/om/parrot_ws/install/parrot_v1_examples:/home/om/parrot_ws/install/parrot_v1_comms_test:/home/om/parrot_ws/install/parrot_cv_model:/home/om/ros2_udemy_manipulator_ws/install/arduinobot_py_examples:/home/om/parrot_ws/src/install/parrot_v1_examples:/home/om/parrot_ws/src/install/parrot_v1_comms_test:/home/om/ros2_ws/install/turtlesim_catch_them_all:/home/om/ros2_ws/install/my_py_pkg:/opt/ros/humble /usr/bin/cmake /home/om/navros_ws/src/navros_description -DCMAKE_INSTALL_PREFIX=/home/om/navros_ws/src/install/navros_description
[0.097s] -- The C compiler identification is GNU 11.4.0
[0.160s] -- The CXX compiler identification is GNU 11.4.0
[0.169s] -- Detecting C compiler ABI info
[0.240s] -- Detecting C compiler ABI info - done
[0.246s] -- Check for working C compiler: /usr/bin/cc - skipped
[0.246s] -- Detecting C compile features
[0.246s] -- Detecting C compile features - done
[0.249s] -- Detecting CXX compiler ABI info
[0.326s] -- Detecting CXX compiler ABI info - done
[0.331s] -- Check for working CXX compiler: /usr/bin/c++ - skipped
[0.331s] -- Detecting CXX compile features
[0.332s] -- Detecting CXX compile features - done
[0.345s] -- Found ament_cmake: 1.3.9 (/opt/ros/humble/share/ament_cmake/cmake)
[0.752s] -- Found Python3: /usr/bin/python3 (found version "3.10.12") found components: Interpreter 
[0.978s] -- Configuring done
[0.981s] -- Generating done
[0.982s] -- Build files have been written to: /home/om/navros_ws/src/build/navros_description
[0.987s] Invoked command in '/home/om/navros_ws/src/build/navros_description' returned '0': CMAKE_PREFIX_PATH=${CMAKE_PREFIX_PATH}:/home/om/navros_ws/install/serial_motor_demo:/home/om/parrot_ws/install/parrot_v1_examples:/home/om/parrot_ws/install/parrot_v1_comms_test:/home/om/parrot_ws/install/parrot_cv_model:/home/om/ros2_udemy_manipulator_ws/install/arduinobot_py_examples:/home/om/parrot_ws/src/install/parrot_v1_examples:/home/om/parrot_ws/src/install/parrot_v1_comms_test:/home/om/ros2_ws/install/turtlesim_catch_them_all:/home/om/ros2_ws/install/my_py_pkg:/opt/ros/humble /usr/bin/cmake /home/om/navros_ws/src/navros_description -DCMAKE_INSTALL_PREFIX=/home/om/navros_ws/src/install/navros_description
[0.988s] Invoking command in '/home/om/navros_ws/src/build/navros_description': CMAKE_PREFIX_PATH=${CMAKE_PREFIX_PATH}:/home/om/navros_ws/install/serial_motor_demo:/home/om/parrot_ws/install/parrot_v1_examples:/home/om/parrot_ws/install/parrot_v1_comms_test:/home/om/parrot_ws/install/parrot_cv_model:/home/om/ros2_udemy_manipulator_ws/install/arduinobot_py_examples:/home/om/parrot_ws/src/install/parrot_v1_examples:/home/om/parrot_ws/src/install/parrot_v1_comms_test:/home/om/ros2_ws/install/turtlesim_catch_them_all:/home/om/ros2_ws/install/my_py_pkg:/opt/ros/humble /usr/bin/cmake --build /home/om/navros_ws/src/build/navros_description -- -j16 -l16
[1.036s] Invoked command in '/home/om/navros_ws/src/build/navros_description' returned '0': CMAKE_PREFIX_PATH=${CMAKE_PREFIX_PATH}:/home/om/navros_ws/install/serial_motor_demo:/home/om/parrot_ws/install/parrot_v1_examples:/home/om/parrot_ws/install/parrot_v1_comms_test:/home/om/parrot_ws/install/parrot_cv_model:/home/om/ros2_udemy_manipulator_ws/install/arduinobot_py_examples:/home/om/parrot_ws/src/install/parrot_v1_examples:/home/om/parrot_ws/src/install/parrot_v1_comms_test:/home/om/ros2_ws/install/turtlesim_catch_them_all:/home/om/ros2_ws/install/my_py_pkg:/opt/ros/humble /usr/bin/cmake --build /home/om/navros_ws/src/build/navros_description -- -j16 -l16
[1.074s] Invoking command in '/home/om/navros_ws/src/build/navros_description': CMAKE_PREFIX_PATH=${CMAKE_PREFIX_PATH}:/home/om/navros_ws/install/serial_motor_demo:/home/om/parrot_ws/install/parrot_v1_examples:/home/om/parrot_ws/install/parrot_v1_comms_test:/home/om/parrot_ws/install/parrot_cv_model:/home/om/ros2_udemy_manipulator_ws/install/arduinobot_py_examples:/home/om/parrot_ws/src/install/parrot_v1_examples:/home/om/parrot_ws/src/install/parrot_v1_comms_test:/home/om/ros2_ws/install/turtlesim_catch_them_all:/home/om/ros2_ws/install/my_py_pkg:/opt/ros/humble /usr/bin/cmake --install /home/om/navros_ws/src/build/navros_description
[1.084s] -- Install configuration: ""
[1.084s] -- Installing: /home/om/navros_ws/src/install/navros_description/share/navros_description//urdf
[1.084s] -- Installing: /home/om/navros_ws/src/install/navros_description/share/navros_description//urdf/navros_main.urdf.xacro
[1.084s] -- Installing: /home/om/navros_ws/src/install/navros_description/share/navros_description//urdf/ros2_control.xacro
[1.085s] -- Installing: /home/om/navros_ws/src/install/navros_description/share/navros_description//urdf/navros_base.xacro
[1.085s] -- Installing: /home/om/navros_ws/src/install/navros_description/share/navros_description//urdf/navros_gazebo.xacro
[1.085s] -- Installing: /home/om/navros_ws/src/install/navros_description/share/navros_description//urdf/common_properties.xacro
[1.085s] -- Installing: /home/om/navros_ws/src/install/navros_description/share/navros_description//launch
[1.085s] -- Installing: /home/om/navros_ws/src/install/navros_description/share/navros_description//launch/navros.launch.xml
[1.086s] -- Installing: /home/om/navros_ws/src/install/navros_description/share/navros_description//rviz
[1.086s] -- Installing: /home/om/navros_ws/src/install/navros_description/share/navros_description//rviz/navros.rviz
[1.086s] -- Installing: /home/om/navros_ws/src/install/navros_description/share/navros_description//config
[1.086s] -- Installing: /home/om/navros_ws/src/install/navros_description/share/navros_description//config/gazebo_params.yaml
[1.086s] -- Installing: /home/om/navros_ws/src/install/navros_description/share/navros_description//config/my_controllers.yaml
[1.087s] -- Installing: /home/om/navros_ws/src/install/navros_description/share/ament_index/resource_index/package_run_dependencies/navros_description
[1.087s] -- Installing: /home/om/navros_ws/src/install/navros_description/share/ament_index/resource_index/parent_prefix_path/navros_description
[1.088s] -- Installing: /home/om/navros_ws/src/install/navros_description/share/navros_description/environment/ament_prefix_path.sh
[1.088s] -- Installing: /home/om/navros_ws/src/install/navros_description/share/navros_description/environment/ament_prefix_path.dsv
[1.088s] -- Installing: /home/om/navros_ws/src/install/navros_description/share/navros_description/environment/path.sh
[1.088s] -- Installing: /home/om/navros_ws/src/install/navros_description/share/navros_description/environment/path.dsv
[1.088s] -- Installing: /home/om/navros_ws/src/install/navros_description/share/navros_description/local_setup.bash
[1.088s] -- Installing: /home/om/navros_ws/src/install/navros_description/share/navros_description/local_setup.sh
[1.088s] -- Installing: /home/om/navros_ws/src/install/navros_description/share/navros_description/local_setup.zsh
[1.088s] -- Installing: /home/om/navros_ws/src/install/navros_description/share/navros_description/local_setup.dsv
[1.089s] -- Installing: /home/om/navros_ws/src/install/navros_description/share/navros_description/package.dsv
[1.089s] -- Installing: /home/om/navros_ws/src/install/navros_description/share/ament_index/resource_index/packages/navros_description
[1.089s] -- Installing: /home/om/navros_ws/src/install/navros_description/share/navros_description/cmake/navros_descriptionConfig.cmake
[1.089s] -- Installing: /home/om/navros_ws/src/install/navros_description/share/navros_description/cmake/navros_descriptionConfig-version.cmake
[1.089s] -- Installing: /home/om/navros_ws/src/install/navros_description/share/navros_description/package.xml
[1.091s] Invoked command in '/home/om/navros_ws/src/build/navros_description' returned '0': CMAKE_PREFIX_PATH=${CMAKE_PREFIX_PATH}:/home/om/navros_ws/install/serial_motor_demo:/home/om/parrot_ws/install/parrot_v1_examples:/home/om/parrot_ws/install/parrot_v1_comms_test:/home/om/parrot_ws/install/parrot_cv_model:/home/om/ros2_udemy_manipulator_ws/install/arduinobot_py_examples:/home/om/parrot_ws/src/install/parrot_v1_examples:/home/om/parrot_ws/src/install/parrot_v1_comms_test:/home/om/ros2_ws/install/turtlesim_catch_them_all:/home/om/ros2_ws/install/my_py_pkg:/opt/ros/humble /usr/bin/cmake --install /home/om/navros_ws/src/build/navros_description
