[0.115s] DEBUG:colcon:Command line arguments: ['/usr/bin/colcon', 'build']
[0.115s] DEBUG:colcon:Parsed command line arguments: Namespace(log_base=None, log_level=None, verb_name='build', build_base='build', install_base='install', merge_install=False, symlink_install=False, test_result_base=None, continue_on_error=False, executor='parallel', parallel_workers=16, event_handlers=None, ignore_user_meta=False, metas=['./colcon.meta'], base_paths=['.'], packages_ignore=None, packages_ignore_regex=None, paths=None, packages_up_to=None, packages_up_to_regex=None, packages_above=None, packages_above_and_dependencies=None, packages_above_depth=None, packages_select_by_dep=None, packages_skip_by_dep=None, packages_skip_up_to=None, packages_select_build_failed=False, packages_skip_build_finished=False, packages_select_test_failures=False, packages_skip_test_passed=False, packages_select=None, packages_skip=None, packages_select_regex=None, packages_skip_regex=None, packages_start=None, packages_end=None, allow_overriding=[], cmake_args=None, cmake_target=None, cmake_target_skip_unavailable=False, cmake_clean_cache=False, cmake_clean_first=False, cmake_force_configure=False, ament_cmake_args=None, catkin_cmake_args=None, catkin_skip_building_tests=False, mixin_files=None, mixin=None, verb_parser=<colcon_mixin.mixin.mixin_argument.MixinArgumentDecorator object at 0x7b44f5e60040>, verb_extension=<colcon_core.verb.build.BuildVerb object at 0x7b44f5e2b5b0>, main=<bound method BuildVerb.main of <colcon_core.verb.build.BuildVerb object at 0x7b44f5e2b5b0>>, mixin_verb=('build',))
[0.149s] Level 1:colcon.colcon_core.package_discovery:discover_packages(colcon_meta) check parameters
[0.149s] Level 1:colcon.colcon_core.package_discovery:discover_packages(recursive) check parameters
[0.149s] Level 1:colcon.colcon_core.package_discovery:discover_packages(ignore) check parameters
[0.149s] Level 1:colcon.colcon_core.package_discovery:discover_packages(path) check parameters
[0.149s] Level 1:colcon.colcon_core.package_discovery:discover_packages(colcon_meta) discover
[0.149s] Level 1:colcon.colcon_core.package_discovery:discover_packages(recursive) discover
[0.149s] INFO:colcon.colcon_core.package_discovery:Crawling recursively for packages in '/home/om/navros_ws/src'
[0.149s] Level 1:colcon.colcon_core.package_identification:_identify(.) by extensions ['ignore', 'ignore_ament_install']
[0.149s] Level 1:colcon.colcon_core.package_identification:_identify(.) by extension 'ignore'
[0.149s] Level 1:colcon.colcon_core.package_identification:_identify(.) by extension 'ignore_ament_install'
[0.150s] Level 1:colcon.colcon_core.package_identification:_identify(.) by extensions ['colcon_pkg']
[0.150s] Level 1:colcon.colcon_core.package_identification:_identify(.) by extension 'colcon_pkg'
[0.150s] Level 1:colcon.colcon_core.package_identification:_identify(.) by extensions ['colcon_meta']
[0.150s] Level 1:colcon.colcon_core.package_identification:_identify(.) by extension 'colcon_meta'
[0.150s] Level 1:colcon.colcon_core.package_identification:_identify(.) by extensions ['ros']
[0.150s] Level 1:colcon.colcon_core.package_identification:_identify(.) by extension 'ros'
[0.162s] Level 1:colcon.colcon_core.package_identification:_identify(.) by extensions ['cmake', 'python']
[0.162s] Level 1:colcon.colcon_core.package_identification:_identify(.) by extension 'cmake'
[0.162s] Level 1:colcon.colcon_core.package_identification:_identify(.) by extension 'python'
[0.162s] Level 1:colcon.colcon_core.package_identification:_identify(.) by extensions ['python_setup_py']
[0.162s] Level 1:colcon.colcon_core.package_identification:_identify(.) by extension 'python_setup_py'
[0.162s] Level 1:colcon.colcon_core.package_identification:_identify(build) by extensions ['ignore', 'ignore_ament_install']
[0.162s] Level 1:colcon.colcon_core.package_identification:_identify(build) by extension 'ignore'
[0.162s] Level 1:colcon.colcon_core.package_identification:_identify(build) ignored
[0.162s] Level 1:colcon.colcon_core.package_identification:_identify(install) by extensions ['ignore', 'ignore_ament_install']
[0.162s] Level 1:colcon.colcon_core.package_identification:_identify(install) by extension 'ignore'
[0.162s] Level 1:colcon.colcon_core.package_identification:_identify(install) ignored
[0.162s] Level 1:colcon.colcon_core.package_identification:_identify(log) by extensions ['ignore', 'ignore_ament_install']
[0.162s] Level 1:colcon.colcon_core.package_identification:_identify(log) by extension 'ignore'
[0.162s] Level 1:colcon.colcon_core.package_identification:_identify(log) ignored
[0.162s] Level 1:colcon.colcon_core.package_identification:_identify(navros_bringup) by extensions ['ignore', 'ignore_ament_install']
[0.162s] Level 1:colcon.colcon_core.package_identification:_identify(navros_bringup) by extension 'ignore'
[0.163s] Level 1:colcon.colcon_core.package_identification:_identify(navros_bringup) by extension 'ignore_ament_install'
[0.163s] Level 1:colcon.colcon_core.package_identification:_identify(navros_bringup) by extensions ['colcon_pkg']
[0.163s] Level 1:colcon.colcon_core.package_identification:_identify(navros_bringup) by extension 'colcon_pkg'
[0.163s] Level 1:colcon.colcon_core.package_identification:_identify(navros_bringup) by extensions ['colcon_meta']
[0.163s] Level 1:colcon.colcon_core.package_identification:_identify(navros_bringup) by extension 'colcon_meta'
[0.163s] Level 1:colcon.colcon_core.package_identification:_identify(navros_bringup) by extensions ['ros']
[0.163s] Level 1:colcon.colcon_core.package_identification:_identify(navros_bringup) by extension 'ros'
[0.165s] DEBUG:colcon.colcon_core.package_identification:Package 'navros_bringup' with type 'ros.ament_cmake' and name 'navros_bringup'
[0.165s] Level 1:colcon.colcon_core.package_identification:_identify(navros_description) by extensions ['ignore', 'ignore_ament_install']
[0.165s] Level 1:colcon.colcon_core.package_identification:_identify(navros_description) by extension 'ignore'
[0.165s] Level 1:colcon.colcon_core.package_identification:_identify(navros_description) by extension 'ignore_ament_install'
[0.165s] Level 1:colcon.colcon_core.package_identification:_identify(navros_description) by extensions ['colcon_pkg']
[0.166s] Level 1:colcon.colcon_core.package_identification:_identify(navros_description) by extension 'colcon_pkg'
[0.166s] Level 1:colcon.colcon_core.package_identification:_identify(navros_description) by extensions ['colcon_meta']
[0.166s] Level 1:colcon.colcon_core.package_identification:_identify(navros_description) by extension 'colcon_meta'
[0.166s] Level 1:colcon.colcon_core.package_identification:_identify(navros_description) by extensions ['ros']
[0.166s] Level 1:colcon.colcon_core.package_identification:_identify(navros_description) by extension 'ros'
[0.166s] DEBUG:colcon.colcon_core.package_identification:Package 'navros_description' with type 'ros.ament_cmake' and name 'navros_description'
[0.166s] Level 1:colcon.colcon_core.package_identification:_identify(navros_firmware) by extensions ['ignore', 'ignore_ament_install']
[0.166s] Level 1:colcon.colcon_core.package_identification:_identify(navros_firmware) by extension 'ignore'
[0.166s] Level 1:colcon.colcon_core.package_identification:_identify(navros_firmware) by extension 'ignore_ament_install'
[0.167s] Level 1:colcon.colcon_core.package_identification:_identify(navros_firmware) by extensions ['colcon_pkg']
[0.167s] Level 1:colcon.colcon_core.package_identification:_identify(navros_firmware) by extension 'colcon_pkg'
[0.167s] Level 1:colcon.colcon_core.package_identification:_identify(navros_firmware) by extensions ['colcon_meta']
[0.167s] Level 1:colcon.colcon_core.package_identification:_identify(navros_firmware) by extension 'colcon_meta'
[0.167s] Level 1:colcon.colcon_core.package_identification:_identify(navros_firmware) by extensions ['ros']
[0.167s] Level 1:colcon.colcon_core.package_identification:_identify(navros_firmware) by extension 'ros'
[0.167s] DEBUG:colcon.colcon_core.package_identification:Package 'navros_firmware' with type 'ros.ament_cmake' and name 'navros_firmware'
[0.167s] Level 1:colcon.colcon_core.package_identification:_identify(navros_remote) by extensions ['ignore', 'ignore_ament_install']
[0.167s] Level 1:colcon.colcon_core.package_identification:_identify(navros_remote) by extension 'ignore'
[0.167s] Level 1:colcon.colcon_core.package_identification:_identify(navros_remote) by extension 'ignore_ament_install'
[0.167s] Level 1:colcon.colcon_core.package_identification:_identify(navros_remote) by extensions ['colcon_pkg']
[0.167s] Level 1:colcon.colcon_core.package_identification:_identify(navros_remote) by extension 'colcon_pkg'
[0.167s] Level 1:colcon.colcon_core.package_identification:_identify(navros_remote) by extensions ['colcon_meta']
[0.167s] Level 1:colcon.colcon_core.package_identification:_identify(navros_remote) by extension 'colcon_meta'
[0.167s] Level 1:colcon.colcon_core.package_identification:_identify(navros_remote) by extensions ['ros']
[0.167s] Level 1:colcon.colcon_core.package_identification:_identify(navros_remote) by extension 'ros'
[0.168s] DEBUG:colcon.colcon_core.package_identification:Package 'navros_remote' with type 'ros.ament_cmake' and name 'navros_remote'
[0.168s] Level 1:colcon.colcon_core.package_identification:_identify(serial_motor_demo) by extensions ['ignore', 'ignore_ament_install']
[0.168s] Level 1:colcon.colcon_core.package_identification:_identify(serial_motor_demo) by extension 'ignore'
[0.168s] Level 1:colcon.colcon_core.package_identification:_identify(serial_motor_demo) by extension 'ignore_ament_install'
[0.168s] Level 1:colcon.colcon_core.package_identification:_identify(serial_motor_demo) by extensions ['colcon_pkg']
[0.168s] Level 1:colcon.colcon_core.package_identification:_identify(serial_motor_demo) by extension 'colcon_pkg'
[0.168s] Level 1:colcon.colcon_core.package_identification:_identify(serial_motor_demo) by extensions ['colcon_meta']
[0.168s] Level 1:colcon.colcon_core.package_identification:_identify(serial_motor_demo) by extension 'colcon_meta'
[0.168s] Level 1:colcon.colcon_core.package_identification:_identify(serial_motor_demo) by extensions ['ros']
[0.168s] Level 1:colcon.colcon_core.package_identification:_identify(serial_motor_demo) by extension 'ros'
[0.169s] DEBUG:colcon.colcon_core.package_identification:Package 'serial_motor_demo' with type 'ros.ament_python' and name 'serial_motor_demo'
[0.169s] Level 1:colcon.colcon_core.package_identification:_identify(serial_motor_demo_msgs) by extensions ['ignore', 'ignore_ament_install']
[0.169s] Level 1:colcon.colcon_core.package_identification:_identify(serial_motor_demo_msgs) by extension 'ignore'
[0.169s] Level 1:colcon.colcon_core.package_identification:_identify(serial_motor_demo_msgs) by extension 'ignore_ament_install'
[0.169s] Level 1:colcon.colcon_core.package_identification:_identify(serial_motor_demo_msgs) by extensions ['colcon_pkg']
[0.169s] Level 1:colcon.colcon_core.package_identification:_identify(serial_motor_demo_msgs) by extension 'colcon_pkg'
[0.169s] Level 1:colcon.colcon_core.package_identification:_identify(serial_motor_demo_msgs) by extensions ['colcon_meta']
[0.169s] Level 1:colcon.colcon_core.package_identification:_identify(serial_motor_demo_msgs) by extension 'colcon_meta'
[0.169s] Level 1:colcon.colcon_core.package_identification:_identify(serial_motor_demo_msgs) by extensions ['ros']
[0.169s] Level 1:colcon.colcon_core.package_identification:_identify(serial_motor_demo_msgs) by extension 'ros'
[0.170s] DEBUG:colcon.colcon_core.package_identification:Package 'serial_motor_demo_msgs' with type 'ros.ament_cmake' and name 'serial_motor_demo_msgs'
[0.170s] Level 1:colcon.colcon_core.package_discovery:discover_packages(recursive) using defaults
[0.170s] Level 1:colcon.colcon_core.package_discovery:discover_packages(ignore) discover
[0.170s] Level 1:colcon.colcon_core.package_discovery:discover_packages(ignore) using defaults
[0.170s] Level 1:colcon.colcon_core.package_discovery:discover_packages(path) discover
[0.170s] Level 1:colcon.colcon_core.package_discovery:discover_packages(path) using defaults
[0.188s] Level 1:colcon.colcon_core.package_discovery:discover_packages(prefix_path) check parameters
[0.188s] Level 1:colcon.colcon_core.package_discovery:discover_packages(prefix_path) discover
[0.192s] DEBUG:colcon.colcon_installed_package_information.package_discovery:Found 5 installed packages in /home/om/navros_ws/install
[0.193s] DEBUG:colcon.colcon_installed_package_information.package_discovery:Found 11 installed packages in /home/om/parrot_ws/install
[0.193s] DEBUG:colcon.colcon_installed_package_information.package_discovery:Found 10 installed packages in /home/om/ros2_udemy_manipulator_ws/install
[0.194s] DEBUG:colcon.colcon_installed_package_information.package_discovery:Found 2 installed packages in /home/om/parrot_ws/src/install
[0.194s] DEBUG:colcon.colcon_installed_package_information.package_discovery:Found 5 installed packages in /home/om/ros2_ws/install
[0.195s] DEBUG:colcon.colcon_installed_package_information.package_discovery:Found 3 installed packages in /home/om/ros2_robot/install
[0.196s] DEBUG:colcon.colcon_installed_package_information.package_discovery:Found 375 installed packages in /opt/ros/humble
[0.197s] Level 1:colcon.colcon_core.package_discovery:discover_packages(prefix_path) using defaults
[0.260s] Level 5:colcon.colcon_core.verb:set package 'navros_description' build argument 'cmake_args' from command line to 'None'
[0.261s] Level 5:colcon.colcon_core.verb:set package 'navros_description' build argument 'cmake_target' from command line to 'None'
[0.261s] Level 5:colcon.colcon_core.verb:set package 'navros_description' build argument 'cmake_target_skip_unavailable' from command line to 'False'
[0.261s] Level 5:colcon.colcon_core.verb:set package 'navros_description' build argument 'cmake_clean_cache' from command line to 'False'
[0.261s] Level 5:colcon.colcon_core.verb:set package 'navros_description' build argument 'cmake_clean_first' from command line to 'False'
[0.261s] Level 5:colcon.colcon_core.verb:set package 'navros_description' build argument 'cmake_force_configure' from command line to 'False'
[0.261s] Level 5:colcon.colcon_core.verb:set package 'navros_description' build argument 'ament_cmake_args' from command line to 'None'
[0.261s] Level 5:colcon.colcon_core.verb:set package 'navros_description' build argument 'catkin_cmake_args' from command line to 'None'
[0.261s] Level 5:colcon.colcon_core.verb:set package 'navros_description' build argument 'catkin_skip_building_tests' from command line to 'False'
[0.261s] DEBUG:colcon.colcon_core.verb:Building package 'navros_description' with the following arguments: {'ament_cmake_args': None, 'build_base': '/home/om/navros_ws/src/build/navros_description', 'catkin_cmake_args': None, 'catkin_skip_building_tests': False, 'cmake_args': None, 'cmake_clean_cache': False, 'cmake_clean_first': False, 'cmake_force_configure': False, 'cmake_target': None, 'cmake_target_skip_unavailable': False, 'install_base': '/home/om/navros_ws/src/install/navros_description', 'merge_install': False, 'path': '/home/om/navros_ws/src/navros_description', 'symlink_install': False, 'test_result_base': None}
[0.261s] Level 5:colcon.colcon_core.verb:set package 'navros_firmware' build argument 'cmake_args' from command line to 'None'
[0.261s] Level 5:colcon.colcon_core.verb:set package 'navros_firmware' build argument 'cmake_target' from command line to 'None'
[0.261s] Level 5:colcon.colcon_core.verb:set package 'navros_firmware' build argument 'cmake_target_skip_unavailable' from command line to 'False'
[0.261s] Level 5:colcon.colcon_core.verb:set package 'navros_firmware' build argument 'cmake_clean_cache' from command line to 'False'
[0.261s] Level 5:colcon.colcon_core.verb:set package 'navros_firmware' build argument 'cmake_clean_first' from command line to 'False'
[0.261s] Level 5:colcon.colcon_core.verb:set package 'navros_firmware' build argument 'cmake_force_configure' from command line to 'False'
[0.261s] Level 5:colcon.colcon_core.verb:set package 'navros_firmware' build argument 'ament_cmake_args' from command line to 'None'
[0.261s] Level 5:colcon.colcon_core.verb:set package 'navros_firmware' build argument 'catkin_cmake_args' from command line to 'None'
[0.261s] Level 5:colcon.colcon_core.verb:set package 'navros_firmware' build argument 'catkin_skip_building_tests' from command line to 'False'
[0.261s] DEBUG:colcon.colcon_core.verb:Building package 'navros_firmware' with the following arguments: {'ament_cmake_args': None, 'build_base': '/home/om/navros_ws/src/build/navros_firmware', 'catkin_cmake_args': None, 'catkin_skip_building_tests': False, 'cmake_args': None, 'cmake_clean_cache': False, 'cmake_clean_first': False, 'cmake_force_configure': False, 'cmake_target': None, 'cmake_target_skip_unavailable': False, 'install_base': '/home/om/navros_ws/src/install/navros_firmware', 'merge_install': False, 'path': '/home/om/navros_ws/src/navros_firmware', 'symlink_install': False, 'test_result_base': None}
[0.261s] Level 5:colcon.colcon_core.verb:set package 'navros_remote' build argument 'cmake_args' from command line to 'None'
[0.262s] Level 5:colcon.colcon_core.verb:set package 'navros_remote' build argument 'cmake_target' from command line to 'None'
[0.262s] Level 5:colcon.colcon_core.verb:set package 'navros_remote' build argument 'cmake_target_skip_unavailable' from command line to 'False'
[0.262s] Level 5:colcon.colcon_core.verb:set package 'navros_remote' build argument 'cmake_clean_cache' from command line to 'False'
[0.262s] Level 5:colcon.colcon_core.verb:set package 'navros_remote' build argument 'cmake_clean_first' from command line to 'False'
[0.262s] Level 5:colcon.colcon_core.verb:set package 'navros_remote' build argument 'cmake_force_configure' from command line to 'False'
[0.262s] Level 5:colcon.colcon_core.verb:set package 'navros_remote' build argument 'ament_cmake_args' from command line to 'None'
[0.262s] Level 5:colcon.colcon_core.verb:set package 'navros_remote' build argument 'catkin_cmake_args' from command line to 'None'
[0.262s] Level 5:colcon.colcon_core.verb:set package 'navros_remote' build argument 'catkin_skip_building_tests' from command line to 'False'
[0.262s] DEBUG:colcon.colcon_core.verb:Building package 'navros_remote' with the following arguments: {'ament_cmake_args': None, 'build_base': '/home/om/navros_ws/src/build/navros_remote', 'catkin_cmake_args': None, 'catkin_skip_building_tests': False, 'cmake_args': None, 'cmake_clean_cache': False, 'cmake_clean_first': False, 'cmake_force_configure': False, 'cmake_target': None, 'cmake_target_skip_unavailable': False, 'install_base': '/home/om/navros_ws/src/install/navros_remote', 'merge_install': False, 'path': '/home/om/navros_ws/src/navros_remote', 'symlink_install': False, 'test_result_base': None}
[0.262s] Level 5:colcon.colcon_core.verb:set package 'serial_motor_demo_msgs' build argument 'cmake_args' from command line to 'None'
[0.262s] Level 5:colcon.colcon_core.verb:set package 'serial_motor_demo_msgs' build argument 'cmake_target' from command line to 'None'
[0.262s] Level 5:colcon.colcon_core.verb:set package 'serial_motor_demo_msgs' build argument 'cmake_target_skip_unavailable' from command line to 'False'
[0.262s] Level 5:colcon.colcon_core.verb:set package 'serial_motor_demo_msgs' build argument 'cmake_clean_cache' from command line to 'False'
[0.262s] Level 5:colcon.colcon_core.verb:set package 'serial_motor_demo_msgs' build argument 'cmake_clean_first' from command line to 'False'
[0.262s] Level 5:colcon.colcon_core.verb:set package 'serial_motor_demo_msgs' build argument 'cmake_force_configure' from command line to 'False'
[0.262s] Level 5:colcon.colcon_core.verb:set package 'serial_motor_demo_msgs' build argument 'ament_cmake_args' from command line to 'None'
[0.262s] Level 5:colcon.colcon_core.verb:set package 'serial_motor_demo_msgs' build argument 'catkin_cmake_args' from command line to 'None'
[0.262s] Level 5:colcon.colcon_core.verb:set package 'serial_motor_demo_msgs' build argument 'catkin_skip_building_tests' from command line to 'False'
[0.262s] DEBUG:colcon.colcon_core.verb:Building package 'serial_motor_demo_msgs' with the following arguments: {'ament_cmake_args': None, 'build_base': '/home/om/navros_ws/src/build/serial_motor_demo_msgs', 'catkin_cmake_args': None, 'catkin_skip_building_tests': False, 'cmake_args': None, 'cmake_clean_cache': False, 'cmake_clean_first': False, 'cmake_force_configure': False, 'cmake_target': None, 'cmake_target_skip_unavailable': False, 'install_base': '/home/om/navros_ws/src/install/serial_motor_demo_msgs', 'merge_install': False, 'path': '/home/om/navros_ws/src/serial_motor_demo_msgs', 'symlink_install': False, 'test_result_base': None}
[0.262s] Level 5:colcon.colcon_core.verb:set package 'navros_bringup' build argument 'cmake_args' from command line to 'None'
[0.262s] Level 5:colcon.colcon_core.verb:set package 'navros_bringup' build argument 'cmake_target' from command line to 'None'
[0.262s] Level 5:colcon.colcon_core.verb:set package 'navros_bringup' build argument 'cmake_target_skip_unavailable' from command line to 'False'
[0.262s] Level 5:colcon.colcon_core.verb:set package 'navros_bringup' build argument 'cmake_clean_cache' from command line to 'False'
[0.262s] Level 5:colcon.colcon_core.verb:set package 'navros_bringup' build argument 'cmake_clean_first' from command line to 'False'
[0.262s] Level 5:colcon.colcon_core.verb:set package 'navros_bringup' build argument 'cmake_force_configure' from command line to 'False'
[0.262s] Level 5:colcon.colcon_core.verb:set package 'navros_bringup' build argument 'ament_cmake_args' from command line to 'None'
[0.263s] Level 5:colcon.colcon_core.verb:set package 'navros_bringup' build argument 'catkin_cmake_args' from command line to 'None'
[0.263s] Level 5:colcon.colcon_core.verb:set package 'navros_bringup' build argument 'catkin_skip_building_tests' from command line to 'False'
[0.263s] DEBUG:colcon.colcon_core.verb:Building package 'navros_bringup' with the following arguments: {'ament_cmake_args': None, 'build_base': '/home/om/navros_ws/src/build/navros_bringup', 'catkin_cmake_args': None, 'catkin_skip_building_tests': False, 'cmake_args': None, 'cmake_clean_cache': False, 'cmake_clean_first': False, 'cmake_force_configure': False, 'cmake_target': None, 'cmake_target_skip_unavailable': False, 'install_base': '/home/om/navros_ws/src/install/navros_bringup', 'merge_install': False, 'path': '/home/om/navros_ws/src/navros_bringup', 'symlink_install': False, 'test_result_base': None}
[0.263s] Level 5:colcon.colcon_core.verb:set package 'serial_motor_demo' build argument 'cmake_args' from command line to 'None'
[0.263s] Level 5:colcon.colcon_core.verb:set package 'serial_motor_demo' build argument 'cmake_target' from command line to 'None'
[0.263s] Level 5:colcon.colcon_core.verb:set package 'serial_motor_demo' build argument 'cmake_target_skip_unavailable' from command line to 'False'
[0.263s] Level 5:colcon.colcon_core.verb:set package 'serial_motor_demo' build argument 'cmake_clean_cache' from command line to 'False'
[0.263s] Level 5:colcon.colcon_core.verb:set package 'serial_motor_demo' build argument 'cmake_clean_first' from command line to 'False'
[0.263s] Level 5:colcon.colcon_core.verb:set package 'serial_motor_demo' build argument 'cmake_force_configure' from command line to 'False'
[0.263s] Level 5:colcon.colcon_core.verb:set package 'serial_motor_demo' build argument 'ament_cmake_args' from command line to 'None'
[0.263s] Level 5:colcon.colcon_core.verb:set package 'serial_motor_demo' build argument 'catkin_cmake_args' from command line to 'None'
[0.263s] Level 5:colcon.colcon_core.verb:set package 'serial_motor_demo' build argument 'catkin_skip_building_tests' from command line to 'False'
[0.263s] DEBUG:colcon.colcon_core.verb:Building package 'serial_motor_demo' with the following arguments: {'ament_cmake_args': None, 'build_base': '/home/om/navros_ws/src/build/serial_motor_demo', 'catkin_cmake_args': None, 'catkin_skip_building_tests': False, 'cmake_args': None, 'cmake_clean_cache': False, 'cmake_clean_first': False, 'cmake_force_configure': False, 'cmake_target': None, 'cmake_target_skip_unavailable': False, 'install_base': '/home/om/navros_ws/src/install/serial_motor_demo', 'merge_install': False, 'path': '/home/om/navros_ws/src/serial_motor_demo', 'symlink_install': False, 'test_result_base': None}
[0.263s] INFO:colcon.colcon_core.executor:Executing jobs using 'parallel' executor
[0.264s] DEBUG:colcon.colcon_parallel_executor.executor.parallel:run_until_complete
[0.264s] INFO:colcon.colcon_ros.task.ament_cmake.build:Building ROS package in '/home/om/navros_ws/src/navros_description' with build type 'ament_cmake'
[0.264s] INFO:colcon.colcon_cmake.task.cmake.build:Building CMake package in '/home/om/navros_ws/src/navros_description'
[0.267s] INFO:colcon.colcon_core.plugin_system:Skipping extension 'colcon_core.shell.bat': Not used on non-Windows systems
[0.267s] INFO:colcon.colcon_core.shell:Skip shell extension 'powershell' for command environment: Not usable outside of PowerShell
[0.268s] DEBUG:colcon.colcon_core.shell:Skip shell extension 'dsv' for command environment
[0.274s] INFO:colcon.colcon_ros.task.ament_cmake.build:Building ROS package in '/home/om/navros_ws/src/serial_motor_demo_msgs' with build type 'ament_cmake'
[0.274s] INFO:colcon.colcon_cmake.task.cmake.build:Building CMake package in '/home/om/navros_ws/src/serial_motor_demo_msgs'
[0.274s] INFO:colcon.colcon_core.shell:Skip shell extension 'powershell' for command environment: Not usable outside of PowerShell
[0.274s] DEBUG:colcon.colcon_core.shell:Skip shell extension 'dsv' for command environment
[0.281s] INFO:colcon.colcon_ros.task.ament_cmake.build:Building ROS package in '/home/om/navros_ws/src/navros_firmware' with build type 'ament_cmake'
[0.281s] INFO:colcon.colcon_cmake.task.cmake.build:Building CMake package in '/home/om/navros_ws/src/navros_firmware'
[0.281s] INFO:colcon.colcon_core.shell:Skip shell extension 'powershell' for command environment: Not usable outside of PowerShell
[0.281s] DEBUG:colcon.colcon_core.shell:Skip shell extension 'dsv' for command environment
[0.289s] INFO:colcon.colcon_ros.task.ament_cmake.build:Building ROS package in '/home/om/navros_ws/src/navros_remote' with build type 'ament_cmake'
[0.289s] INFO:colcon.colcon_cmake.task.cmake.build:Building CMake package in '/home/om/navros_ws/src/navros_remote'
[0.289s] INFO:colcon.colcon_core.shell:Skip shell extension 'powershell' for command environment: Not usable outside of PowerShell
[0.289s] DEBUG:colcon.colcon_core.shell:Skip shell extension 'dsv' for command environment
[0.299s] DEBUG:colcon.colcon_core.event_handler.log_command:Invoking command in '/home/om/navros_ws/src/build/navros_description': CMAKE_PREFIX_PATH=${CMAKE_PREFIX_PATH}:/home/om/navros_ws/install/serial_motor_demo:/home/om/parrot_ws/install/parrot_v1_examples:/home/om/parrot_ws/install/parrot_v1_comms_test:/home/om/ros2_udemy_manipulator_ws/install/arduinobot_py_examples:/home/om/ros2_ws/install/turtlesim_catch_them_all:/home/om/ros2_ws/install/my_py_pkg:/opt/ros/humble /usr/bin/cmake /home/om/navros_ws/src/navros_description -DCMAKE_INSTALL_PREFIX=/home/om/navros_ws/src/install/navros_description
[0.303s] DEBUG:colcon.colcon_core.event_handler.log_command:Invoking command in '/home/om/navros_ws/src/build/serial_motor_demo_msgs': CMAKE_PREFIX_PATH=${CMAKE_PREFIX_PATH}:/home/om/navros_ws/install/serial_motor_demo:/home/om/parrot_ws/install/parrot_v1_examples:/home/om/parrot_ws/install/parrot_v1_comms_test:/home/om/ros2_udemy_manipulator_ws/install/arduinobot_py_examples:/home/om/ros2_ws/install/turtlesim_catch_them_all:/home/om/ros2_ws/install/my_py_pkg:/opt/ros/humble /usr/bin/cmake /home/om/navros_ws/src/serial_motor_demo_msgs -DCMAKE_INSTALL_PREFIX=/home/om/navros_ws/src/install/serial_motor_demo_msgs
[0.305s] DEBUG:colcon.colcon_core.event_handler.log_command:Invoking command in '/home/om/navros_ws/src/build/navros_firmware': CMAKE_PREFIX_PATH=${CMAKE_PREFIX_PATH}:/home/om/navros_ws/install/serial_motor_demo:/home/om/parrot_ws/install/parrot_v1_examples:/home/om/parrot_ws/install/parrot_v1_comms_test:/home/om/ros2_udemy_manipulator_ws/install/arduinobot_py_examples:/home/om/ros2_ws/install/turtlesim_catch_them_all:/home/om/ros2_ws/install/my_py_pkg:/opt/ros/humble /usr/bin/cmake /home/om/navros_ws/src/navros_firmware -DCMAKE_INSTALL_PREFIX=/home/om/navros_ws/src/install/navros_firmware
[0.309s] DEBUG:colcon.colcon_core.event_handler.log_command:Invoking command in '/home/om/navros_ws/src/build/navros_remote': CMAKE_PREFIX_PATH=${CMAKE_PREFIX_PATH}:/home/om/navros_ws/install/serial_motor_demo:/home/om/parrot_ws/install/parrot_v1_examples:/home/om/parrot_ws/install/parrot_v1_comms_test:/home/om/ros2_udemy_manipulator_ws/install/arduinobot_py_examples:/home/om/ros2_ws/install/turtlesim_catch_them_all:/home/om/ros2_ws/install/my_py_pkg:/opt/ros/humble /usr/bin/cmake /home/om/navros_ws/src/navros_remote -DCMAKE_INSTALL_PREFIX=/home/om/navros_ws/src/install/navros_remote
[1.317s] DEBUG:colcon.colcon_core.event_handler.log_command:Invoked command in '/home/om/navros_ws/src/build/navros_description' returned '0': CMAKE_PREFIX_PATH=${CMAKE_PREFIX_PATH}:/home/om/navros_ws/install/serial_motor_demo:/home/om/parrot_ws/install/parrot_v1_examples:/home/om/parrot_ws/install/parrot_v1_comms_test:/home/om/ros2_udemy_manipulator_ws/install/arduinobot_py_examples:/home/om/ros2_ws/install/turtlesim_catch_them_all:/home/om/ros2_ws/install/my_py_pkg:/opt/ros/humble /usr/bin/cmake /home/om/navros_ws/src/navros_description -DCMAKE_INSTALL_PREFIX=/home/om/navros_ws/src/install/navros_description
[1.319s] DEBUG:colcon.colcon_core.event_handler.log_command:Invoking command in '/home/om/navros_ws/src/build/navros_description': CMAKE_PREFIX_PATH=${CMAKE_PREFIX_PATH}:/home/om/navros_ws/install/serial_motor_demo:/home/om/parrot_ws/install/parrot_v1_examples:/home/om/parrot_ws/install/parrot_v1_comms_test:/home/om/ros2_udemy_manipulator_ws/install/arduinobot_py_examples:/home/om/ros2_ws/install/turtlesim_catch_them_all:/home/om/ros2_ws/install/my_py_pkg:/opt/ros/humble /usr/bin/cmake --build /home/om/navros_ws/src/build/navros_description -- -j16 -l16
[1.367s] DEBUG:colcon.colcon_core.event_handler.log_command:Invoked command in '/home/om/navros_ws/src/build/navros_description' returned '0': CMAKE_PREFIX_PATH=${CMAKE_PREFIX_PATH}:/home/om/navros_ws/install/serial_motor_demo:/home/om/parrot_ws/install/parrot_v1_examples:/home/om/parrot_ws/install/parrot_v1_comms_test:/home/om/ros2_udemy_manipulator_ws/install/arduinobot_py_examples:/home/om/ros2_ws/install/turtlesim_catch_them_all:/home/om/ros2_ws/install/my_py_pkg:/opt/ros/humble /usr/bin/cmake --build /home/om/navros_ws/src/build/navros_description -- -j16 -l16
[1.380s] DEBUG:colcon.colcon_core.event_handler.log_command:Invoked command in '/home/om/navros_ws/src/build/navros_firmware' returned '0': CMAKE_PREFIX_PATH=${CMAKE_PREFIX_PATH}:/home/om/navros_ws/install/serial_motor_demo:/home/om/parrot_ws/install/parrot_v1_examples:/home/om/parrot_ws/install/parrot_v1_comms_test:/home/om/ros2_udemy_manipulator_ws/install/arduinobot_py_examples:/home/om/ros2_ws/install/turtlesim_catch_them_all:/home/om/ros2_ws/install/my_py_pkg:/opt/ros/humble /usr/bin/cmake /home/om/navros_ws/src/navros_firmware -DCMAKE_INSTALL_PREFIX=/home/om/navros_ws/src/install/navros_firmware
[1.381s] DEBUG:colcon.colcon_core.event_handler.log_command:Invoking command in '/home/om/navros_ws/src/build/navros_firmware': CMAKE_PREFIX_PATH=${CMAKE_PREFIX_PATH}:/home/om/navros_ws/install/serial_motor_demo:/home/om/parrot_ws/install/parrot_v1_examples:/home/om/parrot_ws/install/parrot_v1_comms_test:/home/om/ros2_udemy_manipulator_ws/install/arduinobot_py_examples:/home/om/ros2_ws/install/turtlesim_catch_them_all:/home/om/ros2_ws/install/my_py_pkg:/opt/ros/humble /usr/bin/cmake --build /home/om/navros_ws/src/build/navros_firmware -- -j16 -l16
[1.410s] DEBUG:colcon.colcon_core.event_handler.log_command:Invoking command in '/home/om/navros_ws/src/build/navros_description': CMAKE_PREFIX_PATH=${CMAKE_PREFIX_PATH}:/home/om/navros_ws/install/serial_motor_demo:/home/om/parrot_ws/install/parrot_v1_examples:/home/om/parrot_ws/install/parrot_v1_comms_test:/home/om/ros2_udemy_manipulator_ws/install/arduinobot_py_examples:/home/om/ros2_ws/install/turtlesim_catch_them_all:/home/om/ros2_ws/install/my_py_pkg:/opt/ros/humble /usr/bin/cmake --install /home/om/navros_ws/src/build/navros_description
[1.425s] Level 1:colcon.colcon_core.environment:create_environment_scripts_only(navros_description)
[1.425s] DEBUG:colcon.colcon_core.event_handler.log_command:Invoked command in '/home/om/navros_ws/src/build/navros_description' returned '0': CMAKE_PREFIX_PATH=${CMAKE_PREFIX_PATH}:/home/om/navros_ws/install/serial_motor_demo:/home/om/parrot_ws/install/parrot_v1_examples:/home/om/parrot_ws/install/parrot_v1_comms_test:/home/om/ros2_udemy_manipulator_ws/install/arduinobot_py_examples:/home/om/ros2_ws/install/turtlesim_catch_them_all:/home/om/ros2_ws/install/my_py_pkg:/opt/ros/humble /usr/bin/cmake --install /home/om/navros_ws/src/build/navros_description
[1.429s] Level 1:colcon.colcon_core.environment:checking '/home/om/navros_ws/src/install/navros_description' for CMake module files
[1.429s] Level 1:colcon.colcon_core.environment:checking '/home/om/navros_ws/src/install/navros_description' for CMake config files
[1.429s] Level 1:colcon.colcon_core.shell:create_environment_hook('navros_description', 'cmake_prefix_path')
[1.430s] INFO:colcon.colcon_core.shell:Creating environment hook '/home/om/navros_ws/src/install/navros_description/share/navros_description/hook/cmake_prefix_path.ps1'
[1.430s] INFO:colcon.colcon_core.shell:Creating environment descriptor '/home/om/navros_ws/src/install/navros_description/share/navros_description/hook/cmake_prefix_path.dsv'
[1.431s] INFO:colcon.colcon_core.shell:Creating environment hook '/home/om/navros_ws/src/install/navros_description/share/navros_description/hook/cmake_prefix_path.sh'
[1.432s] Level 1:colcon.colcon_core.environment:checking '/home/om/navros_ws/src/install/navros_description/bin'
[1.432s] Level 1:colcon.colcon_core.environment:checking '/home/om/navros_ws/src/install/navros_description/lib/pkgconfig/navros_description.pc'
[1.432s] Level 1:colcon.colcon_core.environment:checking '/home/om/navros_ws/src/install/navros_description/lib/python3.10/site-packages'
[1.432s] Level 1:colcon.colcon_core.environment:checking '/home/om/navros_ws/src/install/navros_description/bin'
[1.432s] INFO:colcon.colcon_core.shell:Creating package script '/home/om/navros_ws/src/install/navros_description/share/navros_description/package.ps1'
[1.433s] INFO:colcon.colcon_core.shell:Creating package descriptor '/home/om/navros_ws/src/install/navros_description/share/navros_description/package.dsv'
[1.434s] INFO:colcon.colcon_core.shell:Creating package script '/home/om/navros_ws/src/install/navros_description/share/navros_description/package.sh'
[1.434s] INFO:colcon.colcon_core.shell:Creating package script '/home/om/navros_ws/src/install/navros_description/share/navros_description/package.bash'
[1.435s] INFO:colcon.colcon_core.shell:Creating package script '/home/om/navros_ws/src/install/navros_description/share/navros_description/package.zsh'
[1.435s] Level 1:colcon.colcon_core.environment:create_file_with_runtime_dependencies(/home/om/navros_ws/src/install/navros_description/share/colcon-core/packages/navros_description)
[1.438s] DEBUG:colcon.colcon_core.event_handler.log_command:Invoked command in '/home/om/navros_ws/src/build/navros_firmware' returned '0': CMAKE_PREFIX_PATH=${CMAKE_PREFIX_PATH}:/home/om/navros_ws/install/serial_motor_demo:/home/om/parrot_ws/install/parrot_v1_examples:/home/om/parrot_ws/install/parrot_v1_comms_test:/home/om/ros2_udemy_manipulator_ws/install/arduinobot_py_examples:/home/om/ros2_ws/install/turtlesim_catch_them_all:/home/om/ros2_ws/install/my_py_pkg:/opt/ros/humble /usr/bin/cmake --build /home/om/navros_ws/src/build/navros_firmware -- -j16 -l16
[1.463s] Level 1:colcon.colcon_core.environment:create_environment_scripts_only(navros_description)
[1.464s] Level 1:colcon.colcon_core.environment:checking '/home/om/navros_ws/src/install/navros_description' for CMake module files
[1.464s] DEBUG:colcon.colcon_core.event_handler.log_command:Invoking command in '/home/om/navros_ws/src/build/navros_firmware': CMAKE_PREFIX_PATH=${CMAKE_PREFIX_PATH}:/home/om/navros_ws/install/serial_motor_demo:/home/om/parrot_ws/install/parrot_v1_examples:/home/om/parrot_ws/install/parrot_v1_comms_test:/home/om/ros2_udemy_manipulator_ws/install/arduinobot_py_examples:/home/om/ros2_ws/install/turtlesim_catch_them_all:/home/om/ros2_ws/install/my_py_pkg:/opt/ros/humble /usr/bin/cmake --install /home/om/navros_ws/src/build/navros_firmware
[1.464s] Level 1:colcon.colcon_core.environment:checking '/home/om/navros_ws/src/install/navros_description' for CMake config files
[1.465s] Level 1:colcon.colcon_core.shell:create_environment_hook('navros_description', 'cmake_prefix_path')
[1.465s] INFO:colcon.colcon_core.shell:Creating environment hook '/home/om/navros_ws/src/install/navros_description/share/navros_description/hook/cmake_prefix_path.ps1'
[1.465s] INFO:colcon.colcon_core.shell:Creating environment descriptor '/home/om/navros_ws/src/install/navros_description/share/navros_description/hook/cmake_prefix_path.dsv'
[1.465s] INFO:colcon.colcon_core.shell:Creating environment hook '/home/om/navros_ws/src/install/navros_description/share/navros_description/hook/cmake_prefix_path.sh'
[1.466s] Level 1:colcon.colcon_core.environment:checking '/home/om/navros_ws/src/install/navros_description/bin'
[1.466s] Level 1:colcon.colcon_core.environment:checking '/home/om/navros_ws/src/install/navros_description/lib/pkgconfig/navros_description.pc'
[1.466s] Level 1:colcon.colcon_core.environment:checking '/home/om/navros_ws/src/install/navros_description/lib/python3.10/site-packages'
[1.466s] Level 1:colcon.colcon_core.environment:checking '/home/om/navros_ws/src/install/navros_description/bin'
[1.467s] INFO:colcon.colcon_core.shell:Creating package script '/home/om/navros_ws/src/install/navros_description/share/navros_description/package.ps1'
[1.467s] INFO:colcon.colcon_core.shell:Creating package descriptor '/home/om/navros_ws/src/install/navros_description/share/navros_description/package.dsv'
[1.467s] INFO:colcon.colcon_core.shell:Creating package script '/home/om/navros_ws/src/install/navros_description/share/navros_description/package.sh'
[1.468s] INFO:colcon.colcon_core.shell:Creating package script '/home/om/navros_ws/src/install/navros_description/share/navros_description/package.bash'
[1.468s] INFO:colcon.colcon_core.shell:Creating package script '/home/om/navros_ws/src/install/navros_description/share/navros_description/package.zsh'
[1.468s] Level 1:colcon.colcon_core.environment:create_file_with_runtime_dependencies(/home/om/navros_ws/src/install/navros_description/share/colcon-core/packages/navros_description)
[1.469s] INFO:colcon.colcon_ros.task.ament_cmake.build:Building ROS package in '/home/om/navros_ws/src/navros_bringup' with build type 'ament_cmake'
[1.469s] INFO:colcon.colcon_cmake.task.cmake.build:Building CMake package in '/home/om/navros_ws/src/navros_bringup'
[1.469s] INFO:colcon.colcon_core.shell:Skip shell extension 'powershell' for command environment: Not usable outside of PowerShell
[1.469s] DEBUG:colcon.colcon_core.shell:Skip shell extension 'dsv' for command environment
[1.478s] Level 1:colcon.colcon_core.environment:create_environment_scripts_only(navros_firmware)
[1.479s] DEBUG:colcon.colcon_core.event_handler.log_command:Invoked command in '/home/om/navros_ws/src/build/navros_firmware' returned '0': CMAKE_PREFIX_PATH=${CMAKE_PREFIX_PATH}:/home/om/navros_ws/install/serial_motor_demo:/home/om/parrot_ws/install/parrot_v1_examples:/home/om/parrot_ws/install/parrot_v1_comms_test:/home/om/ros2_udemy_manipulator_ws/install/arduinobot_py_examples:/home/om/ros2_ws/install/turtlesim_catch_them_all:/home/om/ros2_ws/install/my_py_pkg:/opt/ros/humble /usr/bin/cmake --install /home/om/navros_ws/src/build/navros_firmware
[1.479s] Level 1:colcon.colcon_core.environment:checking '/home/om/navros_ws/src/install/navros_firmware' for CMake module files
[1.479s] Level 1:colcon.colcon_core.environment:checking '/home/om/navros_ws/src/install/navros_firmware' for CMake config files
[1.479s] Level 1:colcon.colcon_core.shell:create_environment_hook('navros_firmware', 'cmake_prefix_path')
[1.479s] INFO:colcon.colcon_core.shell:Creating environment hook '/home/om/navros_ws/src/install/navros_firmware/share/navros_firmware/hook/cmake_prefix_path.ps1'
[1.480s] INFO:colcon.colcon_core.shell:Creating environment descriptor '/home/om/navros_ws/src/install/navros_firmware/share/navros_firmware/hook/cmake_prefix_path.dsv'
[1.480s] INFO:colcon.colcon_core.shell:Creating environment hook '/home/om/navros_ws/src/install/navros_firmware/share/navros_firmware/hook/cmake_prefix_path.sh'
[1.480s] Level 1:colcon.colcon_core.environment:checking '/home/om/navros_ws/src/install/navros_firmware/bin'
[1.481s] Level 1:colcon.colcon_core.environment:checking '/home/om/navros_ws/src/install/navros_firmware/lib/pkgconfig/navros_firmware.pc'
[1.481s] Level 1:colcon.colcon_core.environment:checking '/home/om/navros_ws/src/install/navros_firmware/lib/python3.10/site-packages'
[1.481s] Level 1:colcon.colcon_core.environment:checking '/home/om/navros_ws/src/install/navros_firmware/bin'
[1.481s] INFO:colcon.colcon_core.shell:Creating package script '/home/om/navros_ws/src/install/navros_firmware/share/navros_firmware/package.ps1'
[1.482s] INFO:colcon.colcon_core.shell:Creating package descriptor '/home/om/navros_ws/src/install/navros_firmware/share/navros_firmware/package.dsv'
[1.482s] INFO:colcon.colcon_core.shell:Creating package script '/home/om/navros_ws/src/install/navros_firmware/share/navros_firmware/package.sh'
[1.483s] INFO:colcon.colcon_core.shell:Creating package script '/home/om/navros_ws/src/install/navros_firmware/share/navros_firmware/package.bash'
[1.483s] INFO:colcon.colcon_core.shell:Creating package script '/home/om/navros_ws/src/install/navros_firmware/share/navros_firmware/package.zsh'
[1.483s] Level 1:colcon.colcon_core.environment:create_file_with_runtime_dependencies(/home/om/navros_ws/src/install/navros_firmware/share/colcon-core/packages/navros_firmware)
[1.487s] DEBUG:colcon.colcon_core.event_handler.log_command:Invoking command in '/home/om/navros_ws/src/build/navros_bringup': AMENT_PREFIX_PATH=/home/om/navros_ws/src/install/navros_description:${AMENT_PREFIX_PATH} CMAKE_PREFIX_PATH=/home/om/navros_ws/src/install/navros_description:/home/om/navros_ws/install/serial_motor_demo_msgs:/home/om/navros_ws/install/navros_remote:/home/om/navros_ws/install/navros_bringup:/home/om/navros_ws/install/navros_description:/home/om/parrot_ws/install/parrot_v1_utils:/home/om/parrot_ws/install/parrot_v1_tutorials:/home/om/parrot_ws/install/parrot_v1_msgs:/home/om/parrot_ws/install/parrot_v1_moveit:/home/om/parrot_ws/install/parrot_v1_firmware:/home/om/parrot_ws/install/parrot_v1_description:/home/om/parrot_ws/install/parrot_v1_controller:/home/om/parrot_ws/install/parrot_v1_bringup:/home/om/parrot_ws/install/lifecycle_nodes_example:/home/om/ros2_udemy_manipulator_ws/install/arduinobot_utils:/home/om/ros2_udemy_manipulator_ws/install/arduinobot_remote:/home/om/ros2_udemy_manipulator_ws/install/arduinobot_cpp_examples:/home/om/ros2_udemy_manipulator_ws/install/arduinobot_msgs:/home/om/ros2_udemy_manipulator_ws/install/arduinobot_moveit:/home/om/ros2_udemy_manipulator_ws/install/arduinobot_firmware:/home/om/ros2_udemy_manipulator_ws/install/arduinobot_description:/home/om/ros2_udemy_manipulator_ws/install/arduinobot_controller:/home/om/ros2_udemy_manipulator_ws/install/arduinobot_bringup:/home/om/parrot_ws/src/install/parrot_v1_description:/home/om/parrot_ws/src/install/parrot_v1_bringup:/home/om/ros2_ws/install/my_robot_bringup:/home/om/ros2_ws/install/my_cpp_pkg:/home/om/ros2_ws/install/my_robot_interfaces:/home/om/ros2_robot/install/my_robot_bringup:/home/om/ros2_robot/install/my_robot_description:/home/om/ros2_robot/install/my_robot_arm_bringup:/home/om/navros_ws/install/serial_motor_demo:/home/om/parrot_ws/install/parrot_v1_examples:/home/om/parrot_ws/install/parrot_v1_comms_test:/home/om/ros2_udemy_manipulator_ws/install/arduinobot_py_examples:/home/om/ros2_ws/install/turtlesim_catch_them_all:/home/om/ros2_ws/install/my_py_pkg:/opt/ros/humble /usr/bin/cmake /home/om/navros_ws/src/navros_bringup -DCMAKE_INSTALL_PREFIX=/home/om/navros_ws/src/install/navros_bringup
[1.513s] Level 1:colcon.colcon_core.environment:create_environment_scripts_only(navros_firmware)
[1.513s] Level 1:colcon.colcon_core.environment:checking '/home/om/navros_ws/src/install/navros_firmware' for CMake module files
[1.514s] Level 1:colcon.colcon_core.environment:checking '/home/om/navros_ws/src/install/navros_firmware' for CMake config files
[1.514s] Level 1:colcon.colcon_core.shell:create_environment_hook('navros_firmware', 'cmake_prefix_path')
[1.514s] INFO:colcon.colcon_core.shell:Creating environment hook '/home/om/navros_ws/src/install/navros_firmware/share/navros_firmware/hook/cmake_prefix_path.ps1'
[1.515s] INFO:colcon.colcon_core.shell:Creating environment descriptor '/home/om/navros_ws/src/install/navros_firmware/share/navros_firmware/hook/cmake_prefix_path.dsv'
[1.515s] INFO:colcon.colcon_core.shell:Creating environment hook '/home/om/navros_ws/src/install/navros_firmware/share/navros_firmware/hook/cmake_prefix_path.sh'
[1.515s] Level 1:colcon.colcon_core.environment:checking '/home/om/navros_ws/src/install/navros_firmware/bin'
[1.515s] Level 1:colcon.colcon_core.environment:checking '/home/om/navros_ws/src/install/navros_firmware/lib/pkgconfig/navros_firmware.pc'
[1.516s] Level 1:colcon.colcon_core.environment:checking '/home/om/navros_ws/src/install/navros_firmware/lib/python3.10/site-packages'
[1.516s] Level 1:colcon.colcon_core.environment:checking '/home/om/navros_ws/src/install/navros_firmware/bin'
[1.516s] INFO:colcon.colcon_core.shell:Creating package script '/home/om/navros_ws/src/install/navros_firmware/share/navros_firmware/package.ps1'
[1.517s] INFO:colcon.colcon_core.shell:Creating package descriptor '/home/om/navros_ws/src/install/navros_firmware/share/navros_firmware/package.dsv'
[1.517s] INFO:colcon.colcon_core.shell:Creating package script '/home/om/navros_ws/src/install/navros_firmware/share/navros_firmware/package.sh'
[1.517s] INFO:colcon.colcon_core.shell:Creating package script '/home/om/navros_ws/src/install/navros_firmware/share/navros_firmware/package.bash'
[1.518s] INFO:colcon.colcon_core.shell:Creating package script '/home/om/navros_ws/src/install/navros_firmware/share/navros_firmware/package.zsh'
[1.518s] Level 1:colcon.colcon_core.environment:create_file_with_runtime_dependencies(/home/om/navros_ws/src/install/navros_firmware/share/colcon-core/packages/navros_firmware)
[2.375s] DEBUG:colcon.colcon_core.event_handler.log_command:Invoked command in '/home/om/navros_ws/src/build/navros_remote' returned '0': CMAKE_PREFIX_PATH=${CMAKE_PREFIX_PATH}:/home/om/navros_ws/install/serial_motor_demo:/home/om/parrot_ws/install/parrot_v1_examples:/home/om/parrot_ws/install/parrot_v1_comms_test:/home/om/ros2_udemy_manipulator_ws/install/arduinobot_py_examples:/home/om/ros2_ws/install/turtlesim_catch_them_all:/home/om/ros2_ws/install/my_py_pkg:/opt/ros/humble /usr/bin/cmake /home/om/navros_ws/src/navros_remote -DCMAKE_INSTALL_PREFIX=/home/om/navros_ws/src/install/navros_remote
[2.377s] DEBUG:colcon.colcon_core.event_handler.log_command:Invoking command in '/home/om/navros_ws/src/build/navros_remote': CMAKE_PREFIX_PATH=${CMAKE_PREFIX_PATH}:/home/om/navros_ws/install/serial_motor_demo:/home/om/parrot_ws/install/parrot_v1_examples:/home/om/parrot_ws/install/parrot_v1_comms_test:/home/om/ros2_udemy_manipulator_ws/install/arduinobot_py_examples:/home/om/ros2_ws/install/turtlesim_catch_them_all:/home/om/ros2_ws/install/my_py_pkg:/opt/ros/humble /usr/bin/cmake --build /home/om/navros_ws/src/build/navros_remote -- -j16 -l16
[2.428s] DEBUG:colcon.colcon_core.event_handler.log_command:Invoked command in '/home/om/navros_ws/src/build/navros_remote' returned '0': CMAKE_PREFIX_PATH=${CMAKE_PREFIX_PATH}:/home/om/navros_ws/install/serial_motor_demo:/home/om/parrot_ws/install/parrot_v1_examples:/home/om/parrot_ws/install/parrot_v1_comms_test:/home/om/ros2_udemy_manipulator_ws/install/arduinobot_py_examples:/home/om/ros2_ws/install/turtlesim_catch_them_all:/home/om/ros2_ws/install/my_py_pkg:/opt/ros/humble /usr/bin/cmake --build /home/om/navros_ws/src/build/navros_remote -- -j16 -l16
[2.453s] DEBUG:colcon.colcon_core.event_handler.log_command:Invoked command in '/home/om/navros_ws/src/build/navros_bringup' returned '0': AMENT_PREFIX_PATH=/home/om/navros_ws/src/install/navros_description:${AMENT_PREFIX_PATH} CMAKE_PREFIX_PATH=/home/om/navros_ws/src/install/navros_description:/home/om/navros_ws/install/serial_motor_demo_msgs:/home/om/navros_ws/install/navros_remote:/home/om/navros_ws/install/navros_bringup:/home/om/navros_ws/install/navros_description:/home/om/parrot_ws/install/parrot_v1_utils:/home/om/parrot_ws/install/parrot_v1_tutorials:/home/om/parrot_ws/install/parrot_v1_msgs:/home/om/parrot_ws/install/parrot_v1_moveit:/home/om/parrot_ws/install/parrot_v1_firmware:/home/om/parrot_ws/install/parrot_v1_description:/home/om/parrot_ws/install/parrot_v1_controller:/home/om/parrot_ws/install/parrot_v1_bringup:/home/om/parrot_ws/install/lifecycle_nodes_example:/home/om/ros2_udemy_manipulator_ws/install/arduinobot_utils:/home/om/ros2_udemy_manipulator_ws/install/arduinobot_remote:/home/om/ros2_udemy_manipulator_ws/install/arduinobot_cpp_examples:/home/om/ros2_udemy_manipulator_ws/install/arduinobot_msgs:/home/om/ros2_udemy_manipulator_ws/install/arduinobot_moveit:/home/om/ros2_udemy_manipulator_ws/install/arduinobot_firmware:/home/om/ros2_udemy_manipulator_ws/install/arduinobot_description:/home/om/ros2_udemy_manipulator_ws/install/arduinobot_controller:/home/om/ros2_udemy_manipulator_ws/install/arduinobot_bringup:/home/om/parrot_ws/src/install/parrot_v1_description:/home/om/parrot_ws/src/install/parrot_v1_bringup:/home/om/ros2_ws/install/my_robot_bringup:/home/om/ros2_ws/install/my_cpp_pkg:/home/om/ros2_ws/install/my_robot_interfaces:/home/om/ros2_robot/install/my_robot_bringup:/home/om/ros2_robot/install/my_robot_description:/home/om/ros2_robot/install/my_robot_arm_bringup:/home/om/navros_ws/install/serial_motor_demo:/home/om/parrot_ws/install/parrot_v1_examples:/home/om/parrot_ws/install/parrot_v1_comms_test:/home/om/ros2_udemy_manipulator_ws/install/arduinobot_py_examples:/home/om/ros2_ws/install/turtlesim_catch_them_all:/home/om/ros2_ws/install/my_py_pkg:/opt/ros/humble /usr/bin/cmake /home/om/navros_ws/src/navros_bringup -DCMAKE_INSTALL_PREFIX=/home/om/navros_ws/src/install/navros_bringup
[2.454s] DEBUG:colcon.colcon_core.event_handler.log_command:Invoking command in '/home/om/navros_ws/src/build/navros_bringup': AMENT_PREFIX_PATH=/home/om/navros_ws/src/install/navros_description:${AMENT_PREFIX_PATH} CMAKE_PREFIX_PATH=/home/om/navros_ws/src/install/navros_description:/home/om/navros_ws/install/serial_motor_demo_msgs:/home/om/navros_ws/install/navros_remote:/home/om/navros_ws/install/navros_bringup:/home/om/navros_ws/install/navros_description:/home/om/parrot_ws/install/parrot_v1_utils:/home/om/parrot_ws/install/parrot_v1_tutorials:/home/om/parrot_ws/install/parrot_v1_msgs:/home/om/parrot_ws/install/parrot_v1_moveit:/home/om/parrot_ws/install/parrot_v1_firmware:/home/om/parrot_ws/install/parrot_v1_description:/home/om/parrot_ws/install/parrot_v1_controller:/home/om/parrot_ws/install/parrot_v1_bringup:/home/om/parrot_ws/install/lifecycle_nodes_example:/home/om/ros2_udemy_manipulator_ws/install/arduinobot_utils:/home/om/ros2_udemy_manipulator_ws/install/arduinobot_remote:/home/om/ros2_udemy_manipulator_ws/install/arduinobot_cpp_examples:/home/om/ros2_udemy_manipulator_ws/install/arduinobot_msgs:/home/om/ros2_udemy_manipulator_ws/install/arduinobot_moveit:/home/om/ros2_udemy_manipulator_ws/install/arduinobot_firmware:/home/om/ros2_udemy_manipulator_ws/install/arduinobot_description:/home/om/ros2_udemy_manipulator_ws/install/arduinobot_controller:/home/om/ros2_udemy_manipulator_ws/install/arduinobot_bringup:/home/om/parrot_ws/src/install/parrot_v1_description:/home/om/parrot_ws/src/install/parrot_v1_bringup:/home/om/ros2_ws/install/my_robot_bringup:/home/om/ros2_ws/install/my_cpp_pkg:/home/om/ros2_ws/install/my_robot_interfaces:/home/om/ros2_robot/install/my_robot_bringup:/home/om/ros2_robot/install/my_robot_description:/home/om/ros2_robot/install/my_robot_arm_bringup:/home/om/navros_ws/install/serial_motor_demo:/home/om/parrot_ws/install/parrot_v1_examples:/home/om/parrot_ws/install/parrot_v1_comms_test:/home/om/ros2_udemy_manipulator_ws/install/arduinobot_py_examples:/home/om/ros2_ws/install/turtlesim_catch_them_all:/home/om/ros2_ws/install/my_py_pkg:/opt/ros/humble /usr/bin/cmake --build /home/om/navros_ws/src/build/navros_bringup -- -j16 -l16
[2.458s] DEBUG:colcon.colcon_core.event_handler.log_command:Invoking command in '/home/om/navros_ws/src/build/navros_remote': CMAKE_PREFIX_PATH=${CMAKE_PREFIX_PATH}:/home/om/navros_ws/install/serial_motor_demo:/home/om/parrot_ws/install/parrot_v1_examples:/home/om/parrot_ws/install/parrot_v1_comms_test:/home/om/ros2_udemy_manipulator_ws/install/arduinobot_py_examples:/home/om/ros2_ws/install/turtlesim_catch_them_all:/home/om/ros2_ws/install/my_py_pkg:/opt/ros/humble /usr/bin/cmake --install /home/om/navros_ws/src/build/navros_remote
[2.459s] DEBUG:colcon.colcon_core.event_handler.log_command:Invoked command in '/home/om/navros_ws/src/build/serial_motor_demo_msgs' returned '0': CMAKE_PREFIX_PATH=${CMAKE_PREFIX_PATH}:/home/om/navros_ws/install/serial_motor_demo:/home/om/parrot_ws/install/parrot_v1_examples:/home/om/parrot_ws/install/parrot_v1_comms_test:/home/om/ros2_udemy_manipulator_ws/install/arduinobot_py_examples:/home/om/ros2_ws/install/turtlesim_catch_them_all:/home/om/ros2_ws/install/my_py_pkg:/opt/ros/humble /usr/bin/cmake /home/om/navros_ws/src/serial_motor_demo_msgs -DCMAKE_INSTALL_PREFIX=/home/om/navros_ws/src/install/serial_motor_demo_msgs
[2.461s] DEBUG:colcon.colcon_core.event_handler.log_command:Invoking command in '/home/om/navros_ws/src/build/serial_motor_demo_msgs': CMAKE_PREFIX_PATH=${CMAKE_PREFIX_PATH}:/home/om/navros_ws/install/serial_motor_demo:/home/om/parrot_ws/install/parrot_v1_examples:/home/om/parrot_ws/install/parrot_v1_comms_test:/home/om/ros2_udemy_manipulator_ws/install/arduinobot_py_examples:/home/om/ros2_ws/install/turtlesim_catch_them_all:/home/om/ros2_ws/install/my_py_pkg:/opt/ros/humble /usr/bin/cmake --build /home/om/navros_ws/src/build/serial_motor_demo_msgs -- -j16 -l16
[2.470s] Level 1:colcon.colcon_core.environment:create_environment_scripts_only(navros_remote)
[2.470s] Level 1:colcon.colcon_core.environment:checking '/home/om/navros_ws/src/install/navros_remote' for CMake module files
[2.471s] DEBUG:colcon.colcon_core.event_handler.log_command:Invoked command in '/home/om/navros_ws/src/build/navros_remote' returned '0': CMAKE_PREFIX_PATH=${CMAKE_PREFIX_PATH}:/home/om/navros_ws/install/serial_motor_demo:/home/om/parrot_ws/install/parrot_v1_examples:/home/om/parrot_ws/install/parrot_v1_comms_test:/home/om/ros2_udemy_manipulator_ws/install/arduinobot_py_examples:/home/om/ros2_ws/install/turtlesim_catch_them_all:/home/om/ros2_ws/install/my_py_pkg:/opt/ros/humble /usr/bin/cmake --install /home/om/navros_ws/src/build/navros_remote
[2.471s] Level 1:colcon.colcon_core.environment:checking '/home/om/navros_ws/src/install/navros_remote' for CMake config files
[2.471s] Level 1:colcon.colcon_core.shell:create_environment_hook('navros_remote', 'cmake_prefix_path')
[2.472s] INFO:colcon.colcon_core.shell:Creating environment hook '/home/om/navros_ws/src/install/navros_remote/share/navros_remote/hook/cmake_prefix_path.ps1'
[2.472s] INFO:colcon.colcon_core.shell:Creating environment descriptor '/home/om/navros_ws/src/install/navros_remote/share/navros_remote/hook/cmake_prefix_path.dsv'
[2.472s] INFO:colcon.colcon_core.shell:Creating environment hook '/home/om/navros_ws/src/install/navros_remote/share/navros_remote/hook/cmake_prefix_path.sh'
[2.473s] Level 1:colcon.colcon_core.environment:checking '/home/om/navros_ws/src/install/navros_remote/lib'
[2.473s] Level 1:colcon.colcon_core.environment:checking '/home/om/navros_ws/src/install/navros_remote/bin'
[2.473s] Level 1:colcon.colcon_core.environment:checking '/home/om/navros_ws/src/install/navros_remote/lib/pkgconfig/navros_remote.pc'
[2.473s] Level 1:colcon.colcon_core.environment:checking '/home/om/navros_ws/src/install/navros_remote/lib/python3.10/site-packages'
[2.473s] Level 1:colcon.colcon_core.environment:checking '/home/om/navros_ws/src/install/navros_remote/bin'
[2.473s] INFO:colcon.colcon_core.shell:Creating package script '/home/om/navros_ws/src/install/navros_remote/share/navros_remote/package.ps1'
[2.474s] INFO:colcon.colcon_core.shell:Creating package descriptor '/home/om/navros_ws/src/install/navros_remote/share/navros_remote/package.dsv'
[2.474s] INFO:colcon.colcon_core.shell:Creating package script '/home/om/navros_ws/src/install/navros_remote/share/navros_remote/package.sh'
[2.474s] INFO:colcon.colcon_core.shell:Creating package script '/home/om/navros_ws/src/install/navros_remote/share/navros_remote/package.bash'
[2.474s] INFO:colcon.colcon_core.shell:Creating package script '/home/om/navros_ws/src/install/navros_remote/share/navros_remote/package.zsh'
[2.475s] Level 1:colcon.colcon_core.environment:create_file_with_runtime_dependencies(/home/om/navros_ws/src/install/navros_remote/share/colcon-core/packages/navros_remote)
[2.499s] DEBUG:colcon.colcon_core.event_handler.log_command:Invoked command in '/home/om/navros_ws/src/build/navros_bringup' returned '0': AMENT_PREFIX_PATH=/home/om/navros_ws/src/install/navros_description:${AMENT_PREFIX_PATH} CMAKE_PREFIX_PATH=/home/om/navros_ws/src/install/navros_description:/home/om/navros_ws/install/serial_motor_demo_msgs:/home/om/navros_ws/install/navros_remote:/home/om/navros_ws/install/navros_bringup:/home/om/navros_ws/install/navros_description:/home/om/parrot_ws/install/parrot_v1_utils:/home/om/parrot_ws/install/parrot_v1_tutorials:/home/om/parrot_ws/install/parrot_v1_msgs:/home/om/parrot_ws/install/parrot_v1_moveit:/home/om/parrot_ws/install/parrot_v1_firmware:/home/om/parrot_ws/install/parrot_v1_description:/home/om/parrot_ws/install/parrot_v1_controller:/home/om/parrot_ws/install/parrot_v1_bringup:/home/om/parrot_ws/install/lifecycle_nodes_example:/home/om/ros2_udemy_manipulator_ws/install/arduinobot_utils:/home/om/ros2_udemy_manipulator_ws/install/arduinobot_remote:/home/om/ros2_udemy_manipulator_ws/install/arduinobot_cpp_examples:/home/om/ros2_udemy_manipulator_ws/install/arduinobot_msgs:/home/om/ros2_udemy_manipulator_ws/install/arduinobot_moveit:/home/om/ros2_udemy_manipulator_ws/install/arduinobot_firmware:/home/om/ros2_udemy_manipulator_ws/install/arduinobot_description:/home/om/ros2_udemy_manipulator_ws/install/arduinobot_controller:/home/om/ros2_udemy_manipulator_ws/install/arduinobot_bringup:/home/om/parrot_ws/src/install/parrot_v1_description:/home/om/parrot_ws/src/install/parrot_v1_bringup:/home/om/ros2_ws/install/my_robot_bringup:/home/om/ros2_ws/install/my_cpp_pkg:/home/om/ros2_ws/install/my_robot_interfaces:/home/om/ros2_robot/install/my_robot_bringup:/home/om/ros2_robot/install/my_robot_description:/home/om/ros2_robot/install/my_robot_arm_bringup:/home/om/navros_ws/install/serial_motor_demo:/home/om/parrot_ws/install/parrot_v1_examples:/home/om/parrot_ws/install/parrot_v1_comms_test:/home/om/ros2_udemy_manipulator_ws/install/arduinobot_py_examples:/home/om/ros2_ws/install/turtlesim_catch_them_all:/home/om/ros2_ws/install/my_py_pkg:/opt/ros/humble /usr/bin/cmake --build /home/om/navros_ws/src/build/navros_bringup -- -j16 -l16
[2.503s] Level 1:colcon.colcon_core.environment:create_environment_scripts_only(navros_remote)
[2.503s] Level 1:colcon.colcon_core.environment:checking '/home/om/navros_ws/src/install/navros_remote' for CMake module files
[2.503s] Level 1:colcon.colcon_core.environment:checking '/home/om/navros_ws/src/install/navros_remote' for CMake config files
[2.503s] Level 1:colcon.colcon_core.shell:create_environment_hook('navros_remote', 'cmake_prefix_path')
[2.504s] INFO:colcon.colcon_core.shell:Creating environment hook '/home/om/navros_ws/src/install/navros_remote/share/navros_remote/hook/cmake_prefix_path.ps1'
[2.504s] INFO:colcon.colcon_core.shell:Creating environment descriptor '/home/om/navros_ws/src/install/navros_remote/share/navros_remote/hook/cmake_prefix_path.dsv'
[2.504s] INFO:colcon.colcon_core.shell:Creating environment hook '/home/om/navros_ws/src/install/navros_remote/share/navros_remote/hook/cmake_prefix_path.sh'
[2.505s] Level 1:colcon.colcon_core.environment:checking '/home/om/navros_ws/src/install/navros_remote/lib'
[2.505s] Level 1:colcon.colcon_core.environment:checking '/home/om/navros_ws/src/install/navros_remote/bin'
[2.505s] Level 1:colcon.colcon_core.environment:checking '/home/om/navros_ws/src/install/navros_remote/lib/pkgconfig/navros_remote.pc'
[2.505s] Level 1:colcon.colcon_core.environment:checking '/home/om/navros_ws/src/install/navros_remote/lib/python3.10/site-packages'
[2.505s] Level 1:colcon.colcon_core.environment:checking '/home/om/navros_ws/src/install/navros_remote/bin'
[2.505s] INFO:colcon.colcon_core.shell:Creating package script '/home/om/navros_ws/src/install/navros_remote/share/navros_remote/package.ps1'
[2.506s] INFO:colcon.colcon_core.shell:Creating package descriptor '/home/om/navros_ws/src/install/navros_remote/share/navros_remote/package.dsv'
[2.506s] INFO:colcon.colcon_core.shell:Creating package script '/home/om/navros_ws/src/install/navros_remote/share/navros_remote/package.sh'
[2.506s] INFO:colcon.colcon_core.shell:Creating package script '/home/om/navros_ws/src/install/navros_remote/share/navros_remote/package.bash'
[2.507s] INFO:colcon.colcon_core.shell:Creating package script '/home/om/navros_ws/src/install/navros_remote/share/navros_remote/package.zsh'
[2.507s] Level 1:colcon.colcon_core.environment:create_file_with_runtime_dependencies(/home/om/navros_ws/src/install/navros_remote/share/colcon-core/packages/navros_remote)
[2.526s] DEBUG:colcon.colcon_core.event_handler.log_command:Invoking command in '/home/om/navros_ws/src/build/navros_bringup': AMENT_PREFIX_PATH=/home/om/navros_ws/src/install/navros_description:${AMENT_PREFIX_PATH} CMAKE_PREFIX_PATH=/home/om/navros_ws/src/install/navros_description:/home/om/navros_ws/install/serial_motor_demo_msgs:/home/om/navros_ws/install/navros_remote:/home/om/navros_ws/install/navros_bringup:/home/om/navros_ws/install/navros_description:/home/om/parrot_ws/install/parrot_v1_utils:/home/om/parrot_ws/install/parrot_v1_tutorials:/home/om/parrot_ws/install/parrot_v1_msgs:/home/om/parrot_ws/install/parrot_v1_moveit:/home/om/parrot_ws/install/parrot_v1_firmware:/home/om/parrot_ws/install/parrot_v1_description:/home/om/parrot_ws/install/parrot_v1_controller:/home/om/parrot_ws/install/parrot_v1_bringup:/home/om/parrot_ws/install/lifecycle_nodes_example:/home/om/ros2_udemy_manipulator_ws/install/arduinobot_utils:/home/om/ros2_udemy_manipulator_ws/install/arduinobot_remote:/home/om/ros2_udemy_manipulator_ws/install/arduinobot_cpp_examples:/home/om/ros2_udemy_manipulator_ws/install/arduinobot_msgs:/home/om/ros2_udemy_manipulator_ws/install/arduinobot_moveit:/home/om/ros2_udemy_manipulator_ws/install/arduinobot_firmware:/home/om/ros2_udemy_manipulator_ws/install/arduinobot_description:/home/om/ros2_udemy_manipulator_ws/install/arduinobot_controller:/home/om/ros2_udemy_manipulator_ws/install/arduinobot_bringup:/home/om/parrot_ws/src/install/parrot_v1_description:/home/om/parrot_ws/src/install/parrot_v1_bringup:/home/om/ros2_ws/install/my_robot_bringup:/home/om/ros2_ws/install/my_cpp_pkg:/home/om/ros2_ws/install/my_robot_interfaces:/home/om/ros2_robot/install/my_robot_bringup:/home/om/ros2_robot/install/my_robot_description:/home/om/ros2_robot/install/my_robot_arm_bringup:/home/om/navros_ws/install/serial_motor_demo:/home/om/parrot_ws/install/parrot_v1_examples:/home/om/parrot_ws/install/parrot_v1_comms_test:/home/om/ros2_udemy_manipulator_ws/install/arduinobot_py_examples:/home/om/ros2_ws/install/turtlesim_catch_them_all:/home/om/ros2_ws/install/my_py_pkg:/opt/ros/humble /usr/bin/cmake --install /home/om/navros_ws/src/build/navros_bringup
[2.540s] Level 1:colcon.colcon_core.environment:create_environment_scripts_only(navros_bringup)
[2.541s] Level 1:colcon.colcon_core.environment:checking '/home/om/navros_ws/src/install/navros_bringup' for CMake module files
[2.541s] DEBUG:colcon.colcon_core.event_handler.log_command:Invoked command in '/home/om/navros_ws/src/build/navros_bringup' returned '0': AMENT_PREFIX_PATH=/home/om/navros_ws/src/install/navros_description:${AMENT_PREFIX_PATH} CMAKE_PREFIX_PATH=/home/om/navros_ws/src/install/navros_description:/home/om/navros_ws/install/serial_motor_demo_msgs:/home/om/navros_ws/install/navros_remote:/home/om/navros_ws/install/navros_bringup:/home/om/navros_ws/install/navros_description:/home/om/parrot_ws/install/parrot_v1_utils:/home/om/parrot_ws/install/parrot_v1_tutorials:/home/om/parrot_ws/install/parrot_v1_msgs:/home/om/parrot_ws/install/parrot_v1_moveit:/home/om/parrot_ws/install/parrot_v1_firmware:/home/om/parrot_ws/install/parrot_v1_description:/home/om/parrot_ws/install/parrot_v1_controller:/home/om/parrot_ws/install/parrot_v1_bringup:/home/om/parrot_ws/install/lifecycle_nodes_example:/home/om/ros2_udemy_manipulator_ws/install/arduinobot_utils:/home/om/ros2_udemy_manipulator_ws/install/arduinobot_remote:/home/om/ros2_udemy_manipulator_ws/install/arduinobot_cpp_examples:/home/om/ros2_udemy_manipulator_ws/install/arduinobot_msgs:/home/om/ros2_udemy_manipulator_ws/install/arduinobot_moveit:/home/om/ros2_udemy_manipulator_ws/install/arduinobot_firmware:/home/om/ros2_udemy_manipulator_ws/install/arduinobot_description:/home/om/ros2_udemy_manipulator_ws/install/arduinobot_controller:/home/om/ros2_udemy_manipulator_ws/install/arduinobot_bringup:/home/om/parrot_ws/src/install/parrot_v1_description:/home/om/parrot_ws/src/install/parrot_v1_bringup:/home/om/ros2_ws/install/my_robot_bringup:/home/om/ros2_ws/install/my_cpp_pkg:/home/om/ros2_ws/install/my_robot_interfaces:/home/om/ros2_robot/install/my_robot_bringup:/home/om/ros2_robot/install/my_robot_description:/home/om/ros2_robot/install/my_robot_arm_bringup:/home/om/navros_ws/install/serial_motor_demo:/home/om/parrot_ws/install/parrot_v1_examples:/home/om/parrot_ws/install/parrot_v1_comms_test:/home/om/ros2_udemy_manipulator_ws/install/arduinobot_py_examples:/home/om/ros2_ws/install/turtlesim_catch_them_all:/home/om/ros2_ws/install/my_py_pkg:/opt/ros/humble /usr/bin/cmake --install /home/om/navros_ws/src/build/navros_bringup
[2.541s] Level 1:colcon.colcon_core.environment:checking '/home/om/navros_ws/src/install/navros_bringup' for CMake config files
[2.541s] Level 1:colcon.colcon_core.shell:create_environment_hook('navros_bringup', 'cmake_prefix_path')
[2.542s] INFO:colcon.colcon_core.shell:Creating environment hook '/home/om/navros_ws/src/install/navros_bringup/share/navros_bringup/hook/cmake_prefix_path.ps1'
[2.542s] INFO:colcon.colcon_core.shell:Creating environment descriptor '/home/om/navros_ws/src/install/navros_bringup/share/navros_bringup/hook/cmake_prefix_path.dsv'
[2.542s] INFO:colcon.colcon_core.shell:Creating environment hook '/home/om/navros_ws/src/install/navros_bringup/share/navros_bringup/hook/cmake_prefix_path.sh'
[2.543s] Level 1:colcon.colcon_core.environment:checking '/home/om/navros_ws/src/install/navros_bringup/bin'
[2.543s] Level 1:colcon.colcon_core.environment:checking '/home/om/navros_ws/src/install/navros_bringup/lib/pkgconfig/navros_bringup.pc'
[2.543s] Level 1:colcon.colcon_core.environment:checking '/home/om/navros_ws/src/install/navros_bringup/lib/python3.10/site-packages'
[2.543s] Level 1:colcon.colcon_core.environment:checking '/home/om/navros_ws/src/install/navros_bringup/bin'
[2.543s] INFO:colcon.colcon_core.shell:Creating package script '/home/om/navros_ws/src/install/navros_bringup/share/navros_bringup/package.ps1'
[2.544s] INFO:colcon.colcon_core.shell:Creating package descriptor '/home/om/navros_ws/src/install/navros_bringup/share/navros_bringup/package.dsv'
[2.544s] INFO:colcon.colcon_core.shell:Creating package script '/home/om/navros_ws/src/install/navros_bringup/share/navros_bringup/package.sh'
[2.544s] INFO:colcon.colcon_core.shell:Creating package script '/home/om/navros_ws/src/install/navros_bringup/share/navros_bringup/package.bash'
[2.544s] INFO:colcon.colcon_core.shell:Creating package script '/home/om/navros_ws/src/install/navros_bringup/share/navros_bringup/package.zsh'
[2.545s] Level 1:colcon.colcon_core.environment:create_file_with_runtime_dependencies(/home/om/navros_ws/src/install/navros_bringup/share/colcon-core/packages/navros_bringup)
[2.573s] Level 1:colcon.colcon_core.environment:create_environment_scripts_only(navros_bringup)
[2.574s] Level 1:colcon.colcon_core.environment:checking '/home/om/navros_ws/src/install/navros_bringup' for CMake module files
[2.574s] Level 1:colcon.colcon_core.environment:checking '/home/om/navros_ws/src/install/navros_bringup' for CMake config files
[2.575s] Level 1:colcon.colcon_core.shell:create_environment_hook('navros_bringup', 'cmake_prefix_path')
[2.575s] INFO:colcon.colcon_core.shell:Creating environment hook '/home/om/navros_ws/src/install/navros_bringup/share/navros_bringup/hook/cmake_prefix_path.ps1'
[2.575s] INFO:colcon.colcon_core.shell:Creating environment descriptor '/home/om/navros_ws/src/install/navros_bringup/share/navros_bringup/hook/cmake_prefix_path.dsv'
[2.576s] INFO:colcon.colcon_core.shell:Creating environment hook '/home/om/navros_ws/src/install/navros_bringup/share/navros_bringup/hook/cmake_prefix_path.sh'
[2.576s] Level 1:colcon.colcon_core.environment:checking '/home/om/navros_ws/src/install/navros_bringup/bin'
[2.576s] Level 1:colcon.colcon_core.environment:checking '/home/om/navros_ws/src/install/navros_bringup/lib/pkgconfig/navros_bringup.pc'
[2.577s] Level 1:colcon.colcon_core.environment:checking '/home/om/navros_ws/src/install/navros_bringup/lib/python3.10/site-packages'
[2.577s] Level 1:colcon.colcon_core.environment:checking '/home/om/navros_ws/src/install/navros_bringup/bin'
[2.577s] INFO:colcon.colcon_core.shell:Creating package script '/home/om/navros_ws/src/install/navros_bringup/share/navros_bringup/package.ps1'
[2.578s] INFO:colcon.colcon_core.shell:Creating package descriptor '/home/om/navros_ws/src/install/navros_bringup/share/navros_bringup/package.dsv'
[2.578s] INFO:colcon.colcon_core.shell:Creating package script '/home/om/navros_ws/src/install/navros_bringup/share/navros_bringup/package.sh'
[2.579s] INFO:colcon.colcon_core.shell:Creating package script '/home/om/navros_ws/src/install/navros_bringup/share/navros_bringup/package.bash'
[2.579s] INFO:colcon.colcon_core.shell:Creating package script '/home/om/navros_ws/src/install/navros_bringup/share/navros_bringup/package.zsh'
[2.580s] Level 1:colcon.colcon_core.environment:create_file_with_runtime_dependencies(/home/om/navros_ws/src/install/navros_bringup/share/colcon-core/packages/navros_bringup)
[4.680s] DEBUG:colcon.colcon_core.event_handler.log_command:Invoked command in '/home/om/navros_ws/src/build/serial_motor_demo_msgs' returned '0': CMAKE_PREFIX_PATH=${CMAKE_PREFIX_PATH}:/home/om/navros_ws/install/serial_motor_demo:/home/om/parrot_ws/install/parrot_v1_examples:/home/om/parrot_ws/install/parrot_v1_comms_test:/home/om/ros2_udemy_manipulator_ws/install/arduinobot_py_examples:/home/om/ros2_ws/install/turtlesim_catch_them_all:/home/om/ros2_ws/install/my_py_pkg:/opt/ros/humble /usr/bin/cmake --build /home/om/navros_ws/src/build/serial_motor_demo_msgs -- -j16 -l16
[4.806s] DEBUG:colcon.colcon_core.event_handler.log_command:Invoking command in '/home/om/navros_ws/src/build/serial_motor_demo_msgs': CMAKE_PREFIX_PATH=${CMAKE_PREFIX_PATH}:/home/om/navros_ws/install/serial_motor_demo:/home/om/parrot_ws/install/parrot_v1_examples:/home/om/parrot_ws/install/parrot_v1_comms_test:/home/om/ros2_udemy_manipulator_ws/install/arduinobot_py_examples:/home/om/ros2_ws/install/turtlesim_catch_them_all:/home/om/ros2_ws/install/my_py_pkg:/opt/ros/humble /usr/bin/cmake --install /home/om/navros_ws/src/build/serial_motor_demo_msgs
[4.879s] Level 1:colcon.colcon_core.environment:create_environment_scripts_only(serial_motor_demo_msgs)
[4.880s] DEBUG:colcon.colcon_core.event_handler.log_command:Invoked command in '/home/om/navros_ws/src/build/serial_motor_demo_msgs' returned '0': CMAKE_PREFIX_PATH=${CMAKE_PREFIX_PATH}:/home/om/navros_ws/install/serial_motor_demo:/home/om/parrot_ws/install/parrot_v1_examples:/home/om/parrot_ws/install/parrot_v1_comms_test:/home/om/ros2_udemy_manipulator_ws/install/arduinobot_py_examples:/home/om/ros2_ws/install/turtlesim_catch_them_all:/home/om/ros2_ws/install/my_py_pkg:/opt/ros/humble /usr/bin/cmake --install /home/om/navros_ws/src/build/serial_motor_demo_msgs
[4.880s] Level 1:colcon.colcon_core.environment:checking '/home/om/navros_ws/src/install/serial_motor_demo_msgs' for CMake module files
[4.881s] Level 1:colcon.colcon_core.environment:checking '/home/om/navros_ws/src/install/serial_motor_demo_msgs' for CMake config files
[4.881s] Level 1:colcon.colcon_core.shell:create_environment_hook('serial_motor_demo_msgs', 'cmake_prefix_path')
[4.881s] INFO:colcon.colcon_core.shell:Creating environment hook '/home/om/navros_ws/src/install/serial_motor_demo_msgs/share/serial_motor_demo_msgs/hook/cmake_prefix_path.ps1'
[4.882s] INFO:colcon.colcon_core.shell:Creating environment descriptor '/home/om/navros_ws/src/install/serial_motor_demo_msgs/share/serial_motor_demo_msgs/hook/cmake_prefix_path.dsv'
[4.882s] INFO:colcon.colcon_core.shell:Creating environment hook '/home/om/navros_ws/src/install/serial_motor_demo_msgs/share/serial_motor_demo_msgs/hook/cmake_prefix_path.sh'
[4.883s] Level 1:colcon.colcon_core.environment:checking '/home/om/navros_ws/src/install/serial_motor_demo_msgs/lib'
[4.883s] Level 1:colcon.colcon_core.shell:create_environment_hook('serial_motor_demo_msgs', 'ld_library_path_lib')
[4.883s] INFO:colcon.colcon_core.shell:Creating environment hook '/home/om/navros_ws/src/install/serial_motor_demo_msgs/share/serial_motor_demo_msgs/hook/ld_library_path_lib.ps1'
[4.883s] INFO:colcon.colcon_core.shell:Creating environment descriptor '/home/om/navros_ws/src/install/serial_motor_demo_msgs/share/serial_motor_demo_msgs/hook/ld_library_path_lib.dsv'
[4.883s] INFO:colcon.colcon_core.shell:Creating environment hook '/home/om/navros_ws/src/install/serial_motor_demo_msgs/share/serial_motor_demo_msgs/hook/ld_library_path_lib.sh'
[4.884s] Level 1:colcon.colcon_core.environment:checking '/home/om/navros_ws/src/install/serial_motor_demo_msgs/bin'
[4.884s] Level 1:colcon.colcon_core.environment:checking '/home/om/navros_ws/src/install/serial_motor_demo_msgs/lib/pkgconfig/serial_motor_demo_msgs.pc'
[4.884s] Level 1:colcon.colcon_core.environment:checking '/home/om/navros_ws/src/install/serial_motor_demo_msgs/lib/python3.10/site-packages'
[4.884s] Level 1:colcon.colcon_core.environment:checking '/home/om/navros_ws/src/install/serial_motor_demo_msgs/bin'
[4.884s] INFO:colcon.colcon_core.shell:Creating package script '/home/om/navros_ws/src/install/serial_motor_demo_msgs/share/serial_motor_demo_msgs/package.ps1'
[4.885s] INFO:colcon.colcon_core.shell:Creating package descriptor '/home/om/navros_ws/src/install/serial_motor_demo_msgs/share/serial_motor_demo_msgs/package.dsv'
[4.885s] INFO:colcon.colcon_core.shell:Creating package script '/home/om/navros_ws/src/install/serial_motor_demo_msgs/share/serial_motor_demo_msgs/package.sh'
[4.885s] INFO:colcon.colcon_core.shell:Creating package script '/home/om/navros_ws/src/install/serial_motor_demo_msgs/share/serial_motor_demo_msgs/package.bash'
[4.886s] INFO:colcon.colcon_core.shell:Creating package script '/home/om/navros_ws/src/install/serial_motor_demo_msgs/share/serial_motor_demo_msgs/package.zsh'
[4.886s] Level 1:colcon.colcon_core.environment:create_file_with_runtime_dependencies(/home/om/navros_ws/src/install/serial_motor_demo_msgs/share/colcon-core/packages/serial_motor_demo_msgs)
[5.015s] Level 1:colcon.colcon_core.environment:create_environment_scripts_only(serial_motor_demo_msgs)
[5.015s] Level 1:colcon.colcon_core.environment:checking '/home/om/navros_ws/src/install/serial_motor_demo_msgs' for CMake module files
[5.016s] Level 1:colcon.colcon_core.environment:checking '/home/om/navros_ws/src/install/serial_motor_demo_msgs' for CMake config files
[5.016s] Level 1:colcon.colcon_core.shell:create_environment_hook('serial_motor_demo_msgs', 'cmake_prefix_path')
[5.016s] INFO:colcon.colcon_core.shell:Creating environment hook '/home/om/navros_ws/src/install/serial_motor_demo_msgs/share/serial_motor_demo_msgs/hook/cmake_prefix_path.ps1'
[5.017s] INFO:colcon.colcon_core.shell:Creating environment descriptor '/home/om/navros_ws/src/install/serial_motor_demo_msgs/share/serial_motor_demo_msgs/hook/cmake_prefix_path.dsv'
[5.017s] INFO:colcon.colcon_core.shell:Creating environment hook '/home/om/navros_ws/src/install/serial_motor_demo_msgs/share/serial_motor_demo_msgs/hook/cmake_prefix_path.sh'
[5.017s] Level 1:colcon.colcon_core.environment:checking '/home/om/navros_ws/src/install/serial_motor_demo_msgs/lib'
[5.017s] Level 1:colcon.colcon_core.shell:create_environment_hook('serial_motor_demo_msgs', 'ld_library_path_lib')
[5.018s] INFO:colcon.colcon_core.shell:Creating environment hook '/home/om/navros_ws/src/install/serial_motor_demo_msgs/share/serial_motor_demo_msgs/hook/ld_library_path_lib.ps1'
[5.018s] INFO:colcon.colcon_core.shell:Creating environment descriptor '/home/om/navros_ws/src/install/serial_motor_demo_msgs/share/serial_motor_demo_msgs/hook/ld_library_path_lib.dsv'
[5.018s] INFO:colcon.colcon_core.shell:Creating environment hook '/home/om/navros_ws/src/install/serial_motor_demo_msgs/share/serial_motor_demo_msgs/hook/ld_library_path_lib.sh'
[5.018s] Level 1:colcon.colcon_core.environment:checking '/home/om/navros_ws/src/install/serial_motor_demo_msgs/bin'
[5.018s] Level 1:colcon.colcon_core.environment:checking '/home/om/navros_ws/src/install/serial_motor_demo_msgs/lib/pkgconfig/serial_motor_demo_msgs.pc'
[5.019s] Level 1:colcon.colcon_core.environment:checking '/home/om/navros_ws/src/install/serial_motor_demo_msgs/lib/python3.10/site-packages'
[5.019s] Level 1:colcon.colcon_core.environment:checking '/home/om/navros_ws/src/install/serial_motor_demo_msgs/bin'
[5.019s] INFO:colcon.colcon_core.shell:Creating package script '/home/om/navros_ws/src/install/serial_motor_demo_msgs/share/serial_motor_demo_msgs/package.ps1'
[5.019s] INFO:colcon.colcon_core.shell:Creating package descriptor '/home/om/navros_ws/src/install/serial_motor_demo_msgs/share/serial_motor_demo_msgs/package.dsv'
[5.020s] INFO:colcon.colcon_core.shell:Creating package script '/home/om/navros_ws/src/install/serial_motor_demo_msgs/share/serial_motor_demo_msgs/package.sh'
[5.020s] INFO:colcon.colcon_core.shell:Creating package script '/home/om/navros_ws/src/install/serial_motor_demo_msgs/share/serial_motor_demo_msgs/package.bash'
[5.020s] INFO:colcon.colcon_core.shell:Creating package script '/home/om/navros_ws/src/install/serial_motor_demo_msgs/share/serial_motor_demo_msgs/package.zsh'
[5.020s] Level 1:colcon.colcon_core.environment:create_file_with_runtime_dependencies(/home/om/navros_ws/src/install/serial_motor_demo_msgs/share/colcon-core/packages/serial_motor_demo_msgs)
[5.021s] INFO:colcon.colcon_ros.task.ament_python.build:Building ROS package in '/home/om/navros_ws/src/serial_motor_demo' with build type 'ament_python'
[5.021s] Level 1:colcon.colcon_core.shell:create_environment_hook('serial_motor_demo', 'ament_prefix_path')
[5.021s] INFO:colcon.colcon_core.shell:Creating environment hook '/home/om/navros_ws/src/install/serial_motor_demo/share/serial_motor_demo/hook/ament_prefix_path.ps1'
[5.022s] INFO:colcon.colcon_core.shell:Creating environment descriptor '/home/om/navros_ws/src/install/serial_motor_demo/share/serial_motor_demo/hook/ament_prefix_path.dsv'
[5.022s] INFO:colcon.colcon_core.shell:Creating environment hook '/home/om/navros_ws/src/install/serial_motor_demo/share/serial_motor_demo/hook/ament_prefix_path.sh'
[5.022s] INFO:colcon.colcon_core.shell:Skip shell extension 'powershell' for command environment: Not usable outside of PowerShell
[5.022s] DEBUG:colcon.colcon_core.shell:Skip shell extension 'dsv' for command environment
[5.251s] INFO:colcon.colcon_core.task.python.build:Building Python package in '/home/om/navros_ws/src/serial_motor_demo'
[5.252s] INFO:colcon.colcon_core.shell:Skip shell extension 'powershell' for command environment: Not usable outside of PowerShell
[5.252s] DEBUG:colcon.colcon_core.shell:Skip shell extension 'dsv' for command environment
[5.791s] DEBUG:colcon.colcon_core.event_handler.log_command:Invoking command in '/home/om/navros_ws/src/serial_motor_demo': AMENT_PREFIX_PATH=/home/om/navros_ws/src/install/serial_motor_demo_msgs:${AMENT_PREFIX_PATH} CMAKE_PREFIX_PATH=/home/om/navros_ws/src/install/serial_motor_demo_msgs:${CMAKE_PREFIX_PATH} LD_LIBRARY_PATH=/home/om/navros_ws/src/install/serial_motor_demo_msgs/lib:/home/om/navros_ws/install/serial_motor_demo_msgs/lib:/home/om/parrot_ws/install/parrot_v1_msgs/lib:/home/om/ros2_udemy_manipulator_ws/install/arduinobot_remote/lib:/home/om/ros2_udemy_manipulator_ws/install/arduinobot_cpp_examples/lib:/home/om/ros2_udemy_manipulator_ws/install/arduinobot_msgs/lib:/home/om/ros2_ws/install/my_robot_interfaces/lib:/usr/lib/x86_64-linux-gnu/gazebo-11/plugins:/opt/ros/humble/opt/rviz_ogre_vendor/lib:/opt/ros/humble/lib/x86_64-linux-gnu:/opt/ros/humble/lib:/usr/share/gazebo/../../lib/x86_64-linux-gnu/gazebo-11/plugins:/usr/share/gazebo/../../lib/x86_64-linux-gnu/gazebo-11/plugins:/usr/share/gazebo/../../lib/x86_64-linux-gnu/gazebo-11/plugins PYTHONPATH=/home/om/navros_ws/src/build/serial_motor_demo/prefix_override:/home/om/navros_ws/src/install/serial_motor_demo/lib/python3.10/site-packages:/home/om/navros_ws/src/install/serial_motor_demo_msgs/local/lib/python3.10/dist-packages:${PYTHONPATH} /usr/bin/python3 -W ignore:setup.py install is deprecated setup.py egg_info --egg-base ../build/serial_motor_demo build --build-base /home/om/navros_ws/src/build/serial_motor_demo/build install --record /home/om/navros_ws/src/build/serial_motor_demo/install.log --single-version-externally-managed install_data
[6.240s] Level 1:colcon.colcon_core.environment:checking '/home/om/navros_ws/src/install/serial_motor_demo' for CMake module files
[6.241s] DEBUG:colcon.colcon_core.event_handler.log_command:Invoked command in '/home/om/navros_ws/src/serial_motor_demo' returned '0': AMENT_PREFIX_PATH=/home/om/navros_ws/src/install/serial_motor_demo_msgs:${AMENT_PREFIX_PATH} CMAKE_PREFIX_PATH=/home/om/navros_ws/src/install/serial_motor_demo_msgs:${CMAKE_PREFIX_PATH} LD_LIBRARY_PATH=/home/om/navros_ws/src/install/serial_motor_demo_msgs/lib:/home/om/navros_ws/install/serial_motor_demo_msgs/lib:/home/om/parrot_ws/install/parrot_v1_msgs/lib:/home/om/ros2_udemy_manipulator_ws/install/arduinobot_remote/lib:/home/om/ros2_udemy_manipulator_ws/install/arduinobot_cpp_examples/lib:/home/om/ros2_udemy_manipulator_ws/install/arduinobot_msgs/lib:/home/om/ros2_ws/install/my_robot_interfaces/lib:/usr/lib/x86_64-linux-gnu/gazebo-11/plugins:/opt/ros/humble/opt/rviz_ogre_vendor/lib:/opt/ros/humble/lib/x86_64-linux-gnu:/opt/ros/humble/lib:/usr/share/gazebo/../../lib/x86_64-linux-gnu/gazebo-11/plugins:/usr/share/gazebo/../../lib/x86_64-linux-gnu/gazebo-11/plugins:/usr/share/gazebo/../../lib/x86_64-linux-gnu/gazebo-11/plugins PYTHONPATH=/home/om/navros_ws/src/build/serial_motor_demo/prefix_override:/home/om/navros_ws/src/install/serial_motor_demo/lib/python3.10/site-packages:/home/om/navros_ws/src/install/serial_motor_demo_msgs/local/lib/python3.10/dist-packages:${PYTHONPATH} /usr/bin/python3 -W ignore:setup.py install is deprecated setup.py egg_info --egg-base ../build/serial_motor_demo build --build-base /home/om/navros_ws/src/build/serial_motor_demo/build install --record /home/om/navros_ws/src/build/serial_motor_demo/install.log --single-version-externally-managed install_data
[6.241s] Level 1:colcon.colcon_core.environment:checking '/home/om/navros_ws/src/install/serial_motor_demo' for CMake config files
[6.241s] Level 1:colcon.colcon_core.environment:checking '/home/om/navros_ws/src/install/serial_motor_demo/lib'
[6.241s] Level 1:colcon.colcon_core.environment:checking '/home/om/navros_ws/src/install/serial_motor_demo/bin'
[6.241s] Level 1:colcon.colcon_core.environment:checking '/home/om/navros_ws/src/install/serial_motor_demo/lib/pkgconfig/serial_motor_demo.pc'
[6.242s] Level 1:colcon.colcon_core.environment:checking '/home/om/navros_ws/src/install/serial_motor_demo/lib/python3.10/site-packages'
[6.242s] Level 1:colcon.colcon_core.shell:create_environment_hook('serial_motor_demo', 'pythonpath')
[6.242s] INFO:colcon.colcon_core.shell:Creating environment hook '/home/om/navros_ws/src/install/serial_motor_demo/share/serial_motor_demo/hook/pythonpath.ps1'
[6.242s] INFO:colcon.colcon_core.shell:Creating environment descriptor '/home/om/navros_ws/src/install/serial_motor_demo/share/serial_motor_demo/hook/pythonpath.dsv'
[6.242s] INFO:colcon.colcon_core.shell:Creating environment hook '/home/om/navros_ws/src/install/serial_motor_demo/share/serial_motor_demo/hook/pythonpath.sh'
[6.243s] Level 1:colcon.colcon_core.environment:checking '/home/om/navros_ws/src/install/serial_motor_demo/bin'
[6.243s] Level 1:colcon.colcon_core.environment:create_environment_scripts_only(serial_motor_demo)
[6.243s] INFO:colcon.colcon_core.shell:Creating package script '/home/om/navros_ws/src/install/serial_motor_demo/share/serial_motor_demo/package.ps1'
[6.243s] INFO:colcon.colcon_core.shell:Creating package descriptor '/home/om/navros_ws/src/install/serial_motor_demo/share/serial_motor_demo/package.dsv'
[6.244s] INFO:colcon.colcon_core.shell:Creating package script '/home/om/navros_ws/src/install/serial_motor_demo/share/serial_motor_demo/package.sh'
[6.244s] INFO:colcon.colcon_core.shell:Creating package script '/home/om/navros_ws/src/install/serial_motor_demo/share/serial_motor_demo/package.bash'
[6.244s] INFO:colcon.colcon_core.shell:Creating package script '/home/om/navros_ws/src/install/serial_motor_demo/share/serial_motor_demo/package.zsh'
[6.244s] Level 1:colcon.colcon_core.environment:create_file_with_runtime_dependencies(/home/om/navros_ws/src/install/serial_motor_demo/share/colcon-core/packages/serial_motor_demo)
[6.244s] DEBUG:colcon.colcon_parallel_executor.executor.parallel:closing loop
[6.245s] DEBUG:colcon.colcon_parallel_executor.executor.parallel:loop closed
[6.245s] DEBUG:colcon.colcon_parallel_executor.executor.parallel:run_until_complete finished with '0'
[6.245s] DEBUG:colcon.colcon_core.event_reactor:joining thread
[6.253s] INFO:colcon.colcon_core.plugin_system:Skipping extension 'colcon_notification.desktop_notification.terminal_notifier': Not used on non-Darwin systems
[6.254s] INFO:colcon.colcon_core.plugin_system:Skipping extension 'colcon_notification.desktop_notification.win32': Not used on non-Windows systems
[6.254s] INFO:colcon.colcon_notification.desktop_notification:Sending desktop notification using 'notify2'
[6.270s] DEBUG:colcon.colcon_core.event_reactor:joined thread
[6.270s] INFO:colcon.colcon_core.shell:Creating prefix script '/home/om/navros_ws/src/install/local_setup.ps1'
[6.271s] INFO:colcon.colcon_core.shell:Creating prefix util module '/home/om/navros_ws/src/install/_local_setup_util_ps1.py'
[6.272s] INFO:colcon.colcon_core.shell:Creating prefix chain script '/home/om/navros_ws/src/install/setup.ps1'
[6.275s] INFO:colcon.colcon_core.shell:Creating prefix script '/home/om/navros_ws/src/install/local_setup.sh'
[6.275s] INFO:colcon.colcon_core.shell:Creating prefix util module '/home/om/navros_ws/src/install/_local_setup_util_sh.py'
[6.276s] INFO:colcon.colcon_core.shell:Creating prefix chain script '/home/om/navros_ws/src/install/setup.sh'
[6.278s] INFO:colcon.colcon_core.shell:Creating prefix script '/home/om/navros_ws/src/install/local_setup.bash'
[6.278s] INFO:colcon.colcon_core.shell:Creating prefix chain script '/home/om/navros_ws/src/install/setup.bash'
[6.281s] INFO:colcon.colcon_core.shell:Creating prefix script '/home/om/navros_ws/src/install/local_setup.zsh'
[6.281s] INFO:colcon.colcon_core.shell:Creating prefix chain script '/home/om/navros_ws/src/install/setup.zsh'
