[0.804s] Invoking command in '/home/om/navros_ws/src/serial_motor_demo': AMENT_PREFIX_PATH=/home/om/navros_ws/src/install/serial_motor_demo_msgs:${AMENT_PREFIX_PATH} CMAKE_PREFIX_PATH=/home/om/navros_ws/src/install/serial_motor_demo_msgs:${CMAKE_PREFIX_PATH} LD_LIBRARY_PATH=/home/om/navros_ws/src/install/serial_motor_demo_msgs/lib:/home/om/navros_ws/install/serial_motor_demo_msgs/lib:/home/om/parrot_ws/install/parrot_v1_msgs/lib:/home/om/ros2_udemy_manipulator_ws/install/arduinobot_remote/lib:/home/om/ros2_udemy_manipulator_ws/install/arduinobot_cpp_examples/lib:/home/om/ros2_udemy_manipulator_ws/install/arduinobot_msgs/lib:/home/om/parrot_ws/src/install/parrot_v1_msgs/lib:/home/om/ros2_ws/install/my_robot_interfaces/lib:/usr/lib/x86_64-linux-gnu/gazebo-11/plugins:/opt/ros/humble/opt/rviz_ogre_vendor/lib:/opt/ros/humble/lib/x86_64-linux-gnu:/opt/ros/humble/lib:/usr/share/gazebo/../../lib/x86_64-linux-gnu/gazebo-11/plugins PYTHONPATH=/home/om/navros_ws/src/build/serial_motor_demo/prefix_override:/usr/lib/python3/dist-packages/colcon_core/task/python/colcon_distutils_commands:/home/om/navros_ws/src/install/serial_motor_demo/lib/python3.10/site-packages:/home/om/navros_ws/src/install/serial_motor_demo_msgs/local/lib/python3.10/dist-packages:${PYTHONPATH} /usr/bin/python3 -W ignore:setup.py install is deprecated setup.py egg_info --egg-base ../build/serial_motor_demo build --build-base /home/om/navros_ws/src/build/serial_motor_demo/build install --record /home/om/navros_ws/src/build/serial_motor_demo/install.log --single-version-externally-managed install_data
[1.035s] running egg_info
[1.049s] writing ../build/serial_motor_demo/serial_motor_demo.egg-info/PKG-INFO
[1.049s] writing dependency_links to ../build/serial_motor_demo/serial_motor_demo.egg-info/dependency_links.txt
[1.050s] writing entry points to ../build/serial_motor_demo/serial_motor_demo.egg-info/entry_points.txt
[1.050s] writing requirements to ../build/serial_motor_demo/serial_motor_demo.egg-info/requires.txt
[1.050s] writing top-level names to ../build/serial_motor_demo/serial_motor_demo.egg-info/top_level.txt
[1.080s] reading manifest file '../build/serial_motor_demo/serial_motor_demo.egg-info/SOURCES.txt'
[1.082s] writing manifest file '../build/serial_motor_demo/serial_motor_demo.egg-info/SOURCES.txt'
[1.082s] running build
[1.082s] running build_py
[1.082s] copying serial_motor_demo/driver.py -> /home/om/navros_ws/src/build/serial_motor_demo/build/lib/serial_motor_demo
[1.082s] copying serial_motor_demo/__init__.py -> /home/om/navros_ws/src/build/serial_motor_demo/build/lib/serial_motor_demo
[1.082s] copying serial_motor_demo/gui.py -> /home/om/navros_ws/src/build/serial_motor_demo/build/lib/serial_motor_demo
[1.083s] running install
[1.087s] running install_lib
[1.103s] running install_data
[1.103s] copying resource/serial_motor_demo -> /home/om/navros_ws/src/install/serial_motor_demo/share/ament_index/resource_index/packages
[1.103s] copying package.xml -> /home/om/navros_ws/src/install/serial_motor_demo/share/serial_motor_demo
[1.103s] running install_egg_info
[1.119s] removing '/home/om/navros_ws/src/install/serial_motor_demo/lib/python3.10/site-packages/serial_motor_demo-0.0.0-py3.10.egg-info' (and everything under it)
[1.119s] Copying ../build/serial_motor_demo/serial_motor_demo.egg-info to /home/om/navros_ws/src/install/serial_motor_demo/lib/python3.10/site-packages/serial_motor_demo-0.0.0-py3.10.egg-info
[1.121s] running install_scripts
[1.253s] Installing driver script to /home/om/navros_ws/src/install/serial_motor_demo/lib/serial_motor_demo
[1.253s] Installing gui script to /home/om/navros_ws/src/install/serial_motor_demo/lib/serial_motor_demo
[1.254s] writing list of installed files to '/home/om/navros_ws/src/build/serial_motor_demo/install.log'
[1.291s] Invoked command in '/home/om/navros_ws/src/serial_motor_demo' returned '0': AMENT_PREFIX_PATH=/home/om/navros_ws/src/install/serial_motor_demo_msgs:${AMENT_PREFIX_PATH} CMAKE_PREFIX_PATH=/home/om/navros_ws/src/install/serial_motor_demo_msgs:${CMAKE_PREFIX_PATH} LD_LIBRARY_PATH=/home/om/navros_ws/src/install/serial_motor_demo_msgs/lib:/home/om/navros_ws/install/serial_motor_demo_msgs/lib:/home/om/parrot_ws/install/parrot_v1_msgs/lib:/home/om/ros2_udemy_manipulator_ws/install/arduinobot_remote/lib:/home/om/ros2_udemy_manipulator_ws/install/arduinobot_cpp_examples/lib:/home/om/ros2_udemy_manipulator_ws/install/arduinobot_msgs/lib:/home/om/parrot_ws/src/install/parrot_v1_msgs/lib:/home/om/ros2_ws/install/my_robot_interfaces/lib:/usr/lib/x86_64-linux-gnu/gazebo-11/plugins:/opt/ros/humble/opt/rviz_ogre_vendor/lib:/opt/ros/humble/lib/x86_64-linux-gnu:/opt/ros/humble/lib:/usr/share/gazebo/../../lib/x86_64-linux-gnu/gazebo-11/plugins PYTHONPATH=/home/om/navros_ws/src/build/serial_motor_demo/prefix_override:/usr/lib/python3/dist-packages/colcon_core/task/python/colcon_distutils_commands:/home/om/navros_ws/src/install/serial_motor_demo/lib/python3.10/site-packages:/home/om/navros_ws/src/install/serial_motor_demo_msgs/local/lib/python3.10/dist-packages:${PYTHONPATH} /usr/bin/python3 -W ignore:setup.py install is deprecated setup.py egg_info --egg-base ../build/serial_motor_demo build --build-base /home/om/navros_ws/src/build/serial_motor_demo/build install --record /home/om/navros_ws/src/build/serial_motor_demo/install.log --single-version-externally-managed install_data
