-- Install configuration: ""
-- Installing: /home/om/navros_ws/src/install/navros_bringup/share/navros_bringup//launch
-- Installing: /home/om/navros_ws/src/install/navros_bringup/share/navros_bringup//launch/navros_drive.launch.xml
-- Installing: /home/om/navros_ws/src/install/navros_bringup/share/navros_bringup//launch/navros_rsp.launch.py
-- Installing: /home/om/navros_ws/src/install/navros_bringup/share/navros_bringup//launch/navros_gazebo.launch.xml
-- Installing: /home/om/navros_ws/src/install/navros_bringup/share/navros_bringup//launch/pi5_drive.launch.py
-- Installing: /home/om/navros_ws/src/install/navros_bringup/share/navros_bringup//launch/navros_gazebo.launch.py
-- Installing: /home/om/navros_ws/src/install/navros_bringup/share/ament_index/resource_index/package_run_dependencies/navros_bringup
-- Installing: /home/om/navros_ws/src/install/navros_bringup/share/ament_index/resource_index/parent_prefix_path/navros_bringup
-- Installing: /home/om/navros_ws/src/install/navros_bringup/share/navros_bringup/environment/ament_prefix_path.sh
-- Installing: /home/om/navros_ws/src/install/navros_bringup/share/navros_bringup/environment/ament_prefix_path.dsv
-- Installing: /home/om/navros_ws/src/install/navros_bringup/share/navros_bringup/environment/path.sh
-- Installing: /home/om/navros_ws/src/install/navros_bringup/share/navros_bringup/environment/path.dsv
-- Installing: /home/om/navros_ws/src/install/navros_bringup/share/navros_bringup/local_setup.bash
-- Installing: /home/om/navros_ws/src/install/navros_bringup/share/navros_bringup/local_setup.sh
-- Installing: /home/om/navros_ws/src/install/navros_bringup/share/navros_bringup/local_setup.zsh
-- Installing: /home/om/navros_ws/src/install/navros_bringup/share/navros_bringup/local_setup.dsv
-- Installing: /home/om/navros_ws/src/install/navros_bringup/share/navros_bringup/package.dsv
-- Installing: /home/om/navros_ws/src/install/navros_bringup/share/ament_index/resource_index/packages/navros_bringup
-- Installing: /home/om/navros_ws/src/install/navros_bringup/share/navros_bringup/cmake/navros_bringupConfig.cmake
-- Installing: /home/om/navros_ws/src/install/navros_bringup/share/navros_bringup/cmake/navros_bringupConfig-version.cmake
-- Installing: /home/om/navros_ws/src/install/navros_bringup/share/navros_bringup/package.xml
