[0.037s] Invoking command in '/home/om/navros_ws/src/build/serial_motor_demo_msgs': CMAKE_PREFIX_PATH=${CMAKE_PREFIX_PATH}:/home/om/navros_ws/install/serial_motor_demo:/home/om/parrot_ws/install/parrot_v1_examples:/home/om/parrot_ws/install/parrot_v1_comms_test:/home/om/parrot_ws/install/parrot_cv_model:/home/om/ros2_udemy_manipulator_ws/install/arduinobot_py_examples:/home/om/parrot_ws/src/install/parrot_v1_examples:/home/om/parrot_ws/src/install/parrot_v1_comms_test:/home/om/ros2_ws/install/turtlesim_catch_them_all:/home/om/ros2_ws/install/my_py_pkg:/opt/ros/humble /usr/bin/cmake --build /home/om/navros_ws/src/build/serial_motor_demo_msgs -- -j16 -l16
[0.091s] [  1%] Built target serial_motor_demo_msgs__cpp
[0.092s] [ 12%] Built target serial_motor_demo_msgs__rosidl_generator_c
[0.108s] [ 12%] Built target ament_cmake_python_copy_serial_motor_demo_msgs
[0.122s] [ 34%] Built target serial_motor_demo_msgs__rosidl_typesupport_cpp
[0.122s] [ 34%] Built target serial_motor_demo_msgs__rosidl_typesupport_introspection_cpp
[0.122s] [ 46%] Built target serial_motor_demo_msgs__rosidl_typesupport_introspection_c
[0.123s] [ 66%] Built target serial_motor_demo_msgs__rosidl_typesupport_fastrtps_cpp
[0.123s] [ 68%] Built target serial_motor_demo_msgs__rosidl_typesupport_c
[0.124s] [ 79%] Built target serial_motor_demo_msgs__rosidl_typesupport_fastrtps_c
[0.154s] [ 79%] Built target serial_motor_demo_msgs
[0.171s] [ 80%] Built target serial_motor_demo_msgs__py
[0.199s] [ 90%] Built target serial_motor_demo_msgs__rosidl_generator_py
[0.225s] [100%] Built target serial_motor_demo_msgs__rosidl_typesupport_introspection_c__pyext
[0.225s] [100%] Built target serial_motor_demo_msgs__rosidl_typesupport_fastrtps_c__pyext
[0.225s] [100%] Built target serial_motor_demo_msgs__rosidl_typesupport_c__pyext
[0.322s] running egg_info
[0.337s] writing serial_motor_demo_msgs.egg-info/PKG-INFO
[0.338s] writing dependency_links to serial_motor_demo_msgs.egg-info/dependency_links.txt
[0.338s] writing top-level names to serial_motor_demo_msgs.egg-info/top_level.txt
[0.379s] reading manifest file 'serial_motor_demo_msgs.egg-info/SOURCES.txt'
[0.380s] writing manifest file 'serial_motor_demo_msgs.egg-info/SOURCES.txt'
[0.410s] [100%] Built target ament_cmake_python_build_serial_motor_demo_msgs_egg
[0.424s] Invoked command in '/home/om/navros_ws/src/build/serial_motor_demo_msgs' returned '0': CMAKE_PREFIX_PATH=${CMAKE_PREFIX_PATH}:/home/om/navros_ws/install/serial_motor_demo:/home/om/parrot_ws/install/parrot_v1_examples:/home/om/parrot_ws/install/parrot_v1_comms_test:/home/om/parrot_ws/install/parrot_cv_model:/home/om/ros2_udemy_manipulator_ws/install/arduinobot_py_examples:/home/om/parrot_ws/src/install/parrot_v1_examples:/home/om/parrot_ws/src/install/parrot_v1_comms_test:/home/om/ros2_ws/install/turtlesim_catch_them_all:/home/om/ros2_ws/install/my_py_pkg:/opt/ros/humble /usr/bin/cmake --build /home/om/navros_ws/src/build/serial_motor_demo_msgs -- -j16 -l16
[0.590s] Invoking command in '/home/om/navros_ws/src/build/serial_motor_demo_msgs': CMAKE_PREFIX_PATH=${CMAKE_PREFIX_PATH}:/home/om/navros_ws/install/serial_motor_demo:/home/om/parrot_ws/install/parrot_v1_examples:/home/om/parrot_ws/install/parrot_v1_comms_test:/home/om/parrot_ws/install/parrot_cv_model:/home/om/ros2_udemy_manipulator_ws/install/arduinobot_py_examples:/home/om/parrot_ws/src/install/parrot_v1_examples:/home/om/parrot_ws/src/install/parrot_v1_comms_test:/home/om/ros2_ws/install/turtlesim_catch_them_all:/home/om/ros2_ws/install/my_py_pkg:/opt/ros/humble /usr/bin/cmake --install /home/om/navros_ws/src/build/serial_motor_demo_msgs
[0.600s] -- Install configuration: ""
[0.600s] -- Up-to-date: /home/om/navros_ws/src/install/serial_motor_demo_msgs/share/ament_index/resource_index/rosidl_interfaces/serial_motor_demo_msgs
[0.600s] -- Up-to-date: /home/om/navros_ws/src/install/serial_motor_demo_msgs/include/serial_motor_demo_msgs/serial_motor_demo_msgs
[0.600s] -- Up-to-date: /home/om/navros_ws/src/install/serial_motor_demo_msgs/include/serial_motor_demo_msgs/serial_motor_demo_msgs/msg
[0.600s] -- Up-to-date: /home/om/navros_ws/src/install/serial_motor_demo_msgs/include/serial_motor_demo_msgs/serial_motor_demo_msgs/msg/feedback_motor.h
[0.600s] -- Up-to-date: /home/om/navros_ws/src/install/serial_motor_demo_msgs/include/serial_motor_demo_msgs/serial_motor_demo_msgs/msg/motor_command.h
[0.601s] -- Up-to-date: /home/om/navros_ws/src/install/serial_motor_demo_msgs/include/serial_motor_demo_msgs/serial_motor_demo_msgs/msg/rosidl_generator_c__visibility_control.h
[0.601s] -- Up-to-date: /home/om/navros_ws/src/install/serial_motor_demo_msgs/include/serial_motor_demo_msgs/serial_motor_demo_msgs/msg/detail
[0.601s] -- Up-to-date: /home/om/navros_ws/src/install/serial_motor_demo_msgs/include/serial_motor_demo_msgs/serial_motor_demo_msgs/msg/detail/motor_command__type_support.h
[0.601s] -- Up-to-date: /home/om/navros_ws/src/install/serial_motor_demo_msgs/include/serial_motor_demo_msgs/serial_motor_demo_msgs/msg/detail/motor_vels__functions.c
[0.601s] -- Up-to-date: /home/om/navros_ws/src/install/serial_motor_demo_msgs/include/serial_motor_demo_msgs/serial_motor_demo_msgs/msg/detail/motor_vels__struct.h
[0.601s] -- Up-to-date: /home/om/navros_ws/src/install/serial_motor_demo_msgs/include/serial_motor_demo_msgs/serial_motor_demo_msgs/msg/detail/encoder_vals__struct.h
[0.601s] -- Up-to-date: /home/om/navros_ws/src/install/serial_motor_demo_msgs/include/serial_motor_demo_msgs/serial_motor_demo_msgs/msg/detail/feedback_motor__type_support.h
[0.601s] -- Up-to-date: /home/om/navros_ws/src/install/serial_motor_demo_msgs/include/serial_motor_demo_msgs/serial_motor_demo_msgs/msg/detail/encoder_vals__functions.c
[0.601s] -- Up-to-date: /home/om/navros_ws/src/install/serial_motor_demo_msgs/include/serial_motor_demo_msgs/serial_motor_demo_msgs/msg/detail/motor_command__functions.h
[0.601s] -- Up-to-date: /home/om/navros_ws/src/install/serial_motor_demo_msgs/include/serial_motor_demo_msgs/serial_motor_demo_msgs/msg/detail/motor_vels__type_support.h
[0.601s] -- Up-to-date: /home/om/navros_ws/src/install/serial_motor_demo_msgs/include/serial_motor_demo_msgs/serial_motor_demo_msgs/msg/detail/motor_command__struct.h
[0.601s] -- Up-to-date: /home/om/navros_ws/src/install/serial_motor_demo_msgs/include/serial_motor_demo_msgs/serial_motor_demo_msgs/msg/detail/encoder_vals__type_support.h
[0.601s] -- Up-to-date: /home/om/navros_ws/src/install/serial_motor_demo_msgs/include/serial_motor_demo_msgs/serial_motor_demo_msgs/msg/detail/feedback_motor__functions.h
[0.601s] -- Up-to-date: /home/om/navros_ws/src/install/serial_motor_demo_msgs/include/serial_motor_demo_msgs/serial_motor_demo_msgs/msg/detail/encoder_vals__functions.h
[0.601s] -- Up-to-date: /home/om/navros_ws/src/install/serial_motor_demo_msgs/include/serial_motor_demo_msgs/serial_motor_demo_msgs/msg/detail/motor_vels__functions.h
[0.601s] -- Up-to-date: /home/om/navros_ws/src/install/serial_motor_demo_msgs/include/serial_motor_demo_msgs/serial_motor_demo_msgs/msg/detail/motor_command__functions.c
[0.601s] -- Up-to-date: /home/om/navros_ws/src/install/serial_motor_demo_msgs/include/serial_motor_demo_msgs/serial_motor_demo_msgs/msg/detail/feedback_motor__struct.h
[0.601s] -- Up-to-date: /home/om/navros_ws/src/install/serial_motor_demo_msgs/include/serial_motor_demo_msgs/serial_motor_demo_msgs/msg/detail/feedback_motor__functions.c
[0.602s] -- Up-to-date: /home/om/navros_ws/src/install/serial_motor_demo_msgs/include/serial_motor_demo_msgs/serial_motor_demo_msgs/msg/encoder_vals.h
[0.602s] -- Up-to-date: /home/om/navros_ws/src/install/serial_motor_demo_msgs/include/serial_motor_demo_msgs/serial_motor_demo_msgs/msg/motor_vels.h
[0.602s] -- Up-to-date: /home/om/navros_ws/src/install/serial_motor_demo_msgs/include/serial_motor_demo_msgs/serial_motor_demo_msgs/srv
[0.602s] -- Up-to-date: /home/om/navros_ws/src/install/serial_motor_demo_msgs/include/serial_motor_demo_msgs/serial_motor_demo_msgs/srv/run_motor.h
[0.602s] -- Up-to-date: /home/om/navros_ws/src/install/serial_motor_demo_msgs/include/serial_motor_demo_msgs/serial_motor_demo_msgs/srv/detail
[0.602s] -- Up-to-date: /home/om/navros_ws/src/install/serial_motor_demo_msgs/include/serial_motor_demo_msgs/serial_motor_demo_msgs/srv/detail/run_motor__type_support.h
[0.602s] -- Up-to-date: /home/om/navros_ws/src/install/serial_motor_demo_msgs/include/serial_motor_demo_msgs/serial_motor_demo_msgs/srv/detail/run_motor__functions.h
[0.602s] -- Up-to-date: /home/om/navros_ws/src/install/serial_motor_demo_msgs/include/serial_motor_demo_msgs/serial_motor_demo_msgs/srv/detail/run_motor__functions.c
[0.602s] -- Up-to-date: /home/om/navros_ws/src/install/serial_motor_demo_msgs/include/serial_motor_demo_msgs/serial_motor_demo_msgs/srv/detail/run_motor__struct.h
[0.602s] -- Up-to-date: /home/om/navros_ws/src/install/serial_motor_demo_msgs/share/serial_motor_demo_msgs/environment/library_path.sh
[0.602s] -- Up-to-date: /home/om/navros_ws/src/install/serial_motor_demo_msgs/share/serial_motor_demo_msgs/environment/library_path.dsv
[0.602s] -- Up-to-date: /home/om/navros_ws/src/install/serial_motor_demo_msgs/lib/libserial_motor_demo_msgs__rosidl_generator_c.so
[0.602s] -- Up-to-date: /home/om/navros_ws/src/install/serial_motor_demo_msgs/include/serial_motor_demo_msgs/serial_motor_demo_msgs
[0.602s] -- Up-to-date: /home/om/navros_ws/src/install/serial_motor_demo_msgs/include/serial_motor_demo_msgs/serial_motor_demo_msgs/msg
[0.602s] -- Up-to-date: /home/om/navros_ws/src/install/serial_motor_demo_msgs/include/serial_motor_demo_msgs/serial_motor_demo_msgs/msg/detail
[0.602s] -- Up-to-date: /home/om/navros_ws/src/install/serial_motor_demo_msgs/include/serial_motor_demo_msgs/serial_motor_demo_msgs/msg/detail/motor_command__rosidl_typesupport_fastrtps_c.h
[0.602s] -- Up-to-date: /home/om/navros_ws/src/install/serial_motor_demo_msgs/include/serial_motor_demo_msgs/serial_motor_demo_msgs/msg/detail/motor_vels__rosidl_typesupport_fastrtps_c.h
[0.603s] -- Up-to-date: /home/om/navros_ws/src/install/serial_motor_demo_msgs/include/serial_motor_demo_msgs/serial_motor_demo_msgs/msg/detail/feedback_motor__rosidl_typesupport_fastrtps_c.h
[0.603s] -- Up-to-date: /home/om/navros_ws/src/install/serial_motor_demo_msgs/include/serial_motor_demo_msgs/serial_motor_demo_msgs/msg/detail/encoder_vals__rosidl_typesupport_fastrtps_c.h
[0.603s] -- Up-to-date: /home/om/navros_ws/src/install/serial_motor_demo_msgs/include/serial_motor_demo_msgs/serial_motor_demo_msgs/msg/rosidl_typesupport_fastrtps_c__visibility_control.h
[0.603s] -- Up-to-date: /home/om/navros_ws/src/install/serial_motor_demo_msgs/include/serial_motor_demo_msgs/serial_motor_demo_msgs/srv
[0.603s] -- Up-to-date: /home/om/navros_ws/src/install/serial_motor_demo_msgs/include/serial_motor_demo_msgs/serial_motor_demo_msgs/srv/detail
[0.603s] -- Up-to-date: /home/om/navros_ws/src/install/serial_motor_demo_msgs/include/serial_motor_demo_msgs/serial_motor_demo_msgs/srv/detail/run_motor__rosidl_typesupport_fastrtps_c.h
[0.603s] -- Up-to-date: /home/om/navros_ws/src/install/serial_motor_demo_msgs/lib/libserial_motor_demo_msgs__rosidl_typesupport_fastrtps_c.so
[0.603s] -- Up-to-date: /home/om/navros_ws/src/install/serial_motor_demo_msgs/include/serial_motor_demo_msgs/serial_motor_demo_msgs
[0.603s] -- Up-to-date: /home/om/navros_ws/src/install/serial_motor_demo_msgs/include/serial_motor_demo_msgs/serial_motor_demo_msgs/msg
[0.603s] -- Up-to-date: /home/om/navros_ws/src/install/serial_motor_demo_msgs/include/serial_motor_demo_msgs/serial_motor_demo_msgs/msg/rosidl_typesupport_introspection_c__visibility_control.h
[0.603s] -- Up-to-date: /home/om/navros_ws/src/install/serial_motor_demo_msgs/include/serial_motor_demo_msgs/serial_motor_demo_msgs/msg/detail
[0.603s] -- Up-to-date: /home/om/navros_ws/src/install/serial_motor_demo_msgs/include/serial_motor_demo_msgs/serial_motor_demo_msgs/msg/detail/motor_command__type_support.c
[0.603s] -- Up-to-date: /home/om/navros_ws/src/install/serial_motor_demo_msgs/include/serial_motor_demo_msgs/serial_motor_demo_msgs/msg/detail/motor_vels__type_support.c
[0.603s] -- Up-to-date: /home/om/navros_ws/src/install/serial_motor_demo_msgs/include/serial_motor_demo_msgs/serial_motor_demo_msgs/msg/detail/encoder_vals__type_support.c
[0.603s] -- Up-to-date: /home/om/navros_ws/src/install/serial_motor_demo_msgs/include/serial_motor_demo_msgs/serial_motor_demo_msgs/msg/detail/feedback_motor__type_support.c
[0.604s] -- Up-to-date: /home/om/navros_ws/src/install/serial_motor_demo_msgs/include/serial_motor_demo_msgs/serial_motor_demo_msgs/msg/detail/encoder_vals__rosidl_typesupport_introspection_c.h
[0.604s] -- Up-to-date: /home/om/navros_ws/src/install/serial_motor_demo_msgs/include/serial_motor_demo_msgs/serial_motor_demo_msgs/msg/detail/motor_vels__rosidl_typesupport_introspection_c.h
[0.604s] -- Up-to-date: /home/om/navros_ws/src/install/serial_motor_demo_msgs/include/serial_motor_demo_msgs/serial_motor_demo_msgs/msg/detail/motor_command__rosidl_typesupport_introspection_c.h
[0.604s] -- Up-to-date: /home/om/navros_ws/src/install/serial_motor_demo_msgs/include/serial_motor_demo_msgs/serial_motor_demo_msgs/msg/detail/feedback_motor__rosidl_typesupport_introspection_c.h
[0.604s] -- Up-to-date: /home/om/navros_ws/src/install/serial_motor_demo_msgs/include/serial_motor_demo_msgs/serial_motor_demo_msgs/srv
[0.604s] -- Up-to-date: /home/om/navros_ws/src/install/serial_motor_demo_msgs/include/serial_motor_demo_msgs/serial_motor_demo_msgs/srv/detail
[0.604s] -- Up-to-date: /home/om/navros_ws/src/install/serial_motor_demo_msgs/include/serial_motor_demo_msgs/serial_motor_demo_msgs/srv/detail/run_motor__type_support.c
[0.604s] -- Up-to-date: /home/om/navros_ws/src/install/serial_motor_demo_msgs/include/serial_motor_demo_msgs/serial_motor_demo_msgs/srv/detail/run_motor__rosidl_typesupport_introspection_c.h
[0.604s] -- Up-to-date: /home/om/navros_ws/src/install/serial_motor_demo_msgs/lib/libserial_motor_demo_msgs__rosidl_typesupport_introspection_c.so
[0.605s] -- Up-to-date: /home/om/navros_ws/src/install/serial_motor_demo_msgs/lib/libserial_motor_demo_msgs__rosidl_typesupport_c.so
[0.605s] -- Up-to-date: /home/om/navros_ws/src/install/serial_motor_demo_msgs/include/serial_motor_demo_msgs/serial_motor_demo_msgs
[0.605s] -- Up-to-date: /home/om/navros_ws/src/install/serial_motor_demo_msgs/include/serial_motor_demo_msgs/serial_motor_demo_msgs/msg
[0.605s] -- Up-to-date: /home/om/navros_ws/src/install/serial_motor_demo_msgs/include/serial_motor_demo_msgs/serial_motor_demo_msgs/msg/encoder_vals.hpp
[0.605s] -- Up-to-date: /home/om/navros_ws/src/install/serial_motor_demo_msgs/include/serial_motor_demo_msgs/serial_motor_demo_msgs/msg/feedback_motor.hpp
[0.605s] -- Up-to-date: /home/om/navros_ws/src/install/serial_motor_demo_msgs/include/serial_motor_demo_msgs/serial_motor_demo_msgs/msg/detail
[0.605s] -- Up-to-date: /home/om/navros_ws/src/install/serial_motor_demo_msgs/include/serial_motor_demo_msgs/serial_motor_demo_msgs/msg/detail/motor_vels__struct.hpp
[0.606s] -- Up-to-date: /home/om/navros_ws/src/install/serial_motor_demo_msgs/include/serial_motor_demo_msgs/serial_motor_demo_msgs/msg/detail/feedback_motor__builder.hpp
[0.606s] -- Up-to-date: /home/om/navros_ws/src/install/serial_motor_demo_msgs/include/serial_motor_demo_msgs/serial_motor_demo_msgs/msg/detail/feedback_motor__struct.hpp
[0.606s] -- Up-to-date: /home/om/navros_ws/src/install/serial_motor_demo_msgs/include/serial_motor_demo_msgs/serial_motor_demo_msgs/msg/detail/motor_command__traits.hpp
[0.606s] -- Up-to-date: /home/om/navros_ws/src/install/serial_motor_demo_msgs/include/serial_motor_demo_msgs/serial_motor_demo_msgs/msg/detail/motor_command__struct.hpp
[0.606s] -- Up-to-date: /home/om/navros_ws/src/install/serial_motor_demo_msgs/include/serial_motor_demo_msgs/serial_motor_demo_msgs/msg/detail/encoder_vals__builder.hpp
[0.606s] -- Up-to-date: /home/om/navros_ws/src/install/serial_motor_demo_msgs/include/serial_motor_demo_msgs/serial_motor_demo_msgs/msg/detail/motor_command__builder.hpp
[0.606s] -- Up-to-date: /home/om/navros_ws/src/install/serial_motor_demo_msgs/include/serial_motor_demo_msgs/serial_motor_demo_msgs/msg/detail/motor_vels__traits.hpp
[0.606s] -- Up-to-date: /home/om/navros_ws/src/install/serial_motor_demo_msgs/include/serial_motor_demo_msgs/serial_motor_demo_msgs/msg/detail/feedback_motor__traits.hpp
[0.606s] -- Up-to-date: /home/om/navros_ws/src/install/serial_motor_demo_msgs/include/serial_motor_demo_msgs/serial_motor_demo_msgs/msg/detail/encoder_vals__traits.hpp
[0.606s] -- Up-to-date: /home/om/navros_ws/src/install/serial_motor_demo_msgs/include/serial_motor_demo_msgs/serial_motor_demo_msgs/msg/detail/motor_vels__builder.hpp
[0.606s] -- Up-to-date: /home/om/navros_ws/src/install/serial_motor_demo_msgs/include/serial_motor_demo_msgs/serial_motor_demo_msgs/msg/detail/encoder_vals__struct.hpp
[0.606s] -- Up-to-date: /home/om/navros_ws/src/install/serial_motor_demo_msgs/include/serial_motor_demo_msgs/serial_motor_demo_msgs/msg/motor_vels.hpp
[0.606s] -- Up-to-date: /home/om/navros_ws/src/install/serial_motor_demo_msgs/include/serial_motor_demo_msgs/serial_motor_demo_msgs/msg/motor_command.hpp
[0.606s] -- Up-to-date: /home/om/navros_ws/src/install/serial_motor_demo_msgs/include/serial_motor_demo_msgs/serial_motor_demo_msgs/srv
[0.606s] -- Up-to-date: /home/om/navros_ws/src/install/serial_motor_demo_msgs/include/serial_motor_demo_msgs/serial_motor_demo_msgs/srv/run_motor.hpp
[0.606s] -- Up-to-date: /home/om/navros_ws/src/install/serial_motor_demo_msgs/include/serial_motor_demo_msgs/serial_motor_demo_msgs/srv/detail
[0.606s] -- Up-to-date: /home/om/navros_ws/src/install/serial_motor_demo_msgs/include/serial_motor_demo_msgs/serial_motor_demo_msgs/srv/detail/run_motor__builder.hpp
[0.607s] -- Up-to-date: /home/om/navros_ws/src/install/serial_motor_demo_msgs/include/serial_motor_demo_msgs/serial_motor_demo_msgs/srv/detail/run_motor__struct.hpp
[0.607s] -- Up-to-date: /home/om/navros_ws/src/install/serial_motor_demo_msgs/include/serial_motor_demo_msgs/serial_motor_demo_msgs/srv/detail/run_motor__traits.hpp
[0.607s] -- Up-to-date: /home/om/navros_ws/src/install/serial_motor_demo_msgs/include/serial_motor_demo_msgs/serial_motor_demo_msgs
[0.607s] -- Up-to-date: /home/om/navros_ws/src/install/serial_motor_demo_msgs/include/serial_motor_demo_msgs/serial_motor_demo_msgs/msg
[0.607s] -- Up-to-date: /home/om/navros_ws/src/install/serial_motor_demo_msgs/include/serial_motor_demo_msgs/serial_motor_demo_msgs/msg/rosidl_typesupport_fastrtps_cpp__visibility_control.h
[0.607s] -- Up-to-date: /home/om/navros_ws/src/install/serial_motor_demo_msgs/include/serial_motor_demo_msgs/serial_motor_demo_msgs/msg/detail
[0.607s] -- Up-to-date: /home/om/navros_ws/src/install/serial_motor_demo_msgs/include/serial_motor_demo_msgs/serial_motor_demo_msgs/msg/detail/motor_vels__rosidl_typesupport_fastrtps_cpp.hpp
[0.607s] -- Up-to-date: /home/om/navros_ws/src/install/serial_motor_demo_msgs/include/serial_motor_demo_msgs/serial_motor_demo_msgs/msg/detail/feedback_motor__rosidl_typesupport_fastrtps_cpp.hpp
[0.607s] -- Up-to-date: /home/om/navros_ws/src/install/serial_motor_demo_msgs/include/serial_motor_demo_msgs/serial_motor_demo_msgs/msg/detail/motor_command__rosidl_typesupport_fastrtps_cpp.hpp
[0.607s] -- Up-to-date: /home/om/navros_ws/src/install/serial_motor_demo_msgs/include/serial_motor_demo_msgs/serial_motor_demo_msgs/msg/detail/dds_fastrtps
[0.607s] -- Up-to-date: /home/om/navros_ws/src/install/serial_motor_demo_msgs/include/serial_motor_demo_msgs/serial_motor_demo_msgs/msg/detail/encoder_vals__rosidl_typesupport_fastrtps_cpp.hpp
[0.607s] -- Up-to-date: /home/om/navros_ws/src/install/serial_motor_demo_msgs/include/serial_motor_demo_msgs/serial_motor_demo_msgs/srv
[0.607s] -- Up-to-date: /home/om/navros_ws/src/install/serial_motor_demo_msgs/include/serial_motor_demo_msgs/serial_motor_demo_msgs/srv/detail
[0.607s] -- Up-to-date: /home/om/navros_ws/src/install/serial_motor_demo_msgs/include/serial_motor_demo_msgs/serial_motor_demo_msgs/srv/detail/dds_fastrtps
[0.607s] -- Up-to-date: /home/om/navros_ws/src/install/serial_motor_demo_msgs/include/serial_motor_demo_msgs/serial_motor_demo_msgs/srv/detail/run_motor__rosidl_typesupport_fastrtps_cpp.hpp
[0.607s] -- Up-to-date: /home/om/navros_ws/src/install/serial_motor_demo_msgs/lib/libserial_motor_demo_msgs__rosidl_typesupport_fastrtps_cpp.so
[0.607s] -- Up-to-date: /home/om/navros_ws/src/install/serial_motor_demo_msgs/include/serial_motor_demo_msgs/serial_motor_demo_msgs
[0.608s] -- Up-to-date: /home/om/navros_ws/src/install/serial_motor_demo_msgs/include/serial_motor_demo_msgs/serial_motor_demo_msgs/msg
[0.608s] -- Up-to-date: /home/om/navros_ws/src/install/serial_motor_demo_msgs/include/serial_motor_demo_msgs/serial_motor_demo_msgs/msg/detail
[0.608s] -- Up-to-date: /home/om/navros_ws/src/install/serial_motor_demo_msgs/include/serial_motor_demo_msgs/serial_motor_demo_msgs/msg/detail/feedback_motor__rosidl_typesupport_introspection_cpp.hpp
[0.608s] -- Up-to-date: /home/om/navros_ws/src/install/serial_motor_demo_msgs/include/serial_motor_demo_msgs/serial_motor_demo_msgs/msg/detail/encoder_vals__rosidl_typesupport_introspection_cpp.hpp
[0.608s] -- Up-to-date: /home/om/navros_ws/src/install/serial_motor_demo_msgs/include/serial_motor_demo_msgs/serial_motor_demo_msgs/msg/detail/motor_command__type_support.cpp
[0.608s] -- Up-to-date: /home/om/navros_ws/src/install/serial_motor_demo_msgs/include/serial_motor_demo_msgs/serial_motor_demo_msgs/msg/detail/feedback_motor__type_support.cpp
[0.608s] -- Up-to-date: /home/om/navros_ws/src/install/serial_motor_demo_msgs/include/serial_motor_demo_msgs/serial_motor_demo_msgs/msg/detail/motor_vels__type_support.cpp
[0.608s] -- Up-to-date: /home/om/navros_ws/src/install/serial_motor_demo_msgs/include/serial_motor_demo_msgs/serial_motor_demo_msgs/msg/detail/motor_vels__rosidl_typesupport_introspection_cpp.hpp
[0.608s] -- Up-to-date: /home/om/navros_ws/src/install/serial_motor_demo_msgs/include/serial_motor_demo_msgs/serial_motor_demo_msgs/msg/detail/encoder_vals__type_support.cpp
[0.608s] -- Up-to-date: /home/om/navros_ws/src/install/serial_motor_demo_msgs/include/serial_motor_demo_msgs/serial_motor_demo_msgs/msg/detail/motor_command__rosidl_typesupport_introspection_cpp.hpp
[0.608s] -- Up-to-date: /home/om/navros_ws/src/install/serial_motor_demo_msgs/include/serial_motor_demo_msgs/serial_motor_demo_msgs/srv
[0.608s] -- Up-to-date: /home/om/navros_ws/src/install/serial_motor_demo_msgs/include/serial_motor_demo_msgs/serial_motor_demo_msgs/srv/detail
[0.608s] -- Up-to-date: /home/om/navros_ws/src/install/serial_motor_demo_msgs/include/serial_motor_demo_msgs/serial_motor_demo_msgs/srv/detail/run_motor__type_support.cpp
[0.608s] -- Up-to-date: /home/om/navros_ws/src/install/serial_motor_demo_msgs/include/serial_motor_demo_msgs/serial_motor_demo_msgs/srv/detail/run_motor__rosidl_typesupport_introspection_cpp.hpp
[0.608s] -- Up-to-date: /home/om/navros_ws/src/install/serial_motor_demo_msgs/lib/libserial_motor_demo_msgs__rosidl_typesupport_introspection_cpp.so
[0.609s] -- Up-to-date: /home/om/navros_ws/src/install/serial_motor_demo_msgs/lib/libserial_motor_demo_msgs__rosidl_typesupport_cpp.so
[0.609s] -- Up-to-date: /home/om/navros_ws/src/install/serial_motor_demo_msgs/share/serial_motor_demo_msgs/environment/pythonpath.sh
[0.609s] -- Up-to-date: /home/om/navros_ws/src/install/serial_motor_demo_msgs/share/serial_motor_demo_msgs/environment/pythonpath.dsv
[0.609s] -- Up-to-date: /home/om/navros_ws/src/install/serial_motor_demo_msgs/local/lib/python3.10/dist-packages/serial_motor_demo_msgs-0.0.0-py3.10.egg-info
[0.609s] -- Installing: /home/om/navros_ws/src/install/serial_motor_demo_msgs/local/lib/python3.10/dist-packages/serial_motor_demo_msgs-0.0.0-py3.10.egg-info/dependency_links.txt
[0.609s] -- Installing: /home/om/navros_ws/src/install/serial_motor_demo_msgs/local/lib/python3.10/dist-packages/serial_motor_demo_msgs-0.0.0-py3.10.egg-info/PKG-INFO
[0.610s] -- Installing: /home/om/navros_ws/src/install/serial_motor_demo_msgs/local/lib/python3.10/dist-packages/serial_motor_demo_msgs-0.0.0-py3.10.egg-info/SOURCES.txt
[0.610s] -- Installing: /home/om/navros_ws/src/install/serial_motor_demo_msgs/local/lib/python3.10/dist-packages/serial_motor_demo_msgs-0.0.0-py3.10.egg-info/top_level.txt
[0.610s] -- Up-to-date: /home/om/navros_ws/src/install/serial_motor_demo_msgs/local/lib/python3.10/dist-packages/serial_motor_demo_msgs
[0.610s] -- Up-to-date: /home/om/navros_ws/src/install/serial_motor_demo_msgs/local/lib/python3.10/dist-packages/serial_motor_demo_msgs/msg
[0.610s] -- Up-to-date: /home/om/navros_ws/src/install/serial_motor_demo_msgs/local/lib/python3.10/dist-packages/serial_motor_demo_msgs/msg/_feedback_motor_s.c
[0.610s] -- Up-to-date: /home/om/navros_ws/src/install/serial_motor_demo_msgs/local/lib/python3.10/dist-packages/serial_motor_demo_msgs/msg/_motor_vels_s.c
[0.610s] -- Up-to-date: /home/om/navros_ws/src/install/serial_motor_demo_msgs/local/lib/python3.10/dist-packages/serial_motor_demo_msgs/msg/_motor_command.py
[0.611s] -- Up-to-date: /home/om/navros_ws/src/install/serial_motor_demo_msgs/local/lib/python3.10/dist-packages/serial_motor_demo_msgs/msg/__init__.py
[0.611s] -- Up-to-date: /home/om/navros_ws/src/install/serial_motor_demo_msgs/local/lib/python3.10/dist-packages/serial_motor_demo_msgs/msg/_motor_command_s.c
[0.611s] -- Up-to-date: /home/om/navros_ws/src/install/serial_motor_demo_msgs/local/lib/python3.10/dist-packages/serial_motor_demo_msgs/msg/_motor_vels.py
[0.611s] -- Up-to-date: /home/om/navros_ws/src/install/serial_motor_demo_msgs/local/lib/python3.10/dist-packages/serial_motor_demo_msgs/msg/_encoder_vals.py
[0.611s] -- Up-to-date: /home/om/navros_ws/src/install/serial_motor_demo_msgs/local/lib/python3.10/dist-packages/serial_motor_demo_msgs/msg/_feedback_motor.py
[0.611s] -- Up-to-date: /home/om/navros_ws/src/install/serial_motor_demo_msgs/local/lib/python3.10/dist-packages/serial_motor_demo_msgs/msg/_encoder_vals_s.c
[0.611s] -- Up-to-date: /home/om/navros_ws/src/install/serial_motor_demo_msgs/local/lib/python3.10/dist-packages/serial_motor_demo_msgs/__init__.py
[0.611s] -- Up-to-date: /home/om/navros_ws/src/install/serial_motor_demo_msgs/local/lib/python3.10/dist-packages/serial_motor_demo_msgs/serial_motor_demo_msgs_s__rosidl_typesupport_introspection_c.cpython-310-x86_64-linux-gnu.so
[0.611s] -- Up-to-date: /home/om/navros_ws/src/install/serial_motor_demo_msgs/local/lib/python3.10/dist-packages/serial_motor_demo_msgs/libserial_motor_demo_msgs__rosidl_generator_py.so
[0.611s] -- Up-to-date: /home/om/navros_ws/src/install/serial_motor_demo_msgs/local/lib/python3.10/dist-packages/serial_motor_demo_msgs/serial_motor_demo_msgs_s__rosidl_typesupport_c.cpython-310-x86_64-linux-gnu.so
[0.611s] -- Up-to-date: /home/om/navros_ws/src/install/serial_motor_demo_msgs/local/lib/python3.10/dist-packages/serial_motor_demo_msgs/srv
[0.611s] -- Up-to-date: /home/om/navros_ws/src/install/serial_motor_demo_msgs/local/lib/python3.10/dist-packages/serial_motor_demo_msgs/srv/__init__.py
[0.611s] -- Up-to-date: /home/om/navros_ws/src/install/serial_motor_demo_msgs/local/lib/python3.10/dist-packages/serial_motor_demo_msgs/srv/_run_motor_s.c
[0.611s] -- Up-to-date: /home/om/navros_ws/src/install/serial_motor_demo_msgs/local/lib/python3.10/dist-packages/serial_motor_demo_msgs/srv/_run_motor.py
[0.611s] -- Up-to-date: /home/om/navros_ws/src/install/serial_motor_demo_msgs/local/lib/python3.10/dist-packages/serial_motor_demo_msgs/_serial_motor_demo_msgs_s.ep.rosidl_typesupport_fastrtps_c.c
[0.611s] -- Up-to-date: /home/om/navros_ws/src/install/serial_motor_demo_msgs/local/lib/python3.10/dist-packages/serial_motor_demo_msgs/_serial_motor_demo_msgs_s.ep.rosidl_typesupport_c.c
[0.611s] -- Up-to-date: /home/om/navros_ws/src/install/serial_motor_demo_msgs/local/lib/python3.10/dist-packages/serial_motor_demo_msgs/_serial_motor_demo_msgs_s.ep.rosidl_typesupport_introspection_c.c
[0.611s] -- Up-to-date: /home/om/navros_ws/src/install/serial_motor_demo_msgs/local/lib/python3.10/dist-packages/serial_motor_demo_msgs/serial_motor_demo_msgs_s__rosidl_typesupport_fastrtps_c.cpython-310-x86_64-linux-gnu.so
[0.648s] Listing '/home/om/navros_ws/src/install/serial_motor_demo_msgs/local/lib/python3.10/dist-packages/serial_motor_demo_msgs'...
[0.649s] Listing '/home/om/navros_ws/src/install/serial_motor_demo_msgs/local/lib/python3.10/dist-packages/serial_motor_demo_msgs/msg'...
[0.649s] Listing '/home/om/navros_ws/src/install/serial_motor_demo_msgs/local/lib/python3.10/dist-packages/serial_motor_demo_msgs/srv'...
[0.653s] -- Up-to-date: /home/om/navros_ws/src/install/serial_motor_demo_msgs/local/lib/python3.10/dist-packages/serial_motor_demo_msgs/serial_motor_demo_msgs_s__rosidl_typesupport_fastrtps_c.cpython-310-x86_64-linux-gnu.so
[0.654s] -- Up-to-date: /home/om/navros_ws/src/install/serial_motor_demo_msgs/local/lib/python3.10/dist-packages/serial_motor_demo_msgs/serial_motor_demo_msgs_s__rosidl_typesupport_introspection_c.cpython-310-x86_64-linux-gnu.so
[0.654s] -- Up-to-date: /home/om/navros_ws/src/install/serial_motor_demo_msgs/local/lib/python3.10/dist-packages/serial_motor_demo_msgs/serial_motor_demo_msgs_s__rosidl_typesupport_c.cpython-310-x86_64-linux-gnu.so
[0.655s] -- Up-to-date: /home/om/navros_ws/src/install/serial_motor_demo_msgs/lib/libserial_motor_demo_msgs__rosidl_generator_py.so
[0.655s] -- Up-to-date: /home/om/navros_ws/src/install/serial_motor_demo_msgs/share/serial_motor_demo_msgs/msg/MotorCommand.idl
[0.656s] -- Up-to-date: /home/om/navros_ws/src/install/serial_motor_demo_msgs/share/serial_motor_demo_msgs/msg/MotorVels.idl
[0.656s] -- Up-to-date: /home/om/navros_ws/src/install/serial_motor_demo_msgs/share/serial_motor_demo_msgs/msg/EncoderVals.idl
[0.656s] -- Up-to-date: /home/om/navros_ws/src/install/serial_motor_demo_msgs/share/serial_motor_demo_msgs/msg/FeedbackMotor.idl
[0.656s] -- Up-to-date: /home/om/navros_ws/src/install/serial_motor_demo_msgs/share/serial_motor_demo_msgs/srv/RunMotor.idl
[0.656s] -- Up-to-date: /home/om/navros_ws/src/install/serial_motor_demo_msgs/share/serial_motor_demo_msgs/msg/MotorCommand.msg
[0.656s] -- Up-to-date: /home/om/navros_ws/src/install/serial_motor_demo_msgs/share/serial_motor_demo_msgs/msg/MotorVels.msg
[0.656s] -- Up-to-date: /home/om/navros_ws/src/install/serial_motor_demo_msgs/share/serial_motor_demo_msgs/msg/EncoderVals.msg
[0.656s] -- Up-to-date: /home/om/navros_ws/src/install/serial_motor_demo_msgs/share/serial_motor_demo_msgs/msg/FeedbackMotor.msg
[0.656s] -- Up-to-date: /home/om/navros_ws/src/install/serial_motor_demo_msgs/share/serial_motor_demo_msgs/srv/RunMotor.srv
[0.656s] -- Up-to-date: /home/om/navros_ws/src/install/serial_motor_demo_msgs/share/serial_motor_demo_msgs/srv/RunMotor_Request.msg
[0.656s] -- Up-to-date: /home/om/navros_ws/src/install/serial_motor_demo_msgs/share/serial_motor_demo_msgs/srv/RunMotor_Response.msg
[0.656s] -- Up-to-date: /home/om/navros_ws/src/install/serial_motor_demo_msgs/share/ament_index/resource_index/package_run_dependencies/serial_motor_demo_msgs
[0.656s] -- Up-to-date: /home/om/navros_ws/src/install/serial_motor_demo_msgs/share/ament_index/resource_index/parent_prefix_path/serial_motor_demo_msgs
[0.657s] -- Up-to-date: /home/om/navros_ws/src/install/serial_motor_demo_msgs/share/serial_motor_demo_msgs/environment/ament_prefix_path.sh
[0.657s] -- Up-to-date: /home/om/navros_ws/src/install/serial_motor_demo_msgs/share/serial_motor_demo_msgs/environment/ament_prefix_path.dsv
[0.657s] -- Up-to-date: /home/om/navros_ws/src/install/serial_motor_demo_msgs/share/serial_motor_demo_msgs/environment/path.sh
[0.657s] -- Up-to-date: /home/om/navros_ws/src/install/serial_motor_demo_msgs/share/serial_motor_demo_msgs/environment/path.dsv
[0.657s] -- Up-to-date: /home/om/navros_ws/src/install/serial_motor_demo_msgs/share/serial_motor_demo_msgs/local_setup.bash
[0.657s] -- Up-to-date: /home/om/navros_ws/src/install/serial_motor_demo_msgs/share/serial_motor_demo_msgs/local_setup.sh
[0.657s] -- Up-to-date: /home/om/navros_ws/src/install/serial_motor_demo_msgs/share/serial_motor_demo_msgs/local_setup.zsh
[0.657s] -- Up-to-date: /home/om/navros_ws/src/install/serial_motor_demo_msgs/share/serial_motor_demo_msgs/local_setup.dsv
[0.657s] -- Installing: /home/om/navros_ws/src/install/serial_motor_demo_msgs/share/serial_motor_demo_msgs/package.dsv
[0.657s] -- Up-to-date: /home/om/navros_ws/src/install/serial_motor_demo_msgs/share/ament_index/resource_index/packages/serial_motor_demo_msgs
[0.657s] -- Up-to-date: /home/om/navros_ws/src/install/serial_motor_demo_msgs/share/serial_motor_demo_msgs/cmake/export_serial_motor_demo_msgs__rosidl_generator_cExport.cmake
[0.657s] -- Up-to-date: /home/om/navros_ws/src/install/serial_motor_demo_msgs/share/serial_motor_demo_msgs/cmake/export_serial_motor_demo_msgs__rosidl_generator_cExport-noconfig.cmake
[0.658s] -- Up-to-date: /home/om/navros_ws/src/install/serial_motor_demo_msgs/share/serial_motor_demo_msgs/cmake/export_serial_motor_demo_msgs__rosidl_typesupport_fastrtps_cExport.cmake
[0.658s] -- Up-to-date: /home/om/navros_ws/src/install/serial_motor_demo_msgs/share/serial_motor_demo_msgs/cmake/export_serial_motor_demo_msgs__rosidl_typesupport_fastrtps_cExport-noconfig.cmake
[0.658s] -- Up-to-date: /home/om/navros_ws/src/install/serial_motor_demo_msgs/share/serial_motor_demo_msgs/cmake/serial_motor_demo_msgs__rosidl_typesupport_introspection_cExport.cmake
[0.658s] -- Up-to-date: /home/om/navros_ws/src/install/serial_motor_demo_msgs/share/serial_motor_demo_msgs/cmake/serial_motor_demo_msgs__rosidl_typesupport_introspection_cExport-noconfig.cmake
[0.659s] -- Up-to-date: /home/om/navros_ws/src/install/serial_motor_demo_msgs/share/serial_motor_demo_msgs/cmake/serial_motor_demo_msgs__rosidl_typesupport_cExport.cmake
[0.659s] -- Up-to-date: /home/om/navros_ws/src/install/serial_motor_demo_msgs/share/serial_motor_demo_msgs/cmake/serial_motor_demo_msgs__rosidl_typesupport_cExport-noconfig.cmake
[0.659s] -- Up-to-date: /home/om/navros_ws/src/install/serial_motor_demo_msgs/share/serial_motor_demo_msgs/cmake/export_serial_motor_demo_msgs__rosidl_generator_cppExport.cmake
[0.660s] -- Up-to-date: /home/om/navros_ws/src/install/serial_motor_demo_msgs/share/serial_motor_demo_msgs/cmake/export_serial_motor_demo_msgs__rosidl_typesupport_fastrtps_cppExport.cmake
[0.660s] -- Up-to-date: /home/om/navros_ws/src/install/serial_motor_demo_msgs/share/serial_motor_demo_msgs/cmake/export_serial_motor_demo_msgs__rosidl_typesupport_fastrtps_cppExport-noconfig.cmake
[0.660s] -- Up-to-date: /home/om/navros_ws/src/install/serial_motor_demo_msgs/share/serial_motor_demo_msgs/cmake/serial_motor_demo_msgs__rosidl_typesupport_introspection_cppExport.cmake
[0.660s] -- Up-to-date: /home/om/navros_ws/src/install/serial_motor_demo_msgs/share/serial_motor_demo_msgs/cmake/serial_motor_demo_msgs__rosidl_typesupport_introspection_cppExport-noconfig.cmake
[0.661s] -- Up-to-date: /home/om/navros_ws/src/install/serial_motor_demo_msgs/share/serial_motor_demo_msgs/cmake/serial_motor_demo_msgs__rosidl_typesupport_cppExport.cmake
[0.661s] -- Up-to-date: /home/om/navros_ws/src/install/serial_motor_demo_msgs/share/serial_motor_demo_msgs/cmake/serial_motor_demo_msgs__rosidl_typesupport_cppExport-noconfig.cmake
[0.661s] -- Up-to-date: /home/om/navros_ws/src/install/serial_motor_demo_msgs/share/serial_motor_demo_msgs/cmake/export_serial_motor_demo_msgs__rosidl_generator_pyExport.cmake
[0.661s] -- Up-to-date: /home/om/navros_ws/src/install/serial_motor_demo_msgs/share/serial_motor_demo_msgs/cmake/export_serial_motor_demo_msgs__rosidl_generator_pyExport-noconfig.cmake
[0.661s] -- Up-to-date: /home/om/navros_ws/src/install/serial_motor_demo_msgs/share/serial_motor_demo_msgs/cmake/rosidl_cmake-extras.cmake
[0.662s] -- Up-to-date: /home/om/navros_ws/src/install/serial_motor_demo_msgs/share/serial_motor_demo_msgs/cmake/ament_cmake_export_include_directories-extras.cmake
[0.662s] -- Up-to-date: /home/om/navros_ws/src/install/serial_motor_demo_msgs/share/serial_motor_demo_msgs/cmake/ament_cmake_export_libraries-extras.cmake
[0.662s] -- Up-to-date: /home/om/navros_ws/src/install/serial_motor_demo_msgs/share/serial_motor_demo_msgs/cmake/ament_cmake_export_targets-extras.cmake
[0.662s] -- Up-to-date: /home/om/navros_ws/src/install/serial_motor_demo_msgs/share/serial_motor_demo_msgs/cmake/rosidl_cmake_export_typesupport_targets-extras.cmake
[0.662s] -- Up-to-date: /home/om/navros_ws/src/install/serial_motor_demo_msgs/share/serial_motor_demo_msgs/cmake/ament_cmake_export_dependencies-extras.cmake
[0.662s] -- Up-to-date: /home/om/navros_ws/src/install/serial_motor_demo_msgs/share/serial_motor_demo_msgs/cmake/rosidl_cmake_export_typesupport_libraries-extras.cmake
[0.662s] -- Up-to-date: /home/om/navros_ws/src/install/serial_motor_demo_msgs/share/serial_motor_demo_msgs/cmake/serial_motor_demo_msgsConfig.cmake
[0.662s] -- Up-to-date: /home/om/navros_ws/src/install/serial_motor_demo_msgs/share/serial_motor_demo_msgs/cmake/serial_motor_demo_msgsConfig-version.cmake
[0.662s] -- Up-to-date: /home/om/navros_ws/src/install/serial_motor_demo_msgs/share/serial_motor_demo_msgs/package.xml
[0.664s] Invoked command in '/home/om/navros_ws/src/build/serial_motor_demo_msgs' returned '0': CMAKE_PREFIX_PATH=${CMAKE_PREFIX_PATH}:/home/om/navros_ws/install/serial_motor_demo:/home/om/parrot_ws/install/parrot_v1_examples:/home/om/parrot_ws/install/parrot_v1_comms_test:/home/om/parrot_ws/install/parrot_cv_model:/home/om/ros2_udemy_manipulator_ws/install/arduinobot_py_examples:/home/om/parrot_ws/src/install/parrot_v1_examples:/home/om/parrot_ws/src/install/parrot_v1_comms_test:/home/om/ros2_ws/install/turtlesim_catch_them_all:/home/om/ros2_ws/install/my_py_pkg:/opt/ros/humble /usr/bin/cmake --install /home/om/navros_ws/src/build/serial_motor_demo_msgs
