[0.025s] Invoking command in '/home/om/navros_ws/src/build/serial_motor_demo_msgs': CMAKE_PREFIX_PATH=${CMAKE_PREFIX_PATH}:/home/om/navros_ws/install/serial_motor_demo:/home/om/parrot_ws/install/parrot_v1_examples:/home/om/parrot_ws/install/parrot_v1_comms_test:/home/om/parrot_ws/install/parrot_cv_model:/home/om/ros2_udemy_manipulator_ws/install/arduinobot_py_examples:/home/om/parrot_ws/src/install/parrot_v1_examples:/home/om/parrot_ws/src/install/parrot_v1_comms_test:/home/om/ros2_ws/install/turtlesim_catch_them_all:/home/om/ros2_ws/install/my_py_pkg:/opt/ros/humble /usr/bin/cmake /home/om/navros_ws/src/serial_motor_demo_msgs -DCMAKE_INSTALL_PREFIX=/home/om/navros_ws/src/install/serial_motor_demo_msgs
[0.106s] -- The C compiler identification is GNU 11.4.0
[0.170s] -- The CXX compiler identification is GNU 11.4.0
[0.178s] -- Detecting C compiler ABI info
[0.250s] -- Detecting C compiler ABI info - done
[0.255s] -- Check for working C compiler: /usr/bin/cc - skipped
[0.255s] -- Detecting C compile features
[0.256s] -- Detecting C compile features - done
[0.258s] -- Detecting CXX compiler ABI info
[0.336s] -- Detecting CXX compiler ABI info - done
[0.341s] -- Check for working CXX compiler: /usr/bin/c++ - skipped
[0.341s] -- Detecting CXX compile features
[0.342s] -- Detecting CXX compile features - done
[0.354s] -- Found ament_cmake: 1.3.9 (/opt/ros/humble/share/ament_cmake/cmake)
[0.749s] -- Found Python3: /usr/bin/python3 (found version "3.10.12") found components: Interpreter 
[0.927s] -- Found ament_lint_auto: 0.12.11 (/opt/ros/humble/share/ament_lint_auto/cmake)
[1.066s] -- Found rosidl_default_generators: 1.2.0 (/opt/ros/humble/share/rosidl_default_generators/cmake)
[1.081s] -- Using all available rosidl_typesupport_c: rosidl_typesupport_fastrtps_c;rosidl_typesupport_introspection_c
[1.104s] -- Found rosidl_adapter: 3.1.5 (/opt/ros/humble/share/rosidl_adapter/cmake)
[1.208s] -- Using all available rosidl_typesupport_cpp: rosidl_typesupport_fastrtps_cpp;rosidl_typesupport_introspection_cpp
[1.470s] [31mCMake Error at /opt/ros/humble/share/rosidl_adapter/cmake/rosidl_adapt_interfaces.cmake:59 (message):
[1.470s]   execute_process(/usr/bin/python3 -m rosidl_adapter --package-name
[1.470s]   serial_motor_demo_msgs --arguments-file
[1.470s]   /home/om/navros_ws/src/build/serial_motor_demo_msgs/rosidl_adapter__arguments__serial_motor_demo_msgs.json
[1.470s]   --output-dir
[1.470s]   /home/om/navros_ws/src/build/serial_motor_demo_msgs/rosidl_adapter/serial_motor_demo_msgs
[1.470s]   --output-file
[1.470s]   /home/om/navros_ws/src/build/serial_motor_demo_msgs/rosidl_adapter/serial_motor_demo_msgs.idls)
[1.470s]   returned error code 1:
[1.471s] 
[1.471s]   Traceback (most recent call last):
[1.471s] 
[1.471s]     File "/usr/lib/python3.10/runpy.py", line 196, in _run_module_as_main
[1.471s]       return _run_code(code, main_globals, None,
[1.471s]     File "/usr/lib/python3.10/runpy.py", line 86, in _run_code
[1.471s]       exec(code, run_globals)
[1.471s]     File "/opt/ros/humble/local/lib/python3.10/dist-packages/rosidl_adapter/__main__.py", line 19, in <module>
[1.471s]       sys.exit(main())
[1.471s]     File "/opt/ros/humble/local/lib/python3.10/dist-packages/rosidl_adapter/main.py", line 53, in main
[1.471s]       abs_idl_file = convert_to_idl(
[1.471s]     File "/opt/ros/humble/local/lib/python3.10/dist-packages/rosidl_adapter/__init__.py", line 19, in convert_to_idl
[1.471s]       return convert_msg_to_idl(
[1.471s]     File "/opt/ros/humble/local/lib/python3.10/dist-packages/rosidl_adapter/msg/__init__.py", line 28, in convert_msg_to_idl
[1.471s]       msg = parse_message_string(package_name, input_file.stem, content)
[1.471s]     File "/opt/ros/humble/local/lib/python3.10/dist-packages/rosidl_adapter/parser.py", line 544, in parse_message_string
[1.471s]       msg = MessageSpecification(pkg_name, msg_name, fields, constants)
[1.471s]     File "/opt/ros/humble/local/lib/python3.10/dist-packages/rosidl_adapter/parser.py", line 388, in __init__
[1.471s]       self.base_type = BaseType(
[1.471s]     File "/opt/ros/humble/local/lib/python3.10/dist-packages/rosidl_adapter/parser.py", line 205, in __init__
[1.471s]       raise InvalidResourceName(
[1.472s] 
[1.472s]   rosidl_adapter.parser.InvalidResourceName: 'feedback_motor' is an invalid
[1.472s]   message name.  It should have the pattern '^[A-Z][A-Za-z0-9]*$'
[1.472s] 
[1.472s] Call Stack (most recent call first):
[1.472s]   /opt/ros/humble/share/rosidl_cmake/cmake/rosidl_generate_interfaces.cmake:130 (rosidl_adapt_interfaces)
[1.472s]   CMakeLists.txt:42 (rosidl_generate_interfaces)
[1.472s] 
[1.472s] [0m
[1.472s] -- Configuring incomplete, errors occurred!
[1.472s] See also "/home/om/navros_ws/src/build/serial_motor_demo_msgs/CMakeFiles/CMakeOutput.log".
[1.477s] Invoked command in '/home/om/navros_ws/src/build/serial_motor_demo_msgs' returned '1': CMAKE_PREFIX_PATH=${CMAKE_PREFIX_PATH}:/home/om/navros_ws/install/serial_motor_demo:/home/om/parrot_ws/install/parrot_v1_examples:/home/om/parrot_ws/install/parrot_v1_comms_test:/home/om/parrot_ws/install/parrot_cv_model:/home/om/ros2_udemy_manipulator_ws/install/arduinobot_py_examples:/home/om/parrot_ws/src/install/parrot_v1_examples:/home/om/parrot_ws/src/install/parrot_v1_comms_test:/home/om/ros2_ws/install/turtlesim_catch_them_all:/home/om/ros2_ws/install/my_py_pkg:/opt/ros/humble /usr/bin/cmake /home/om/navros_ws/src/serial_motor_demo_msgs -DCMAKE_INSTALL_PREFIX=/home/om/navros_ws/src/install/serial_motor_demo_msgs
