[0.024s] Invoking command in '/home/om/navros_ws/src/build/navros_firmware': CMAKE_PREFIX_PATH=${CMAKE_PREFIX_PATH}:/home/om/navros_ws/install/serial_motor_demo:/home/om/parrot_ws/install/parrot_v1_examples:/home/om/parrot_ws/install/parrot_v1_comms_test:/home/om/ros2_udemy_manipulator_ws/install/arduinobot_py_examples:/home/om/ros2_ws/install/turtlesim_catch_them_all:/home/om/ros2_ws/install/my_py_pkg:/opt/ros/humble /usr/bin/cmake /home/om/navros_ws/src/navros_firmware -DCMAKE_INSTALL_PREFIX=/home/om/navros_ws/src/install/navros_firmware
[0.109s] -- The C compiler identification is GNU 11.4.0
[0.181s] -- The CXX compiler identification is GNU 11.4.0
[0.190s] -- Detecting C compiler ABI info
[0.271s] -- Detecting C compiler ABI info - done
[0.277s] -- Check for working C compiler: /usr/bin/cc - skipped
[0.277s] -- Detecting C compile features
[0.277s] -- Detecting C compile features - done
[0.279s] -- Detecting CXX compiler ABI info
[0.371s] -- Detecting CXX compiler ABI info - done
[0.377s] -- Check for working CXX compiler: /usr/bin/c++ - skipped
[0.377s] -- Detecting CXX compile features
[0.377s] -- Detecting CXX compile features - done
[0.388s] -- Found ament_cmake: 1.3.8 (/opt/ros/humble/share/ament_cmake/cmake)
[0.815s] -- Found Python3: /usr/bin/python3 (found version "3.10.12") found components: Interpreter 
[0.962s] -- Found ament_lint_auto: 0.12.10 (/opt/ros/humble/share/ament_lint_auto/cmake)
[1.080s] -- Added test 'lint_cmake' to check CMake code style
[1.082s] -- Added test 'xmllint' to check XML markup files
[1.086s] -- Configuring done
[1.091s] -- Generating done
[1.092s] -- Build files have been written to: /home/om/navros_ws/src/build/navros_firmware
[1.099s] Invoked command in '/home/om/navros_ws/src/build/navros_firmware' returned '0': CMAKE_PREFIX_PATH=${CMAKE_PREFIX_PATH}:/home/om/navros_ws/install/serial_motor_demo:/home/om/parrot_ws/install/parrot_v1_examples:/home/om/parrot_ws/install/parrot_v1_comms_test:/home/om/ros2_udemy_manipulator_ws/install/arduinobot_py_examples:/home/om/ros2_ws/install/turtlesim_catch_them_all:/home/om/ros2_ws/install/my_py_pkg:/opt/ros/humble /usr/bin/cmake /home/om/navros_ws/src/navros_firmware -DCMAKE_INSTALL_PREFIX=/home/om/navros_ws/src/install/navros_firmware
[1.100s] Invoking command in '/home/om/navros_ws/src/build/navros_firmware': CMAKE_PREFIX_PATH=${CMAKE_PREFIX_PATH}:/home/om/navros_ws/install/serial_motor_demo:/home/om/parrot_ws/install/parrot_v1_examples:/home/om/parrot_ws/install/parrot_v1_comms_test:/home/om/ros2_udemy_manipulator_ws/install/arduinobot_py_examples:/home/om/ros2_ws/install/turtlesim_catch_them_all:/home/om/ros2_ws/install/my_py_pkg:/opt/ros/humble /usr/bin/cmake --build /home/om/navros_ws/src/build/navros_firmware -- -j16 -l16
[1.157s] Invoked command in '/home/om/navros_ws/src/build/navros_firmware' returned '0': CMAKE_PREFIX_PATH=${CMAKE_PREFIX_PATH}:/home/om/navros_ws/install/serial_motor_demo:/home/om/parrot_ws/install/parrot_v1_examples:/home/om/parrot_ws/install/parrot_v1_comms_test:/home/om/ros2_udemy_manipulator_ws/install/arduinobot_py_examples:/home/om/ros2_ws/install/turtlesim_catch_them_all:/home/om/ros2_ws/install/my_py_pkg:/opt/ros/humble /usr/bin/cmake --build /home/om/navros_ws/src/build/navros_firmware -- -j16 -l16
[1.183s] Invoking command in '/home/om/navros_ws/src/build/navros_firmware': CMAKE_PREFIX_PATH=${CMAKE_PREFIX_PATH}:/home/om/navros_ws/install/serial_motor_demo:/home/om/parrot_ws/install/parrot_v1_examples:/home/om/parrot_ws/install/parrot_v1_comms_test:/home/om/ros2_udemy_manipulator_ws/install/arduinobot_py_examples:/home/om/ros2_ws/install/turtlesim_catch_them_all:/home/om/ros2_ws/install/my_py_pkg:/opt/ros/humble /usr/bin/cmake --install /home/om/navros_ws/src/build/navros_firmware
[1.192s] -- Install configuration: ""
[1.192s] -- Installing: /home/om/navros_ws/src/install/navros_firmware/share/ament_index/resource_index/package_run_dependencies/navros_firmware
[1.192s] -- Installing: /home/om/navros_ws/src/install/navros_firmware/share/ament_index/resource_index/parent_prefix_path/navros_firmware
[1.192s] -- Installing: /home/om/navros_ws/src/install/navros_firmware/share/navros_firmware/environment/ament_prefix_path.sh
[1.192s] -- Installing: /home/om/navros_ws/src/install/navros_firmware/share/navros_firmware/environment/ament_prefix_path.dsv
[1.193s] -- Installing: /home/om/navros_ws/src/install/navros_firmware/share/navros_firmware/environment/path.sh
[1.193s] -- Installing: /home/om/navros_ws/src/install/navros_firmware/share/navros_firmware/environment/path.dsv
[1.193s] -- Installing: /home/om/navros_ws/src/install/navros_firmware/share/navros_firmware/local_setup.bash
[1.193s] -- Installing: /home/om/navros_ws/src/install/navros_firmware/share/navros_firmware/local_setup.sh
[1.193s] -- Installing: /home/om/navros_ws/src/install/navros_firmware/share/navros_firmware/local_setup.zsh
[1.193s] -- Installing: /home/om/navros_ws/src/install/navros_firmware/share/navros_firmware/local_setup.dsv
[1.193s] -- Installing: /home/om/navros_ws/src/install/navros_firmware/share/navros_firmware/package.dsv
[1.194s] -- Installing: /home/om/navros_ws/src/install/navros_firmware/share/ament_index/resource_index/packages/navros_firmware
[1.194s] -- Installing: /home/om/navros_ws/src/install/navros_firmware/share/navros_firmware/cmake/navros_firmwareConfig.cmake
[1.194s] -- Installing: /home/om/navros_ws/src/install/navros_firmware/share/navros_firmware/cmake/navros_firmwareConfig-version.cmake
[1.194s] -- Installing: /home/om/navros_ws/src/install/navros_firmware/share/navros_firmware/package.xml
[1.197s] Invoked command in '/home/om/navros_ws/src/build/navros_firmware' returned '0': CMAKE_PREFIX_PATH=${CMAKE_PREFIX_PATH}:/home/om/navros_ws/install/serial_motor_demo:/home/om/parrot_ws/install/parrot_v1_examples:/home/om/parrot_ws/install/parrot_v1_comms_test:/home/om/ros2_udemy_manipulator_ws/install/arduinobot_py_examples:/home/om/ros2_ws/install/turtlesim_catch_them_all:/home/om/ros2_ws/install/my_py_pkg:/opt/ros/humble /usr/bin/cmake --install /home/om/navros_ws/src/build/navros_firmware
