running egg_info
writing ../build/serial_motor_demo/serial_motor_demo.egg-info/PKG-INFO
writing dependency_links to ../build/serial_motor_demo/serial_motor_demo.egg-info/dependency_links.txt
writing entry points to ../build/serial_motor_demo/serial_motor_demo.egg-info/entry_points.txt
writing requirements to ../build/serial_motor_demo/serial_motor_demo.egg-info/requires.txt
writing top-level names to ../build/serial_motor_demo/serial_motor_demo.egg-info/top_level.txt
reading manifest file '../build/serial_motor_demo/serial_motor_demo.egg-info/SOURCES.txt'
writing manifest file '../build/serial_motor_demo/serial_motor_demo.egg-info/SOURCES.txt'
running build
running build_py
copying serial_motor_demo/driver.py -> /home/om/navros_ws/src/build/serial_motor_demo/build/lib/serial_motor_demo
copying serial_motor_demo/__init__.py -> /home/om/navros_ws/src/build/serial_motor_demo/build/lib/serial_motor_demo
copying serial_motor_demo/gui.py -> /home/om/navros_ws/src/build/serial_motor_demo/build/lib/serial_motor_demo
running install
running install_lib
running install_data
copying resource/serial_motor_demo -> /home/om/navros_ws/src/install/serial_motor_demo/share/ament_index/resource_index/packages
copying package.xml -> /home/om/navros_ws/src/install/serial_motor_demo/share/serial_motor_demo
running install_egg_info
removing '/home/om/navros_ws/src/install/serial_motor_demo/lib/python3.10/site-packages/serial_motor_demo-0.0.0-py3.10.egg-info' (and everything under it)
Copying ../build/serial_motor_demo/serial_motor_demo.egg-info to /home/om/navros_ws/src/install/serial_motor_demo/lib/python3.10/site-packages/serial_motor_demo-0.0.0-py3.10.egg-info
running install_scripts
Installing driver script to /home/om/navros_ws/src/install/serial_motor_demo/lib/serial_motor_demo
Installing gui script to /home/om/navros_ws/src/install/serial_motor_demo/lib/serial_motor_demo
writing list of installed files to '/home/om/navros_ws/src/build/serial_motor_demo/install.log'
