-- Install configuration: ""
-- Up-to-date: /home/om/navros_ws/src/install/navros_remote/lib/navros_remote/navros_vel_pub.py
-- Up-to-date: /home/om/navros_ws/src/install/navros_remote/lib/navros_remote/navros_robot_controller_sub.py
-- Up-to-date: /home/om/navros_ws/src/install/navros_remote/lib/navros_remote/navros_robot_controller_server.py
-- Up-to-date: /home/om/navros_ws/src/install/navros_remote/lib/navros_remote/navros_vel_sub_client.py
-- Installing: /home/om/navros_ws/src/install/navros_remote/lib/navros_remote/navros_robot_controller_comms.py
-- Up-to-date: /home/om/navros_ws/src/install/navros_remote/share/ament_index/resource_index/package_run_dependencies/navros_remote
-- Up-to-date: /home/om/navros_ws/src/install/navros_remote/share/ament_index/resource_index/parent_prefix_path/navros_remote
-- Up-to-date: /home/om/navros_ws/src/install/navros_remote/share/navros_remote/environment/ament_prefix_path.sh
-- Up-to-date: /home/om/navros_ws/src/install/navros_remote/share/navros_remote/environment/ament_prefix_path.dsv
-- Up-to-date: /home/om/navros_ws/src/install/navros_remote/share/navros_remote/environment/path.sh
-- Up-to-date: /home/om/navros_ws/src/install/navros_remote/share/navros_remote/environment/path.dsv
-- Up-to-date: /home/om/navros_ws/src/install/navros_remote/share/navros_remote/local_setup.bash
-- Up-to-date: /home/om/navros_ws/src/install/navros_remote/share/navros_remote/local_setup.sh
-- Up-to-date: /home/om/navros_ws/src/install/navros_remote/share/navros_remote/local_setup.zsh
-- Up-to-date: /home/om/navros_ws/src/install/navros_remote/share/navros_remote/local_setup.dsv
-- Installing: /home/om/navros_ws/src/install/navros_remote/share/navros_remote/package.dsv
-- Up-to-date: /home/om/navros_ws/src/install/navros_remote/share/ament_index/resource_index/packages/navros_remote
-- Up-to-date: /home/om/navros_ws/src/install/navros_remote/share/navros_remote/cmake/navros_remoteConfig.cmake
-- Up-to-date: /home/om/navros_ws/src/install/navros_remote/share/navros_remote/cmake/navros_remoteConfig-version.cmake
-- Up-to-date: /home/om/navros_ws/src/install/navros_remote/share/navros_remote/package.xml
