[0.021s] Invoking command in '/home/om/navros_ws/src/build/navros_opencv': CMAKE_PREFIX_PATH=${CMAKE_PREFIX_PATH}:/home/om/navros_ws/install/serial_motor_demo:/home/om/parrot_ws/install/parrot_v1_examples:/home/om/parrot_ws/install/parrot_v1_comms_test:/home/om/parrot_ws/install/parrot_cv_model:/home/om/ros2_udemy_manipulator_ws/install/arduinobot_py_examples:/home/om/parrot_ws/src/install/parrot_v1_examples:/home/om/parrot_ws/src/install/parrot_v1_comms_test:/home/om/ros2_ws/install/turtlesim_catch_them_all:/home/om/ros2_ws/install/my_py_pkg:/opt/ros/humble /usr/bin/cmake --build /home/om/navros_ws/src/build/navros_opencv -- -j16 -l16
[0.060s] Invoked command in '/home/om/navros_ws/src/build/navros_opencv' returned '0': CMAKE_PREFIX_PATH=${CMAKE_PREFIX_PATH}:/home/om/navros_ws/install/serial_motor_demo:/home/om/parrot_ws/install/parrot_v1_examples:/home/om/parrot_ws/install/parrot_v1_comms_test:/home/om/parrot_ws/install/parrot_cv_model:/home/om/ros2_udemy_manipulator_ws/install/arduinobot_py_examples:/home/om/parrot_ws/src/install/parrot_v1_examples:/home/om/parrot_ws/src/install/parrot_v1_comms_test:/home/om/ros2_ws/install/turtlesim_catch_them_all:/home/om/ros2_ws/install/my_py_pkg:/opt/ros/humble /usr/bin/cmake --build /home/om/navros_ws/src/build/navros_opencv -- -j16 -l16
[0.096s] Invoking command in '/home/om/navros_ws/src/build/navros_opencv': CMAKE_PREFIX_PATH=${CMAKE_PREFIX_PATH}:/home/om/navros_ws/install/serial_motor_demo:/home/om/parrot_ws/install/parrot_v1_examples:/home/om/parrot_ws/install/parrot_v1_comms_test:/home/om/parrot_ws/install/parrot_cv_model:/home/om/ros2_udemy_manipulator_ws/install/arduinobot_py_examples:/home/om/parrot_ws/src/install/parrot_v1_examples:/home/om/parrot_ws/src/install/parrot_v1_comms_test:/home/om/ros2_ws/install/turtlesim_catch_them_all:/home/om/ros2_ws/install/my_py_pkg:/opt/ros/humble /usr/bin/cmake --install /home/om/navros_ws/src/build/navros_opencv
[0.107s] -- Install configuration: ""
[0.107s] -- Up-to-date: /home/om/navros_ws/src/install/navros_opencv/lib/navros_opencv/navros_test_opencv.py
[0.107s] -- Up-to-date: /home/om/navros_ws/src/install/navros_opencv/lib/navros_opencv/navros_test2_opencv.py
[0.108s] -- Up-to-date: /home/om/navros_ws/src/install/navros_opencv/share/ament_index/resource_index/package_run_dependencies/navros_opencv
[0.108s] -- Up-to-date: /home/om/navros_ws/src/install/navros_opencv/share/ament_index/resource_index/parent_prefix_path/navros_opencv
[0.108s] -- Up-to-date: /home/om/navros_ws/src/install/navros_opencv/share/navros_opencv/environment/ament_prefix_path.sh
[0.108s] -- Up-to-date: /home/om/navros_ws/src/install/navros_opencv/share/navros_opencv/environment/ament_prefix_path.dsv
[0.108s] -- Up-to-date: /home/om/navros_ws/src/install/navros_opencv/share/navros_opencv/environment/path.sh
[0.108s] -- Up-to-date: /home/om/navros_ws/src/install/navros_opencv/share/navros_opencv/environment/path.dsv
[0.108s] -- Up-to-date: /home/om/navros_ws/src/install/navros_opencv/share/navros_opencv/local_setup.bash
[0.108s] -- Up-to-date: /home/om/navros_ws/src/install/navros_opencv/share/navros_opencv/local_setup.sh
[0.108s] -- Up-to-date: /home/om/navros_ws/src/install/navros_opencv/share/navros_opencv/local_setup.zsh
[0.108s] -- Up-to-date: /home/om/navros_ws/src/install/navros_opencv/share/navros_opencv/local_setup.dsv
[0.108s] -- Up-to-date: /home/om/navros_ws/src/install/navros_opencv/share/navros_opencv/package.dsv
[0.108s] -- Up-to-date: /home/om/navros_ws/src/install/navros_opencv/share/ament_index/resource_index/packages/navros_opencv
[0.109s] -- Up-to-date: /home/om/navros_ws/src/install/navros_opencv/share/navros_opencv/cmake/navros_opencvConfig.cmake
[0.109s] -- Up-to-date: /home/om/navros_ws/src/install/navros_opencv/share/navros_opencv/cmake/navros_opencvConfig-version.cmake
[0.109s] -- Up-to-date: /home/om/navros_ws/src/install/navros_opencv/share/navros_opencv/package.xml
[0.135s] Invoked command in '/home/om/navros_ws/src/build/navros_opencv' returned '0': CMAKE_PREFIX_PATH=${CMAKE_PREFIX_PATH}:/home/om/navros_ws/install/serial_motor_demo:/home/om/parrot_ws/install/parrot_v1_examples:/home/om/parrot_ws/install/parrot_v1_comms_test:/home/om/parrot_ws/install/parrot_cv_model:/home/om/ros2_udemy_manipulator_ws/install/arduinobot_py_examples:/home/om/parrot_ws/src/install/parrot_v1_examples:/home/om/parrot_ws/src/install/parrot_v1_comms_test:/home/om/ros2_ws/install/turtlesim_catch_them_all:/home/om/ros2_ws/install/my_py_pkg:/opt/ros/humble /usr/bin/cmake --install /home/om/navros_ws/src/build/navros_opencv
