-- Install configuration: ""
-- Up-to-date: /home/om/navros_ws/src/install/navros_bringup/share/navros_bringup//launch
-- Up-to-date: /home/om/navros_ws/src/install/navros_bringup/share/navros_bringup//launch/navros_drive.launch.xml
-- Up-to-date: /home/om/navros_ws/src/install/navros_bringup/share/navros_bringup//launch/navros_rsp.launch.py
-- Up-to-date: /home/om/navros_ws/src/install/navros_bringup/share/navros_bringup//launch/navros_gazebo.launch.xml
-- Up-to-date: /home/om/navros_ws/src/install/navros_bringup/share/navros_bringup//launch/pi5_drive.launch.py
-- Up-to-date: /home/om/navros_ws/src/install/navros_bringup/share/navros_bringup//launch/navros_gazebo.launch.py
-- Up-to-date: /home/om/navros_ws/src/install/navros_bringup/share/ament_index/resource_index/package_run_dependencies/navros_bringup
-- Up-to-date: /home/om/navros_ws/src/install/navros_bringup/share/ament_index/resource_index/parent_prefix_path/navros_bringup
-- Up-to-date: /home/om/navros_ws/src/install/navros_bringup/share/navros_bringup/environment/ament_prefix_path.sh
-- Up-to-date: /home/om/navros_ws/src/install/navros_bringup/share/navros_bringup/environment/ament_prefix_path.dsv
-- Up-to-date: /home/om/navros_ws/src/install/navros_bringup/share/navros_bringup/environment/path.sh
-- Up-to-date: /home/om/navros_ws/src/install/navros_bringup/share/navros_bringup/environment/path.dsv
-- Up-to-date: /home/om/navros_ws/src/install/navros_bringup/share/navros_bringup/local_setup.bash
-- Up-to-date: /home/om/navros_ws/src/install/navros_bringup/share/navros_bringup/local_setup.sh
-- Up-to-date: /home/om/navros_ws/src/install/navros_bringup/share/navros_bringup/local_setup.zsh
-- Up-to-date: /home/om/navros_ws/src/install/navros_bringup/share/navros_bringup/local_setup.dsv
-- Installing: /home/om/navros_ws/src/install/navros_bringup/share/navros_bringup/package.dsv
-- Up-to-date: /home/om/navros_ws/src/install/navros_bringup/share/ament_index/resource_index/packages/navros_bringup
-- Up-to-date: /home/om/navros_ws/src/install/navros_bringup/share/navros_bringup/cmake/navros_bringupConfig.cmake
-- Up-to-date: /home/om/navros_ws/src/install/navros_bringup/share/navros_bringup/cmake/navros_bringupConfig-version.cmake
-- Up-to-date: /home/om/navros_ws/src/install/navros_bringup/share/navros_bringup/package.xml
