[0.019s] Invoking command in '/home/om/navros_ws/src/build/navros_remote': CMAKE_PREFIX_PATH=${CMAKE_PREFIX_PATH}:/home/om/navros_ws/install/serial_motor_demo:/home/om/parrot_ws/install/parrot_v1_examples:/home/om/parrot_ws/install/parrot_v1_comms_test:/home/om/ros2_udemy_manipulator_ws/install/arduinobot_py_examples:/home/om/ros2_ws/install/turtlesim_catch_them_all:/home/om/ros2_ws/install/my_py_pkg:/opt/ros/humble /usr/bin/cmake /home/om/navros_ws/src/navros_remote -DCMAKE_INSTALL_PREFIX=/home/om/navros_ws/src/install/navros_remote
[0.102s] -- The C compiler identification is GNU 11.4.0
[0.173s] -- The CXX compiler identification is GNU 11.4.0
[0.182s] -- Detecting C compiler ABI info
[0.262s] -- Detecting C compiler ABI info - done
[0.267s] -- Check for working C compiler: /usr/bin/cc - skipped
[0.267s] -- Detecting C compile features
[0.268s] -- Detecting C compile features - done
[0.271s] -- Detecting CXX compiler ABI info
[0.361s] -- Detecting CXX compiler ABI info - done
[0.368s] -- Check for working CXX compiler: /usr/bin/c++ - skipped
[0.368s] -- Detecting CXX compile features
[0.368s] -- Detecting CXX compile features - done
[0.380s] -- Found ament_cmake: 1.3.8 (/opt/ros/humble/share/ament_cmake/cmake)
[0.791s] -- Found Python3: /usr/bin/python3 (found version "3.10.12") found components: Interpreter 
[0.954s] -- Found rclcpp: 16.0.8 (/opt/ros/humble/share/rclcpp/cmake)
[1.071s] -- Found rosidl_generator_c: 3.1.5 (/opt/ros/humble/share/rosidl_generator_c/cmake)
[1.088s] -- Found rosidl_adapter: 3.1.5 (/opt/ros/humble/share/rosidl_adapter/cmake)
[1.107s] -- Found rosidl_generator_cpp: 3.1.5 (/opt/ros/humble/share/rosidl_generator_cpp/cmake)
[1.131s] -- Using all available rosidl_typesupport_c: rosidl_typesupport_fastrtps_c;rosidl_typesupport_introspection_c
[1.170s] -- Using all available rosidl_typesupport_cpp: rosidl_typesupport_fastrtps_cpp;rosidl_typesupport_introspection_cpp
[1.287s] -- Found rmw_implementation_cmake: 6.1.1 (/opt/ros/humble/share/rmw_implementation_cmake/cmake)
[1.297s] -- Found rmw_fastrtps_cpp: 6.2.6 (/opt/ros/humble/share/rmw_fastrtps_cpp/cmake)
[1.459s] -- Found OpenSSL: /usr/lib/x86_64-linux-gnu/libcrypto.so (found version "3.0.2")  
[1.500s] -- Found FastRTPS: /opt/ros/humble/include  
[1.561s] -- Using RMW implementation 'rmw_fastrtps_cpp' as default
[1.586s] -- Looking for pthread.h
[1.667s] -- Looking for pthread.h - found
[1.668s] -- Performing Test CMAKE_HAVE_LIBC_PTHREAD
[1.749s] -- Performing Test CMAKE_HAVE_LIBC_PTHREAD - Success
[1.750s] -- Found Threads: TRUE  
[1.932s] -- Found rclpy: 3.3.12 (/opt/ros/humble/share/rclpy/cmake)
[1.938s] -- Found geometry_msgs: 4.2.3 (/opt/ros/humble/share/geometry_msgs/cmake)
[2.067s] -- Configuring done
[2.071s] -- Generating done
[2.073s] -- Build files have been written to: /home/om/navros_ws/src/build/navros_remote
[2.086s] Invoked command in '/home/om/navros_ws/src/build/navros_remote' returned '0': CMAKE_PREFIX_PATH=${CMAKE_PREFIX_PATH}:/home/om/navros_ws/install/serial_motor_demo:/home/om/parrot_ws/install/parrot_v1_examples:/home/om/parrot_ws/install/parrot_v1_comms_test:/home/om/ros2_udemy_manipulator_ws/install/arduinobot_py_examples:/home/om/ros2_ws/install/turtlesim_catch_them_all:/home/om/ros2_ws/install/my_py_pkg:/opt/ros/humble /usr/bin/cmake /home/om/navros_ws/src/navros_remote -DCMAKE_INSTALL_PREFIX=/home/om/navros_ws/src/install/navros_remote
[2.088s] Invoking command in '/home/om/navros_ws/src/build/navros_remote': CMAKE_PREFIX_PATH=${CMAKE_PREFIX_PATH}:/home/om/navros_ws/install/serial_motor_demo:/home/om/parrot_ws/install/parrot_v1_examples:/home/om/parrot_ws/install/parrot_v1_comms_test:/home/om/ros2_udemy_manipulator_ws/install/arduinobot_py_examples:/home/om/ros2_ws/install/turtlesim_catch_them_all:/home/om/ros2_ws/install/my_py_pkg:/opt/ros/humble /usr/bin/cmake --build /home/om/navros_ws/src/build/navros_remote -- -j16 -l16
[2.139s] Invoked command in '/home/om/navros_ws/src/build/navros_remote' returned '0': CMAKE_PREFIX_PATH=${CMAKE_PREFIX_PATH}:/home/om/navros_ws/install/serial_motor_demo:/home/om/parrot_ws/install/parrot_v1_examples:/home/om/parrot_ws/install/parrot_v1_comms_test:/home/om/ros2_udemy_manipulator_ws/install/arduinobot_py_examples:/home/om/ros2_ws/install/turtlesim_catch_them_all:/home/om/ros2_ws/install/my_py_pkg:/opt/ros/humble /usr/bin/cmake --build /home/om/navros_ws/src/build/navros_remote -- -j16 -l16
[2.168s] Invoking command in '/home/om/navros_ws/src/build/navros_remote': CMAKE_PREFIX_PATH=${CMAKE_PREFIX_PATH}:/home/om/navros_ws/install/serial_motor_demo:/home/om/parrot_ws/install/parrot_v1_examples:/home/om/parrot_ws/install/parrot_v1_comms_test:/home/om/ros2_udemy_manipulator_ws/install/arduinobot_py_examples:/home/om/ros2_ws/install/turtlesim_catch_them_all:/home/om/ros2_ws/install/my_py_pkg:/opt/ros/humble /usr/bin/cmake --install /home/om/navros_ws/src/build/navros_remote
[2.177s] -- Install configuration: ""
[2.177s] -- Installing: /home/om/navros_ws/src/install/navros_remote/lib/navros_remote/navros_vel_pub.py
[2.177s] -- Installing: /home/om/navros_ws/src/install/navros_remote/share/ament_index/resource_index/package_run_dependencies/navros_remote
[2.177s] -- Installing: /home/om/navros_ws/src/install/navros_remote/share/ament_index/resource_index/parent_prefix_path/navros_remote
[2.177s] -- Installing: /home/om/navros_ws/src/install/navros_remote/share/navros_remote/environment/ament_prefix_path.sh
[2.177s] -- Installing: /home/om/navros_ws/src/install/navros_remote/share/navros_remote/environment/ament_prefix_path.dsv
[2.178s] -- Installing: /home/om/navros_ws/src/install/navros_remote/share/navros_remote/environment/path.sh
[2.178s] -- Installing: /home/om/navros_ws/src/install/navros_remote/share/navros_remote/environment/path.dsv
[2.178s] -- Installing: /home/om/navros_ws/src/install/navros_remote/share/navros_remote/local_setup.bash
[2.178s] -- Installing: /home/om/navros_ws/src/install/navros_remote/share/navros_remote/local_setup.sh
[2.178s] -- Installing: /home/om/navros_ws/src/install/navros_remote/share/navros_remote/local_setup.zsh
[2.179s] -- Installing: /home/om/navros_ws/src/install/navros_remote/share/navros_remote/local_setup.dsv
[2.179s] -- Installing: /home/om/navros_ws/src/install/navros_remote/share/navros_remote/package.dsv
[2.179s] -- Installing: /home/om/navros_ws/src/install/navros_remote/share/ament_index/resource_index/packages/navros_remote
[2.179s] -- Installing: /home/om/navros_ws/src/install/navros_remote/share/navros_remote/cmake/navros_remoteConfig.cmake
[2.179s] -- Installing: /home/om/navros_ws/src/install/navros_remote/share/navros_remote/cmake/navros_remoteConfig-version.cmake
[2.179s] -- Installing: /home/om/navros_ws/src/install/navros_remote/share/navros_remote/package.xml
[2.182s] Invoked command in '/home/om/navros_ws/src/build/navros_remote' returned '0': CMAKE_PREFIX_PATH=${CMAKE_PREFIX_PATH}:/home/om/navros_ws/install/serial_motor_demo:/home/om/parrot_ws/install/parrot_v1_examples:/home/om/parrot_ws/install/parrot_v1_comms_test:/home/om/ros2_udemy_manipulator_ws/install/arduinobot_py_examples:/home/om/ros2_ws/install/turtlesim_catch_them_all:/home/om/ros2_ws/install/my_py_pkg:/opt/ros/humble /usr/bin/cmake --install /home/om/navros_ws/src/build/navros_remote
