-- Install configuration: ""
-- Up-to-date: /home/om/navros_ws/src/install/navros_description/share/navros_description//urdf
-- Up-to-date: /home/om/navros_ws/src/install/navros_description/share/navros_description//urdf/navros_main.urdf.xacro
-- Up-to-date: /home/om/navros_ws/src/install/navros_description/share/navros_description//urdf/ros2_control.xacro
-- Up-to-date: /home/om/navros_ws/src/install/navros_description/share/navros_description//urdf/navros_base.xacro
-- Up-to-date: /home/om/navros_ws/src/install/navros_description/share/navros_description//urdf/navros_gazebo.xacro
-- Up-to-date: /home/om/navros_ws/src/install/navros_description/share/navros_description//urdf/common_properties.xacro
-- Up-to-date: /home/om/navros_ws/src/install/navros_description/share/navros_description//launch
-- Up-to-date: /home/om/navros_ws/src/install/navros_description/share/navros_description//launch/navros.launch.xml
-- Up-to-date: /home/om/navros_ws/src/install/navros_description/share/navros_description//rviz
-- Up-to-date: /home/om/navros_ws/src/install/navros_description/share/navros_description//rviz/navros.rviz
-- Up-to-date: /home/om/navros_ws/src/install/navros_description/share/navros_description//config
-- Up-to-date: /home/om/navros_ws/src/install/navros_description/share/navros_description//config/gazebo_params.yaml
-- Up-to-date: /home/om/navros_ws/src/install/navros_description/share/navros_description//config/my_controllers.yaml
-- Up-to-date: /home/om/navros_ws/src/install/navros_description/share/ament_index/resource_index/package_run_dependencies/navros_description
-- Up-to-date: /home/om/navros_ws/src/install/navros_description/share/ament_index/resource_index/parent_prefix_path/navros_description
-- Up-to-date: /home/om/navros_ws/src/install/navros_description/share/navros_description/environment/ament_prefix_path.sh
-- Up-to-date: /home/om/navros_ws/src/install/navros_description/share/navros_description/environment/ament_prefix_path.dsv
-- Up-to-date: /home/om/navros_ws/src/install/navros_description/share/navros_description/environment/path.sh
-- Up-to-date: /home/om/navros_ws/src/install/navros_description/share/navros_description/environment/path.dsv
-- Up-to-date: /home/om/navros_ws/src/install/navros_description/share/navros_description/local_setup.bash
-- Up-to-date: /home/om/navros_ws/src/install/navros_description/share/navros_description/local_setup.sh
-- Up-to-date: /home/om/navros_ws/src/install/navros_description/share/navros_description/local_setup.zsh
-- Up-to-date: /home/om/navros_ws/src/install/navros_description/share/navros_description/local_setup.dsv
-- Up-to-date: /home/om/navros_ws/src/install/navros_description/share/navros_description/package.dsv
-- Up-to-date: /home/om/navros_ws/src/install/navros_description/share/ament_index/resource_index/packages/navros_description
-- Up-to-date: /home/om/navros_ws/src/install/navros_description/share/navros_description/cmake/navros_descriptionConfig.cmake
-- Up-to-date: /home/om/navros_ws/src/install/navros_description/share/navros_description/cmake/navros_descriptionConfig-version.cmake
-- Up-to-date: /home/om/navros_ws/src/install/navros_description/share/navros_description/package.xml
