-- Found ament_cmake: 1.3.10 (/opt/ros/humble/share/ament_cmake/cmake)
-- Found ament_lint_auto: 0.12.11 (/opt/ros/humble/share/ament_lint_auto/cmake)
-- Added test 'cppcheck' to perform static code analysis on C / C++ code
-- Configured cppcheck include dirs: 
-- Configured cppcheck exclude dirs and/or files: 
-- Added test 'lint_cmake' to check CMake code style
-- Added test 'uncrustify' to check C / C++ code style
-- Configured uncrustify additional arguments: 
-- Added test 'xmllint' to check XML markup files
-- Configuring done
-- Generating done
-- Build files have been written to: /home/om/navros_ws/src/build/navros_firmware
-- Install configuration: ""
-- Up-to-date: /home/om/navros_ws/src/install/navros_firmware/share/ament_index/resource_index/package_run_dependencies/navros_firmware
-- Installing: /home/om/navros_ws/src/install/navros_firmware/share/ament_index/resource_index/parent_prefix_path/navros_firmware
-- Installing: /home/om/navros_ws/src/install/navros_firmware/share/navros_firmware/environment/ament_prefix_path.sh
-- Installing: /home/om/navros_ws/src/install/navros_firmware/share/navros_firmware/environment/ament_prefix_path.dsv
-- Installing: /home/om/navros_ws/src/install/navros_firmware/share/navros_firmware/environment/path.sh
-- Installing: /home/om/navros_ws/src/install/navros_firmware/share/navros_firmware/environment/path.dsv
-- Up-to-date: /home/om/navros_ws/src/install/navros_firmware/share/navros_firmware/local_setup.bash
-- Up-to-date: /home/om/navros_ws/src/install/navros_firmware/share/navros_firmware/local_setup.sh
-- Up-to-date: /home/om/navros_ws/src/install/navros_firmware/share/navros_firmware/local_setup.zsh
-- Installing: /home/om/navros_ws/src/install/navros_firmware/share/navros_firmware/local_setup.dsv
-- Installing: /home/om/navros_ws/src/install/navros_firmware/share/navros_firmware/package.dsv
-- Up-to-date: /home/om/navros_ws/src/install/navros_firmware/share/ament_index/resource_index/packages/navros_firmware
-- Up-to-date: /home/om/navros_ws/src/install/navros_firmware/share/navros_firmware/cmake/navros_firmwareConfig.cmake
-- Up-to-date: /home/om/navros_ws/src/install/navros_firmware/share/navros_firmware/cmake/navros_firmwareConfig-version.cmake
-- Up-to-date: /home/om/navros_ws/src/install/navros_firmware/share/navros_firmware/package.xml
