[0.015s] Invoking command in '/home/om/navros_ws/src/build/navros_firmware': CMAKE_PREFIX_PATH=${CMAKE_PREFIX_PATH}:/home/om/navros_ws/install/serial_motor_demo:/home/om/parrot_ws/install/parrot_v1_examples:/home/om/parrot_ws/install/parrot_v1_comms_test:/home/om/parrot_ws/install/parrot_cv_model:/home/om/ros2_udemy_manipulator_ws/install/arduinobot_py_examples:/home/om/parrot_ws/src/install/parrot_v1_examples:/home/om/parrot_ws/src/install/parrot_v1_comms_test:/home/om/ros2_ws/install/turtlesim_catch_them_all:/home/om/ros2_ws/install/my_py_pkg:/opt/ros/humble /usr/bin/cmake /home/om/navros_ws/src/navros_firmware -DCMAKE_INSTALL_PREFIX=/home/om/navros_ws/src/install/navros_firmware
[0.090s] -- The C compiler identification is GNU 11.4.0
[0.153s] -- The CXX compiler identification is GNU 11.4.0
[0.162s] -- Detecting C compiler ABI info
[0.233s] -- Detecting C compiler ABI info - done
[0.238s] -- Check for working C compiler: /usr/bin/cc - skipped
[0.239s] -- Detecting C compile features
[0.239s] -- Detecting C compile features - done
[0.242s] -- Detecting CXX compiler ABI info
[0.319s] -- Detecting CXX compiler ABI info - done
[0.325s] -- Check for working CXX compiler: /usr/bin/c++ - skipped
[0.325s] -- Detecting CXX compile features
[0.325s] -- Detecting CXX compile features - done
[0.338s] -- Found ament_cmake: 1.3.9 (/opt/ros/humble/share/ament_cmake/cmake)
[0.742s] -- Found Python3: /usr/bin/python3 (found version "3.10.12") found components: Interpreter 
[0.911s] -- Found ament_lint_auto: 0.12.11 (/opt/ros/humble/share/ament_lint_auto/cmake)
[1.034s] -- Added test 'cppcheck' to perform static code analysis on C / C++ code
[1.035s] -- Configured cppcheck include dirs: 
[1.035s] -- Configured cppcheck exclude dirs and/or files: 
[1.037s] -- Added test 'lint_cmake' to check CMake code style
[1.042s] -- Added test 'uncrustify' to check C / C++ code style
[1.042s] -- Configured uncrustify additional arguments: 
[1.044s] -- Added test 'xmllint' to check XML markup files
[1.046s] -- Configuring done
[1.049s] -- Generating done
[1.050s] -- Build files have been written to: /home/om/navros_ws/src/build/navros_firmware
[1.054s] Invoked command in '/home/om/navros_ws/src/build/navros_firmware' returned '0': CMAKE_PREFIX_PATH=${CMAKE_PREFIX_PATH}:/home/om/navros_ws/install/serial_motor_demo:/home/om/parrot_ws/install/parrot_v1_examples:/home/om/parrot_ws/install/parrot_v1_comms_test:/home/om/parrot_ws/install/parrot_cv_model:/home/om/ros2_udemy_manipulator_ws/install/arduinobot_py_examples:/home/om/parrot_ws/src/install/parrot_v1_examples:/home/om/parrot_ws/src/install/parrot_v1_comms_test:/home/om/ros2_ws/install/turtlesim_catch_them_all:/home/om/ros2_ws/install/my_py_pkg:/opt/ros/humble /usr/bin/cmake /home/om/navros_ws/src/navros_firmware -DCMAKE_INSTALL_PREFIX=/home/om/navros_ws/src/install/navros_firmware
[1.055s] Invoking command in '/home/om/navros_ws/src/build/navros_firmware': CMAKE_PREFIX_PATH=${CMAKE_PREFIX_PATH}:/home/om/navros_ws/install/serial_motor_demo:/home/om/parrot_ws/install/parrot_v1_examples:/home/om/parrot_ws/install/parrot_v1_comms_test:/home/om/parrot_ws/install/parrot_cv_model:/home/om/ros2_udemy_manipulator_ws/install/arduinobot_py_examples:/home/om/parrot_ws/src/install/parrot_v1_examples:/home/om/parrot_ws/src/install/parrot_v1_comms_test:/home/om/ros2_ws/install/turtlesim_catch_them_all:/home/om/ros2_ws/install/my_py_pkg:/opt/ros/humble /usr/bin/cmake --build /home/om/navros_ws/src/build/navros_firmware -- -j16 -l16
[1.105s] Invoked command in '/home/om/navros_ws/src/build/navros_firmware' returned '0': CMAKE_PREFIX_PATH=${CMAKE_PREFIX_PATH}:/home/om/navros_ws/install/serial_motor_demo:/home/om/parrot_ws/install/parrot_v1_examples:/home/om/parrot_ws/install/parrot_v1_comms_test:/home/om/parrot_ws/install/parrot_cv_model:/home/om/ros2_udemy_manipulator_ws/install/arduinobot_py_examples:/home/om/parrot_ws/src/install/parrot_v1_examples:/home/om/parrot_ws/src/install/parrot_v1_comms_test:/home/om/ros2_ws/install/turtlesim_catch_them_all:/home/om/ros2_ws/install/my_py_pkg:/opt/ros/humble /usr/bin/cmake --build /home/om/navros_ws/src/build/navros_firmware -- -j16 -l16
[1.148s] Invoking command in '/home/om/navros_ws/src/build/navros_firmware': CMAKE_PREFIX_PATH=${CMAKE_PREFIX_PATH}:/home/om/navros_ws/install/serial_motor_demo:/home/om/parrot_ws/install/parrot_v1_examples:/home/om/parrot_ws/install/parrot_v1_comms_test:/home/om/parrot_ws/install/parrot_cv_model:/home/om/ros2_udemy_manipulator_ws/install/arduinobot_py_examples:/home/om/parrot_ws/src/install/parrot_v1_examples:/home/om/parrot_ws/src/install/parrot_v1_comms_test:/home/om/ros2_ws/install/turtlesim_catch_them_all:/home/om/ros2_ws/install/my_py_pkg:/opt/ros/humble /usr/bin/cmake --install /home/om/navros_ws/src/build/navros_firmware
[1.157s] -- Install configuration: ""
[1.157s] -- Installing: /home/om/navros_ws/src/install/navros_firmware/share/ament_index/resource_index/package_run_dependencies/navros_firmware
[1.158s] -- Installing: /home/om/navros_ws/src/install/navros_firmware/share/ament_index/resource_index/parent_prefix_path/navros_firmware
[1.158s] -- Installing: /home/om/navros_ws/src/install/navros_firmware/share/navros_firmware/environment/ament_prefix_path.sh
[1.158s] -- Installing: /home/om/navros_ws/src/install/navros_firmware/share/navros_firmware/environment/ament_prefix_path.dsv
[1.158s] -- Installing: /home/om/navros_ws/src/install/navros_firmware/share/navros_firmware/environment/path.sh
[1.158s] -- Installing: /home/om/navros_ws/src/install/navros_firmware/share/navros_firmware/environment/path.dsv
[1.158s] -- Installing: /home/om/navros_ws/src/install/navros_firmware/share/navros_firmware/local_setup.bash
[1.159s] -- Installing: /home/om/navros_ws/src/install/navros_firmware/share/navros_firmware/local_setup.sh
[1.159s] -- Installing: /home/om/navros_ws/src/install/navros_firmware/share/navros_firmware/local_setup.zsh
[1.159s] -- Installing: /home/om/navros_ws/src/install/navros_firmware/share/navros_firmware/local_setup.dsv
[1.159s] -- Installing: /home/om/navros_ws/src/install/navros_firmware/share/navros_firmware/package.dsv
[1.159s] -- Installing: /home/om/navros_ws/src/install/navros_firmware/share/ament_index/resource_index/packages/navros_firmware
[1.159s] -- Installing: /home/om/navros_ws/src/install/navros_firmware/share/navros_firmware/cmake/navros_firmwareConfig.cmake
[1.160s] -- Installing: /home/om/navros_ws/src/install/navros_firmware/share/navros_firmware/cmake/navros_firmwareConfig-version.cmake
[1.160s] -- Installing: /home/om/navros_ws/src/install/navros_firmware/share/navros_firmware/package.xml
[1.162s] Invoked command in '/home/om/navros_ws/src/build/navros_firmware' returned '0': CMAKE_PREFIX_PATH=${CMAKE_PREFIX_PATH}:/home/om/navros_ws/install/serial_motor_demo:/home/om/parrot_ws/install/parrot_v1_examples:/home/om/parrot_ws/install/parrot_v1_comms_test:/home/om/parrot_ws/install/parrot_cv_model:/home/om/ros2_udemy_manipulator_ws/install/arduinobot_py_examples:/home/om/parrot_ws/src/install/parrot_v1_examples:/home/om/parrot_ws/src/install/parrot_v1_comms_test:/home/om/ros2_ws/install/turtlesim_catch_them_all:/home/om/ros2_ws/install/my_py_pkg:/opt/ros/humble /usr/bin/cmake --install /home/om/navros_ws/src/build/navros_firmware
