[0.769s] Invoking command in '/home/om/navros_ws/src/serial_motor_demo': AMENT_PREFIX_PATH=/home/om/navros_ws/src/install/serial_motor_demo_msgs:${AMENT_PREFIX_PATH} CMAKE_PREFIX_PATH=/home/om/navros_ws/src/install/serial_motor_demo_msgs:${CMAKE_PREFIX_PATH} LD_LIBRARY_PATH=/home/om/navros_ws/src/install/serial_motor_demo_msgs/lib:/home/om/navros_ws/install/serial_motor_demo_msgs/lib:/home/om/parrot_ws/install/parrot_v1_msgs/lib:/home/om/ros2_udemy_manipulator_ws/install/arduinobot_remote/lib:/home/om/ros2_udemy_manipulator_ws/install/arduinobot_cpp_examples/lib:/home/om/ros2_udemy_manipulator_ws/install/arduinobot_msgs/lib:/home/om/ros2_ws/install/my_robot_interfaces/lib:/usr/lib/x86_64-linux-gnu/gazebo-11/plugins:/opt/ros/humble/opt/rviz_ogre_vendor/lib:/opt/ros/humble/lib/x86_64-linux-gnu:/opt/ros/humble/lib:/usr/share/gazebo/../../lib/x86_64-linux-gnu/gazebo-11/plugins:/usr/share/gazebo/../../lib/x86_64-linux-gnu/gazebo-11/plugins:/usr/share/gazebo/../../lib/x86_64-linux-gnu/gazebo-11/plugins PYTHONPATH=/home/om/navros_ws/src/build/serial_motor_demo/prefix_override:/home/om/navros_ws/src/install/serial_motor_demo/lib/python3.10/site-packages:/home/om/navros_ws/src/install/serial_motor_demo_msgs/local/lib/python3.10/dist-packages:${PYTHONPATH} /usr/bin/python3 -W ignore:setup.py install is deprecated setup.py egg_info --egg-base ../build/serial_motor_demo build --build-base /home/om/navros_ws/src/build/serial_motor_demo/build install --record /home/om/navros_ws/src/build/serial_motor_demo/install.log --single-version-externally-managed install_data
[0.987s] running egg_info
[0.987s] creating ../build/serial_motor_demo/serial_motor_demo.egg-info
[1.001s] writing ../build/serial_motor_demo/serial_motor_demo.egg-info/PKG-INFO
[1.001s] writing dependency_links to ../build/serial_motor_demo/serial_motor_demo.egg-info/dependency_links.txt
[1.001s] writing entry points to ../build/serial_motor_demo/serial_motor_demo.egg-info/entry_points.txt
[1.001s] writing requirements to ../build/serial_motor_demo/serial_motor_demo.egg-info/requires.txt
[1.001s] writing top-level names to ../build/serial_motor_demo/serial_motor_demo.egg-info/top_level.txt
[1.001s] writing manifest file '../build/serial_motor_demo/serial_motor_demo.egg-info/SOURCES.txt'
[1.030s] reading manifest file '../build/serial_motor_demo/serial_motor_demo.egg-info/SOURCES.txt'
[1.030s] writing manifest file '../build/serial_motor_demo/serial_motor_demo.egg-info/SOURCES.txt'
[1.030s] running build
[1.030s] running build_py
[1.031s] creating /home/om/navros_ws/src/build/serial_motor_demo/build
[1.031s] creating /home/om/navros_ws/src/build/serial_motor_demo/build/lib
[1.031s] creating /home/om/navros_ws/src/build/serial_motor_demo/build/lib/serial_motor_demo
[1.031s] copying serial_motor_demo/driver.py -> /home/om/navros_ws/src/build/serial_motor_demo/build/lib/serial_motor_demo
[1.031s] copying serial_motor_demo/__init__.py -> /home/om/navros_ws/src/build/serial_motor_demo/build/lib/serial_motor_demo
[1.032s] copying serial_motor_demo/gui.py -> /home/om/navros_ws/src/build/serial_motor_demo/build/lib/serial_motor_demo
[1.032s] running install
[1.036s] running install_lib
[1.050s] creating /home/om/navros_ws/src/install/serial_motor_demo/lib/python3.10/site-packages/serial_motor_demo
[1.050s] copying /home/om/navros_ws/src/build/serial_motor_demo/build/lib/serial_motor_demo/driver.py -> /home/om/navros_ws/src/install/serial_motor_demo/lib/python3.10/site-packages/serial_motor_demo
[1.050s] copying /home/om/navros_ws/src/build/serial_motor_demo/build/lib/serial_motor_demo/__init__.py -> /home/om/navros_ws/src/install/serial_motor_demo/lib/python3.10/site-packages/serial_motor_demo
[1.050s] copying /home/om/navros_ws/src/build/serial_motor_demo/build/lib/serial_motor_demo/gui.py -> /home/om/navros_ws/src/install/serial_motor_demo/lib/python3.10/site-packages/serial_motor_demo
[1.051s] byte-compiling /home/om/navros_ws/src/install/serial_motor_demo/lib/python3.10/site-packages/serial_motor_demo/driver.py to driver.cpython-310.pyc
[1.052s] byte-compiling /home/om/navros_ws/src/install/serial_motor_demo/lib/python3.10/site-packages/serial_motor_demo/__init__.py to __init__.cpython-310.pyc
[1.052s] byte-compiling /home/om/navros_ws/src/install/serial_motor_demo/lib/python3.10/site-packages/serial_motor_demo/gui.py to gui.cpython-310.pyc
[1.053s] running install_data
[1.053s] creating /home/om/navros_ws/src/install/serial_motor_demo/share/ament_index
[1.054s] creating /home/om/navros_ws/src/install/serial_motor_demo/share/ament_index/resource_index
[1.054s] creating /home/om/navros_ws/src/install/serial_motor_demo/share/ament_index/resource_index/packages
[1.054s] copying resource/serial_motor_demo -> /home/om/navros_ws/src/install/serial_motor_demo/share/ament_index/resource_index/packages
[1.054s] copying package.xml -> /home/om/navros_ws/src/install/serial_motor_demo/share/serial_motor_demo
[1.054s] running install_egg_info
[1.069s] Copying ../build/serial_motor_demo/serial_motor_demo.egg-info to /home/om/navros_ws/src/install/serial_motor_demo/lib/python3.10/site-packages/serial_motor_demo-0.0.0-py3.10.egg-info
[1.070s] running install_scripts
[1.194s] Installing driver script to /home/om/navros_ws/src/install/serial_motor_demo/lib/serial_motor_demo
[1.194s] Installing gui script to /home/om/navros_ws/src/install/serial_motor_demo/lib/serial_motor_demo
[1.194s] writing list of installed files to '/home/om/navros_ws/src/build/serial_motor_demo/install.log'
[1.219s] Invoked command in '/home/om/navros_ws/src/serial_motor_demo' returned '0': AMENT_PREFIX_PATH=/home/om/navros_ws/src/install/serial_motor_demo_msgs:${AMENT_PREFIX_PATH} CMAKE_PREFIX_PATH=/home/om/navros_ws/src/install/serial_motor_demo_msgs:${CMAKE_PREFIX_PATH} LD_LIBRARY_PATH=/home/om/navros_ws/src/install/serial_motor_demo_msgs/lib:/home/om/navros_ws/install/serial_motor_demo_msgs/lib:/home/om/parrot_ws/install/parrot_v1_msgs/lib:/home/om/ros2_udemy_manipulator_ws/install/arduinobot_remote/lib:/home/om/ros2_udemy_manipulator_ws/install/arduinobot_cpp_examples/lib:/home/om/ros2_udemy_manipulator_ws/install/arduinobot_msgs/lib:/home/om/ros2_ws/install/my_robot_interfaces/lib:/usr/lib/x86_64-linux-gnu/gazebo-11/plugins:/opt/ros/humble/opt/rviz_ogre_vendor/lib:/opt/ros/humble/lib/x86_64-linux-gnu:/opt/ros/humble/lib:/usr/share/gazebo/../../lib/x86_64-linux-gnu/gazebo-11/plugins:/usr/share/gazebo/../../lib/x86_64-linux-gnu/gazebo-11/plugins:/usr/share/gazebo/../../lib/x86_64-linux-gnu/gazebo-11/plugins PYTHONPATH=/home/om/navros_ws/src/build/serial_motor_demo/prefix_override:/home/om/navros_ws/src/install/serial_motor_demo/lib/python3.10/site-packages:/home/om/navros_ws/src/install/serial_motor_demo_msgs/local/lib/python3.10/dist-packages:${PYTHONPATH} /usr/bin/python3 -W ignore:setup.py install is deprecated setup.py egg_info --egg-base ../build/serial_motor_demo build --build-base /home/om/navros_ws/src/build/serial_motor_demo/build install --record /home/om/navros_ws/src/build/serial_motor_demo/install.log --single-version-externally-managed install_data
