[0.694s] Invoking command in '/home/om/navros_ws/src/serial_motor_demo': AMENT_PREFIX_PATH=/home/om/navros_ws/src/install/serial_motor_demo_msgs:${AMENT_PREFIX_PATH} CMAKE_PREFIX_PATH=/home/om/navros_ws/src/install/serial_motor_demo_msgs:${CMAKE_PREFIX_PATH} LD_LIBRARY_PATH=/home/om/navros_ws/src/install/serial_motor_demo_msgs/lib:/home/om/navros_ws/install/serial_motor_demo_msgs/lib:/home/om/parrot_ws/install/parrot_v1_msgs/lib:/home/om/ros2_udemy_manipulator_ws/install/arduinobot_remote/lib:/home/om/ros2_udemy_manipulator_ws/install/arduinobot_cpp_examples/lib:/home/om/ros2_udemy_manipulator_ws/install/arduinobot_msgs/lib:/home/om/parrot_ws/src/install/parrot_v1_msgs/lib:/home/om/ros2_ws/install/my_robot_interfaces/lib:/usr/lib/x86_64-linux-gnu/gazebo-11/plugins:/opt/ros/humble/opt/rviz_ogre_vendor/lib:/opt/ros/humble/lib/x86_64-linux-gnu:/opt/ros/humble/lib:/usr/share/gazebo/../../lib/x86_64-linux-gnu/gazebo-11/plugins PYTHONPATH=/home/om/navros_ws/src/build/serial_motor_demo/prefix_override:/usr/lib/python3/dist-packages/colcon_core/task/python/colcon_distutils_commands:/home/om/navros_ws/src/install/serial_motor_demo/lib/python3.10/site-packages:/home/om/navros_ws/src/install/serial_motor_demo_msgs/local/lib/python3.10/dist-packages:${PYTHONPATH} /usr/bin/python3 -W ignore:setup.py install is deprecated setup.py egg_info --egg-base ../build/serial_motor_demo build --build-base /home/om/navros_ws/src/build/serial_motor_demo/build install --record /home/om/navros_ws/src/build/serial_motor_demo/install.log --single-version-externally-managed install_data
[0.907s] running egg_info
[0.919s] writing ../build/serial_motor_demo/serial_motor_demo.egg-info/PKG-INFO
[0.920s] writing dependency_links to ../build/serial_motor_demo/serial_motor_demo.egg-info/dependency_links.txt
[0.920s] writing entry points to ../build/serial_motor_demo/serial_motor_demo.egg-info/entry_points.txt
[0.920s] writing requirements to ../build/serial_motor_demo/serial_motor_demo.egg-info/requires.txt
[0.920s] writing top-level names to ../build/serial_motor_demo/serial_motor_demo.egg-info/top_level.txt
[0.946s] reading manifest file '../build/serial_motor_demo/serial_motor_demo.egg-info/SOURCES.txt'
[0.947s] writing manifest file '../build/serial_motor_demo/serial_motor_demo.egg-info/SOURCES.txt'
[0.947s] running build
[0.947s] running build_py
[0.947s] copying serial_motor_demo/driver.py -> /home/om/navros_ws/src/build/serial_motor_demo/build/lib/serial_motor_demo
[0.947s] copying serial_motor_demo/__init__.py -> /home/om/navros_ws/src/build/serial_motor_demo/build/lib/serial_motor_demo
[0.947s] copying serial_motor_demo/gui.py -> /home/om/navros_ws/src/build/serial_motor_demo/build/lib/serial_motor_demo
[0.947s] running install
[0.951s] running install_lib
[0.965s] running install_data
[0.965s] copying resource/serial_motor_demo -> /home/om/navros_ws/src/install/serial_motor_demo/share/ament_index/resource_index/packages
[0.965s] copying package.xml -> /home/om/navros_ws/src/install/serial_motor_demo/share/serial_motor_demo
[0.965s] running install_egg_info
[0.979s] removing '/home/om/navros_ws/src/install/serial_motor_demo/lib/python3.10/site-packages/serial_motor_demo-0.0.0-py3.10.egg-info' (and everything under it)
[0.979s] Copying ../build/serial_motor_demo/serial_motor_demo.egg-info to /home/om/navros_ws/src/install/serial_motor_demo/lib/python3.10/site-packages/serial_motor_demo-0.0.0-py3.10.egg-info
[0.980s] running install_scripts
[1.099s] Installing driver script to /home/om/navros_ws/src/install/serial_motor_demo/lib/serial_motor_demo
[1.099s] Installing gui script to /home/om/navros_ws/src/install/serial_motor_demo/lib/serial_motor_demo
[1.099s] writing list of installed files to '/home/om/navros_ws/src/build/serial_motor_demo/install.log'
[1.121s] Invoked command in '/home/om/navros_ws/src/serial_motor_demo' returned '0': AMENT_PREFIX_PATH=/home/om/navros_ws/src/install/serial_motor_demo_msgs:${AMENT_PREFIX_PATH} CMAKE_PREFIX_PATH=/home/om/navros_ws/src/install/serial_motor_demo_msgs:${CMAKE_PREFIX_PATH} LD_LIBRARY_PATH=/home/om/navros_ws/src/install/serial_motor_demo_msgs/lib:/home/om/navros_ws/install/serial_motor_demo_msgs/lib:/home/om/parrot_ws/install/parrot_v1_msgs/lib:/home/om/ros2_udemy_manipulator_ws/install/arduinobot_remote/lib:/home/om/ros2_udemy_manipulator_ws/install/arduinobot_cpp_examples/lib:/home/om/ros2_udemy_manipulator_ws/install/arduinobot_msgs/lib:/home/om/parrot_ws/src/install/parrot_v1_msgs/lib:/home/om/ros2_ws/install/my_robot_interfaces/lib:/usr/lib/x86_64-linux-gnu/gazebo-11/plugins:/opt/ros/humble/opt/rviz_ogre_vendor/lib:/opt/ros/humble/lib/x86_64-linux-gnu:/opt/ros/humble/lib:/usr/share/gazebo/../../lib/x86_64-linux-gnu/gazebo-11/plugins PYTHONPATH=/home/om/navros_ws/src/build/serial_motor_demo/prefix_override:/usr/lib/python3/dist-packages/colcon_core/task/python/colcon_distutils_commands:/home/om/navros_ws/src/install/serial_motor_demo/lib/python3.10/site-packages:/home/om/navros_ws/src/install/serial_motor_demo_msgs/local/lib/python3.10/dist-packages:${PYTHONPATH} /usr/bin/python3 -W ignore:setup.py install is deprecated setup.py egg_info --egg-base ../build/serial_motor_demo build --build-base /home/om/navros_ws/src/build/serial_motor_demo/build install --record /home/om/navros_ws/src/build/serial_motor_demo/install.log --single-version-externally-managed install_data
