[0.023s] Invoking command in '/home/om/navros_ws/src/build/navros_firmware': CMAKE_PREFIX_PATH=${CMAKE_PREFIX_PATH}:/home/om/navros_ws/install/serial_motor_demo:/home/om/parrot_ws/install/parrot_v1_examples:/home/om/parrot_ws/install/parrot_v1_comms_test:/home/om/parrot_ws/install/parrot_cv_model:/home/om/ros2_udemy_manipulator_ws/install/arduinobot_py_examples:/home/om/parrot_ws/src/install/parrot_v1_examples:/home/om/parrot_ws/src/install/parrot_v1_comms_test:/home/om/ros2_ws/install/turtlesim_catch_them_all:/home/om/ros2_ws/install/my_py_pkg:/opt/ros/humble /usr/bin/cmake --build /home/om/navros_ws/src/build/navros_firmware -- -j16 -l16
[0.060s] Invoked command in '/home/om/navros_ws/src/build/navros_firmware' returned '0': CMAKE_PREFIX_PATH=${CMAKE_PREFIX_PATH}:/home/om/navros_ws/install/serial_motor_demo:/home/om/parrot_ws/install/parrot_v1_examples:/home/om/parrot_ws/install/parrot_v1_comms_test:/home/om/parrot_ws/install/parrot_cv_model:/home/om/ros2_udemy_manipulator_ws/install/arduinobot_py_examples:/home/om/parrot_ws/src/install/parrot_v1_examples:/home/om/parrot_ws/src/install/parrot_v1_comms_test:/home/om/ros2_ws/install/turtlesim_catch_them_all:/home/om/ros2_ws/install/my_py_pkg:/opt/ros/humble /usr/bin/cmake --build /home/om/navros_ws/src/build/navros_firmware -- -j16 -l16
[0.100s] Invoking command in '/home/om/navros_ws/src/build/navros_firmware': CMAKE_PREFIX_PATH=${CMAKE_PREFIX_PATH}:/home/om/navros_ws/install/serial_motor_demo:/home/om/parrot_ws/install/parrot_v1_examples:/home/om/parrot_ws/install/parrot_v1_comms_test:/home/om/parrot_ws/install/parrot_cv_model:/home/om/ros2_udemy_manipulator_ws/install/arduinobot_py_examples:/home/om/parrot_ws/src/install/parrot_v1_examples:/home/om/parrot_ws/src/install/parrot_v1_comms_test:/home/om/ros2_ws/install/turtlesim_catch_them_all:/home/om/ros2_ws/install/my_py_pkg:/opt/ros/humble /usr/bin/cmake --install /home/om/navros_ws/src/build/navros_firmware
[0.110s] -- Install configuration: ""
[0.110s] -- Up-to-date: /home/om/navros_ws/src/install/navros_firmware/share/ament_index/resource_index/package_run_dependencies/navros_firmware
[0.111s] -- Up-to-date: /home/om/navros_ws/src/install/navros_firmware/share/ament_index/resource_index/parent_prefix_path/navros_firmware
[0.112s] -- Up-to-date: /home/om/navros_ws/src/install/navros_firmware/share/navros_firmware/environment/ament_prefix_path.sh
[0.112s] -- Up-to-date: /home/om/navros_ws/src/install/navros_firmware/share/navros_firmware/environment/ament_prefix_path.dsv
[0.112s] -- Up-to-date: /home/om/navros_ws/src/install/navros_firmware/share/navros_firmware/environment/path.sh
[0.112s] -- Up-to-date: /home/om/navros_ws/src/install/navros_firmware/share/navros_firmware/environment/path.dsv
[0.112s] -- Up-to-date: /home/om/navros_ws/src/install/navros_firmware/share/navros_firmware/local_setup.bash
[0.112s] -- Up-to-date: /home/om/navros_ws/src/install/navros_firmware/share/navros_firmware/local_setup.sh
[0.112s] -- Up-to-date: /home/om/navros_ws/src/install/navros_firmware/share/navros_firmware/local_setup.zsh
[0.112s] -- Up-to-date: /home/om/navros_ws/src/install/navros_firmware/share/navros_firmware/local_setup.dsv
[0.113s] -- Installing: /home/om/navros_ws/src/install/navros_firmware/share/navros_firmware/package.dsv
[0.113s] -- Up-to-date: /home/om/navros_ws/src/install/navros_firmware/share/ament_index/resource_index/packages/navros_firmware
[0.113s] -- Up-to-date: /home/om/navros_ws/src/install/navros_firmware/share/navros_firmware/cmake/navros_firmwareConfig.cmake
[0.113s] -- Up-to-date: /home/om/navros_ws/src/install/navros_firmware/share/navros_firmware/cmake/navros_firmwareConfig-version.cmake
[0.113s] -- Up-to-date: /home/om/navros_ws/src/install/navros_firmware/share/navros_firmware/package.xml
[0.136s] Invoked command in '/home/om/navros_ws/src/build/navros_firmware' returned '0': CMAKE_PREFIX_PATH=${CMAKE_PREFIX_PATH}:/home/om/navros_ws/install/serial_motor_demo:/home/om/parrot_ws/install/parrot_v1_examples:/home/om/parrot_ws/install/parrot_v1_comms_test:/home/om/parrot_ws/install/parrot_cv_model:/home/om/ros2_udemy_manipulator_ws/install/arduinobot_py_examples:/home/om/parrot_ws/src/install/parrot_v1_examples:/home/om/parrot_ws/src/install/parrot_v1_comms_test:/home/om/ros2_ws/install/turtlesim_catch_them_all:/home/om/ros2_ws/install/my_py_pkg:/opt/ros/humble /usr/bin/cmake --install /home/om/navros_ws/src/build/navros_firmware
